2020-03-23 07:43:52.060 [restartedMain] INFO  com.sz.gym.GymApplication - Starting GymApplication on DESKTOP-R9H54P2 with PID 23380 (D:\Git\MrshenS\graduationProject\gym\target\classes started by 10518 in D:\Git\MrshenS\graduationProject\gym)
2020-03-23 07:43:52.071 [restartedMain] DEBUG com.sz.gym.GymApplication - Running with Spring Boot v2.2.2.RELEASE, Spring v5.2.2.RELEASE
2020-03-23 07:43:52.072 [restartedMain] INFO  com.sz.gym.GymApplication - No active profile set, falling back to default profiles: default
2020-03-23 07:43:53.955 [restartedMain] DEBUG org.apache.ibatis.logging.LogFactory - Logging initialized using 'class org.apache.ibatis.logging.slf4j.Slf4jImpl' adapter.
2020-03-23 07:43:55.391 [restartedMain] INFO  org.apache.coyote.http11.Http11NioProtocol - Initializing ProtocolHandler ["http-nio-8099"]
2020-03-23 07:43:55.391 [restartedMain] INFO  org.apache.catalina.core.StandardService - Starting service [Tomcat]
2020-03-23 07:43:55.391 [restartedMain] INFO  org.apache.catalina.core.StandardEngine - Starting Servlet engine: [Apache Tomcat/9.0.29]
2020-03-23 07:43:55.553 [restartedMain] INFO  o.a.c.core.ContainerBase.[Tomcat].[localhost].[/] - Initializing Spring embedded WebApplicationContext
2020-03-23 07:43:57.537 [restartedMain] DEBUG o.h.v.i.engine.resolver.TraversableResolvers - Cannot find javax.persistence.Persistence on classpath. Assuming non JPA 2 environment. All properties will per default be traversable.
2020-03-23 07:43:57.537 [restartedMain] DEBUG o.h.v.m.ResourceBundleMessageInterpolator - Loaded expression factory via original TCCL
2020-03-23 07:43:57.537 [restartedMain] DEBUG o.h.v.i.engine.resolver.TraversableResolvers - Cannot find javax.persistence.Persistence on classpath. Assuming non JPA 2 environment. All properties will per default be traversable.
2020-03-23 07:43:57.537 [restartedMain] DEBUG o.h.validator.internal.engine.ConfigurationImpl - Setting custom MessageInterpolator of type org.springframework.validation.beanvalidation.LocaleContextMessageInterpolator
2020-03-23 07:43:57.537 [restartedMain] DEBUG o.h.validator.internal.engine.ConfigurationImpl - Setting custom ConstraintValidatorFactory of type org.springframework.validation.beanvalidation.SpringConstraintValidatorFactory
2020-03-23 07:43:57.537 [restartedMain] DEBUG o.h.validator.internal.engine.ConfigurationImpl - Setting custom ParameterNameProvider of type org.springframework.validation.beanvalidation.LocalValidatorFactoryBean$1
2020-03-23 07:43:57.547 [restartedMain] DEBUG o.h.v.internal.xml.config.ValidationXmlParser - Trying to load META-INF/validation.xml for XML based Validator configuration.
2020-03-23 07:43:57.547 [restartedMain] DEBUG o.h.v.internal.xml.config.ResourceLoaderHelper - Trying to load META-INF/validation.xml via user class loader
2020-03-23 07:43:57.548 [restartedMain] DEBUG o.h.v.internal.xml.config.ResourceLoaderHelper - Trying to load META-INF/validation.xml via TCCL
2020-03-23 07:43:57.548 [restartedMain] DEBUG o.h.v.internal.xml.config.ResourceLoaderHelper - Trying to load META-INF/validation.xml via Hibernate Validator's class loader
2020-03-23 07:43:57.548 [restartedMain] DEBUG o.h.v.internal.xml.config.ValidationXmlParser - No META-INF/validation.xml found. Using annotation based configuration only.
2020-03-23 07:43:57.553 [restartedMain] DEBUG o.h.validator.internal.engine.ValidatorFactoryImpl - HV000234: Using org.springframework.validation.beanvalidation.LocaleContextMessageInterpolator as ValidatorFactory-scoped message interpolator.
2020-03-23 07:43:57.553 [restartedMain] DEBUG o.h.validator.internal.engine.ValidatorFactoryImpl - HV000234: Using org.hibernate.validator.internal.engine.resolver.TraverseAllTraversableResolver as ValidatorFactory-scoped traversable resolver.
2020-03-23 07:43:57.553 [restartedMain] DEBUG o.h.validator.internal.engine.ValidatorFactoryImpl - HV000234: Using org.hibernate.validator.internal.util.ExecutableParameterNameProvider as ValidatorFactory-scoped parameter name provider.
2020-03-23 07:43:57.553 [restartedMain] DEBUG o.h.validator.internal.engine.ValidatorFactoryImpl - HV000234: Using org.hibernate.validator.internal.engine.DefaultClockProvider as ValidatorFactory-scoped clock provider.
2020-03-23 07:43:57.553 [restartedMain] DEBUG o.h.validator.internal.engine.ValidatorFactoryImpl - HV000234: Using org.hibernate.validator.internal.engine.scripting.DefaultScriptEvaluatorFactory as ValidatorFactory-scoped script evaluator factory.
2020-03-23 07:43:59.013 [restartedMain] WARN  o.s.b.s.r.RedisStarterDeprecationWarningAutoConfiguration - spring-boot-starter-redis is deprecated as of Spring Boot 1.4, please migrate to spring-boot-starter-data-redis
2020-03-23 07:43:59.064 [restartedMain] INFO  org.apache.coyote.http11.Http11NioProtocol - Starting ProtocolHandler ["http-nio-8099"]
2020-03-23 07:43:59.104 [restartedMain] INFO  com.sz.gym.GymApplication - Started GymApplication in 8.034 seconds (JVM running for 10.591)
2020-03-23 07:43:59.104 [restartedMain] INFO  com.sz.gym.listener.StartedListener - 本项目spring容器共管理268个类
2020-03-23 07:43:59.104 [restartedMain] INFO  com.sz.gym.listener.StartedListener - welcome to 世界五百强健身房管理系统  颤抖凡人
2020-03-23 07:43:59.104 [restartedMain] INFO  com.sz.gym.listener.StartedListener - GYM World started at         http://192.168.0.119:8099
2020-03-23 07:43:59.104 [restartedMain] INFO  com.sz.gym.listener.StartedListener - 启动时间为：Mon Mar 23 07:43:59 CST 2020
2020-03-23 07:44:19.050 [http-nio-8099-exec-5] INFO  o.a.c.core.ContainerBase.[Tomcat].[localhost].[/] - Initializing Spring DispatcherServlet 'dispatcherServlet'
2020-03-23 07:44:19.090 [http-nio-8099-exec-5] INFO  com.sz.gym.aspect.ControllerAspect - 访问的URL : http://127.0.0.1:8099/api/activity/OfDashboard
2020-03-23 07:44:19.090 [http-nio-8099-exec-2] INFO  com.sz.gym.aspect.ControllerAspect - 访问的URL : http://127.0.0.1:8099/api/dashboard/facilitiesRatio
2020-03-23 07:44:19.090 [http-nio-8099-exec-1] INFO  com.sz.gym.aspect.ControllerAspect - 访问的URL : http://127.0.0.1:8099/api/dashboard/headerNumber
2020-03-23 07:44:19.090 [http-nio-8099-exec-4] INFO  com.sz.gym.aspect.ControllerAspect - 访问的URL : http://127.0.0.1:8099/api/dashboard/GetOptions
2020-03-23 07:44:19.090 [http-nio-8099-exec-3] INFO  com.sz.gym.aspect.ControllerAspect - 访问的URL : http://127.0.0.1:8099/api/employee
2020-03-23 07:44:19.090 [http-nio-8099-exec-4] INFO  com.sz.gym.aspect.ControllerAspect - 请求方法 : GET
2020-03-23 07:44:19.090 [http-nio-8099-exec-3] INFO  com.sz.gym.aspect.ControllerAspect - 请求方法 : GET
2020-03-23 07:44:19.090 [http-nio-8099-exec-5] INFO  com.sz.gym.aspect.ControllerAspect - 请求方法 : GET
2020-03-23 07:44:19.090 [http-nio-8099-exec-2] INFO  com.sz.gym.aspect.ControllerAspect - 请求方法 : GET
2020-03-23 07:44:19.090 [http-nio-8099-exec-4] INFO  com.sz.gym.aspect.ControllerAspect - 请求IP地址 : 127.0.0.1
2020-03-23 07:44:19.090 [http-nio-8099-exec-3] INFO  com.sz.gym.aspect.ControllerAspect - 请求IP地址 : 127.0.0.1
2020-03-23 07:44:19.090 [http-nio-8099-exec-5] INFO  com.sz.gym.aspect.ControllerAspect - 请求IP地址 : 127.0.0.1
2020-03-23 07:44:19.090 [http-nio-8099-exec-1] INFO  com.sz.gym.aspect.ControllerAspect - 请求方法 : GET
2020-03-23 07:44:19.090 [http-nio-8099-exec-2] INFO  com.sz.gym.aspect.ControllerAspect - 请求IP地址 : 127.0.0.1
2020-03-23 07:44:19.090 [http-nio-8099-exec-1] INFO  com.sz.gym.aspect.ControllerAspect - 请求IP地址 : 127.0.0.1
2020-03-23 07:44:19.090 [http-nio-8099-exec-1] INFO  com.sz.gym.aspect.ControllerAspect - 请求参数 : []
2020-03-23 07:44:19.090 [http-nio-8099-exec-2] INFO  com.sz.gym.aspect.ControllerAspect - 请求参数 : []
2020-03-23 07:44:19.090 [http-nio-8099-exec-5] INFO  com.sz.gym.aspect.ControllerAspect - 请求参数 : []
2020-03-23 07:44:19.090 [http-nio-8099-exec-4] INFO  com.sz.gym.aspect.ControllerAspect - 请求参数 : []
2020-03-23 07:44:19.090 [http-nio-8099-exec-3] INFO  com.sz.gym.aspect.ControllerAspect - 请求参数 : []
2020-03-23 07:44:19.093 [http-nio-8099-exec-5] INFO  com.sz.gym.aspect.ControllerAspect - ################CLASS_METHOD : com.sz.gym.web.controller.ActivityController.getActivityOfDashboard
2020-03-23 07:44:19.093 [http-nio-8099-exec-4] INFO  com.sz.gym.aspect.ControllerAspect - ################CLASS_METHOD : com.sz.gym.web.controller.DashboardController.getDashboardSchartOfOptions
2020-03-23 07:44:19.093 [http-nio-8099-exec-1] INFO  com.sz.gym.aspect.ControllerAspect - ################CLASS_METHOD : com.sz.gym.web.controller.DashboardController.headerNumber
2020-03-23 07:44:19.093 [http-nio-8099-exec-3] INFO  com.sz.gym.aspect.ControllerAspect - ################CLASS_METHOD : com.sz.gym.web.controller.EmployeeController.getAllEmployee
2020-03-23 07:44:19.094 [http-nio-8099-exec-5] INFO  com.sz.gym.aspect.ControllerAspect - ################TARGET: com.sz.gym.web.controller.ActivityController@1555923
2020-03-23 07:44:19.093 [http-nio-8099-exec-2] INFO  com.sz.gym.aspect.ControllerAspect - ################CLASS_METHOD : com.sz.gym.web.controller.DashboardController.getFacilitiesRatios
2020-03-23 07:44:19.094 [http-nio-8099-exec-4] INFO  com.sz.gym.aspect.ControllerAspect - ################TARGET: com.sz.gym.web.controller.DashboardController@2b59fc37
2020-03-23 07:44:19.094 [http-nio-8099-exec-5] WARN  com.sz.gym.aspect.ControllerAspect - ======================请妥善使用SpringAOP功能================
2020-03-23 07:44:19.094 [http-nio-8099-exec-2] INFO  com.sz.gym.aspect.ControllerAspect - ################TARGET: com.sz.gym.web.controller.DashboardController@2b59fc37
2020-03-23 07:44:19.094 [http-nio-8099-exec-1] INFO  com.sz.gym.aspect.ControllerAspect - ################TARGET: com.sz.gym.web.controller.DashboardController@2b59fc37
2020-03-23 07:44:19.094 [http-nio-8099-exec-3] INFO  com.sz.gym.aspect.ControllerAspect - ################TARGET: com.sz.gym.web.controller.EmployeeController@5b88556b
2020-03-23 07:44:19.094 [http-nio-8099-exec-4] WARN  com.sz.gym.aspect.ControllerAspect - ======================请妥善使用SpringAOP功能================
2020-03-23 07:44:19.094 [http-nio-8099-exec-1] WARN  com.sz.gym.aspect.ControllerAspect - ======================请妥善使用SpringAOP功能================
2020-03-23 07:44:19.094 [http-nio-8099-exec-3] WARN  com.sz.gym.aspect.ControllerAspect - ======================请妥善使用SpringAOP功能================
2020-03-23 07:44:19.094 [http-nio-8099-exec-5] INFO  com.sz.gym.aspect.ControllerAspect - ################THIS: com.sz.gym.web.controller.ActivityController@1555923
2020-03-23 07:44:19.094 [http-nio-8099-exec-2] WARN  com.sz.gym.aspect.ControllerAspect - ======================请妥善使用SpringAOP功能================
2020-03-23 07:44:19.094 [http-nio-8099-exec-1] INFO  com.sz.gym.aspect.ControllerAspect - ################THIS: com.sz.gym.web.controller.DashboardController@2b59fc37
2020-03-23 07:44:19.094 [http-nio-8099-exec-2] INFO  com.sz.gym.aspect.ControllerAspect - ################THIS: com.sz.gym.web.controller.DashboardController@2b59fc37
2020-03-23 07:44:19.094 [http-nio-8099-exec-3] INFO  com.sz.gym.aspect.ControllerAspect - ################THIS: com.sz.gym.web.controller.EmployeeController@5b88556b
2020-03-23 07:44:19.094 [http-nio-8099-exec-4] INFO  com.sz.gym.aspect.ControllerAspect - ################THIS: com.sz.gym.web.controller.DashboardController@2b59fc37
2020-03-23 07:44:19.101 [http-nio-8099-exec-2] INFO  com.sz.gym.web.controller.DashboardController - ====================接收请求获取首页器械比例============================
2020-03-23 07:44:19.102 [http-nio-8099-exec-1] INFO  com.sz.gym.web.controller.DashboardController - 接收请求获取首页的员工 器械 和顾客 数量信息
2020-03-23 07:44:19.108 [http-nio-8099-exec-1] INFO  com.sz.gym.service.impl.DashboardServiceImpl - 获取首页的数量信息
2020-03-23 07:44:20.441 [http-nio-8099-exec-2] INFO  com.sz.gym.service.impl.DashboardServiceImpl - ==================获取首页的数量信息========Service================
2020-03-23 07:44:20.458 [http-nio-8099-exec-2] DEBUG com.sz.gym.dao.FacilitiesMapper.selectByExample - ==>  Preparing: select id, facilities_name, number, create_time, update_time, discription, facilities_Status, price, facilities_type from facilities 
2020-03-23 07:44:20.497 [http-nio-8099-exec-4] DEBUG com.sz.gym.dao.FinanceMapper.selectByExample - ==>  Preparing: select finance_id, finance_name, finance_description, finance_type, create_time, money, finance_reclassify from finance WHERE ( create_time between ? and ? ) 
2020-03-23 07:44:20.506 [http-nio-8099-exec-1] DEBUG com.sz.gym.dao.CustomerMapper.selectByExample - ==>  Preparing: select customer_id, customer_name, customer_phone, customer_type, customer_residueTime, create_time, update_time, birthday, customer_address, customer_description from customer 
2020-03-23 07:44:20.506 [http-nio-8099-exec-1] DEBUG com.sz.gym.dao.CustomerMapper.selectByExample - ==> Parameters: 
2020-03-23 07:44:20.506 [http-nio-8099-exec-2] DEBUG com.sz.gym.dao.FacilitiesMapper.selectByExample - ==> Parameters: 
2020-03-23 07:44:20.515 [http-nio-8099-exec-4] DEBUG com.sz.gym.dao.FinanceMapper.selectByExample - ==> Parameters: 2020-03-20 07:44:20.0(Timestamp), 2020-03-23 07:44:20.479(Timestamp)
2020-03-23 07:44:20.547 [http-nio-8099-exec-3] DEBUG com.sz.gym.dao.EmployeeMapper.selectByExample - ==>  Preparing: select employee_id, employee_name, employee_password, employee_post, CREATE_TIME, update_time, salary, employee_relname, employee_phone, employee_email, employee_address from employee 
2020-03-23 07:44:20.547 [http-nio-8099-exec-3] DEBUG com.sz.gym.dao.EmployeeMapper.selectByExample - ==> Parameters: 
2020-03-23 07:44:20.563 [http-nio-8099-exec-4] DEBUG com.sz.gym.dao.FinanceMapper.selectByExample - <==      Total: 4
2020-03-23 07:44:20.564 [http-nio-8099-exec-3] DEBUG com.sz.gym.dao.EmployeeMapper.selectByExample - <==      Total: 4
2020-03-23 07:44:20.565 [http-nio-8099-exec-1] DEBUG com.sz.gym.dao.CustomerMapper.selectByExample - <==      Total: 4
2020-03-23 07:44:20.568 [http-nio-8099-exec-2] DEBUG com.sz.gym.dao.FacilitiesMapper.selectByExample - <==      Total: 9
2020-03-23 07:44:20.569 [http-nio-8099-exec-5] DEBUG com.sz.gym.dao.ActivityMapper.selectByExample - ==>  Preparing: select activity_id, activity_name, activity_description, activity_user, activity_residueTime, create_time, update_time, activity_status from activity 
2020-03-23 07:44:20.569 [http-nio-8099-exec-5] DEBUG com.sz.gym.dao.ActivityMapper.selectByExample - ==> Parameters: 
2020-03-23 07:44:20.576 [http-nio-8099-exec-2] DEBUG com.sz.gym.service.impl.DashboardServiceImpl - =======================计算不同的比列==============================
2020-03-23 07:44:20.577 [http-nio-8099-exec-2] DEBUG com.sz.gym.service.impl.DashboardServiceImpl - ==================有氧健身：22
2020-03-23 07:44:20.578 [http-nio-8099-exec-1] DEBUG com.sz.gym.dao.FacilitiesMapper.selectByExample - ==>  Preparing: select id, facilities_name, number, create_time, update_time, discription, facilities_Status, price, facilities_type from facilities 
2020-03-23 07:44:20.580 [http-nio-8099-exec-1] DEBUG com.sz.gym.dao.FacilitiesMapper.selectByExample - ==> Parameters: 
2020-03-23 07:44:20.580 [http-nio-8099-exec-5] DEBUG com.sz.gym.dao.ActivityMapper.selectByExample - <==      Total: 8
2020-03-23 07:44:20.590 [http-nio-8099-exec-1] DEBUG com.sz.gym.dao.FacilitiesMapper.selectByExample - <==      Total: 9
2020-03-23 07:44:20.595 [http-nio-8099-exec-1] DEBUG com.sz.gym.dao.EmployeeMapper.selectByExample - ==>  Preparing: select employee_id, employee_name, employee_password, employee_post, CREATE_TIME, update_time, salary, employee_relname, employee_phone, employee_email, employee_address from employee 
2020-03-23 07:44:20.595 [http-nio-8099-exec-1] DEBUG com.sz.gym.dao.EmployeeMapper.selectByExample - ==> Parameters: 
2020-03-23 07:44:20.598 [http-nio-8099-exec-1] DEBUG com.sz.gym.dao.EmployeeMapper.selectByExample - <==      Total: 4
2020-03-23 07:44:29.818 [http-nio-8099-exec-6] INFO  com.sz.gym.aspect.ControllerAspect - 访问的URL : http://127.0.0.1:8099/api/employeeShow
2020-03-23 07:44:29.818 [http-nio-8099-exec-6] INFO  com.sz.gym.aspect.ControllerAspect - 请求方法 : GET
2020-03-23 07:44:29.818 [http-nio-8099-exec-6] INFO  com.sz.gym.aspect.ControllerAspect - 请求IP地址 : 127.0.0.1
2020-03-23 07:44:29.818 [http-nio-8099-exec-6] INFO  com.sz.gym.aspect.ControllerAspect - 请求参数 : []
2020-03-23 07:44:29.818 [http-nio-8099-exec-6] INFO  com.sz.gym.aspect.ControllerAspect - ################CLASS_METHOD : com.sz.gym.web.controller.EmployeeController.getEmployeeShow
2020-03-23 07:44:29.818 [http-nio-8099-exec-6] INFO  com.sz.gym.aspect.ControllerAspect - ################TARGET: com.sz.gym.web.controller.EmployeeController@5b88556b
2020-03-23 07:44:29.818 [http-nio-8099-exec-6] WARN  com.sz.gym.aspect.ControllerAspect - ======================请妥善使用SpringAOP功能================
2020-03-23 07:44:29.818 [http-nio-8099-exec-6] INFO  com.sz.gym.aspect.ControllerAspect - ################THIS: com.sz.gym.web.controller.EmployeeController@5b88556b
2020-03-23 07:44:29.820 [http-nio-8099-exec-6] DEBUG com.sz.gym.dao.EmployeeMapper.selectByExample - ==>  Preparing: select employee_id, employee_name, employee_password, employee_post, CREATE_TIME, update_time, salary, employee_relname, employee_phone, employee_email, employee_address from employee 
2020-03-23 07:44:29.821 [http-nio-8099-exec-6] DEBUG com.sz.gym.dao.EmployeeMapper.selectByExample - ==> Parameters: 
2020-03-23 07:44:29.822 [http-nio-8099-exec-6] DEBUG com.sz.gym.dao.EmployeeMapper.selectByExample - <==      Total: 4
2020-03-23 07:44:30.500 [http-nio-8099-exec-7] INFO  com.sz.gym.aspect.ControllerAspect - 访问的URL : http://127.0.0.1:8099/api/Customer
2020-03-23 07:44:30.500 [http-nio-8099-exec-7] INFO  com.sz.gym.aspect.ControllerAspect - 请求方法 : GET
2020-03-23 07:44:30.501 [http-nio-8099-exec-7] INFO  com.sz.gym.aspect.ControllerAspect - 请求IP地址 : 127.0.0.1
2020-03-23 07:44:30.501 [http-nio-8099-exec-7] INFO  com.sz.gym.aspect.ControllerAspect - 请求参数 : []
2020-03-23 07:44:30.501 [http-nio-8099-exec-7] INFO  com.sz.gym.aspect.ControllerAspect - ################CLASS_METHOD : com.sz.gym.web.controller.CustomerController.getCustomerAll
2020-03-23 07:44:30.501 [http-nio-8099-exec-7] INFO  com.sz.gym.aspect.ControllerAspect - ################TARGET: com.sz.gym.web.controller.CustomerController@1a91e1b
2020-03-23 07:44:30.501 [http-nio-8099-exec-7] WARN  com.sz.gym.aspect.ControllerAspect - ======================请妥善使用SpringAOP功能================
2020-03-23 07:44:30.501 [http-nio-8099-exec-7] INFO  com.sz.gym.aspect.ControllerAspect - ################THIS: com.sz.gym.web.controller.CustomerController@1a91e1b
2020-03-23 07:44:30.510 [http-nio-8099-exec-7] DEBUG com.sz.gym.dao.CustomerMapper.selectByExample - ==>  Preparing: select customer_id, customer_name, customer_phone, customer_type, customer_residueTime, create_time, update_time, birthday, customer_address, customer_description from customer 
2020-03-23 07:44:30.511 [http-nio-8099-exec-7] DEBUG com.sz.gym.dao.CustomerMapper.selectByExample - ==> Parameters: 
2020-03-23 07:44:30.514 [http-nio-8099-exec-7] DEBUG com.sz.gym.dao.CustomerMapper.selectByExample - <==      Total: 4
2020-03-23 07:44:33.475 [http-nio-8099-exec-8] INFO  com.sz.gym.aspect.ControllerAspect - 访问的URL : http://127.0.0.1:8099/api/Category
2020-03-23 07:44:33.476 [http-nio-8099-exec-8] INFO  com.sz.gym.aspect.ControllerAspect - 请求方法 : GET
2020-03-23 07:44:33.476 [http-nio-8099-exec-8] INFO  com.sz.gym.aspect.ControllerAspect - 请求IP地址 : 127.0.0.1
2020-03-23 07:44:33.476 [http-nio-8099-exec-8] INFO  com.sz.gym.aspect.ControllerAspect - 请求参数 : []
2020-03-23 07:44:33.476 [http-nio-8099-exec-8] INFO  com.sz.gym.aspect.ControllerAspect - ################CLASS_METHOD : com.sz.gym.web.controller.CategoryController.getCategory
2020-03-23 07:44:33.477 [http-nio-8099-exec-8] INFO  com.sz.gym.aspect.ControllerAspect - ################TARGET: com.sz.gym.web.controller.CategoryController@57e20a71
2020-03-23 07:44:33.477 [http-nio-8099-exec-8] WARN  com.sz.gym.aspect.ControllerAspect - ======================请妥善使用SpringAOP功能================
2020-03-23 07:44:33.477 [http-nio-8099-exec-8] INFO  com.sz.gym.aspect.ControllerAspect - ################THIS: com.sz.gym.web.controller.CategoryController@57e20a71
2020-03-23 07:44:33.483 [http-nio-8099-exec-8] DEBUG com.sz.gym.dao.CategoryMapper.selectByExample - ==>  Preparing: select category_id, category_name, category_type, create_time, update_time from category 
2020-03-23 07:44:33.484 [http-nio-8099-exec-8] DEBUG com.sz.gym.dao.CategoryMapper.selectByExample - ==> Parameters: 
2020-03-23 07:44:33.486 [http-nio-8099-exec-8] DEBUG com.sz.gym.dao.CategoryMapper.selectByExample - <==      Total: 5
2020-03-23 07:44:33.486 [http-nio-8099-exec-8] DEBUG com.sz.gym.service.impl.CategoryServiceImpl - 共查询出类目种类5个
2020-03-23 07:44:34.216 [http-nio-8099-exec-9] INFO  com.sz.gym.aspect.ControllerAspect - 访问的URL : http://127.0.0.1:8099/api/Facilities
2020-03-23 07:44:34.216 [http-nio-8099-exec-9] INFO  com.sz.gym.aspect.ControllerAspect - 请求方法 : GET
2020-03-23 07:44:34.216 [http-nio-8099-exec-9] INFO  com.sz.gym.aspect.ControllerAspect - 请求IP地址 : 127.0.0.1
2020-03-23 07:44:34.216 [http-nio-8099-exec-9] INFO  com.sz.gym.aspect.ControllerAspect - 请求参数 : []
2020-03-23 07:44:34.216 [http-nio-8099-exec-9] INFO  com.sz.gym.aspect.ControllerAspect - ################CLASS_METHOD : com.sz.gym.web.controller.FacilitiesController.getFacilities
2020-03-23 07:44:34.216 [http-nio-8099-exec-9] INFO  com.sz.gym.aspect.ControllerAspect - ################TARGET: com.sz.gym.web.controller.FacilitiesController@21a71e75
2020-03-23 07:44:34.216 [http-nio-8099-exec-9] WARN  com.sz.gym.aspect.ControllerAspect - ======================请妥善使用SpringAOP功能================
2020-03-23 07:44:34.216 [http-nio-8099-exec-9] INFO  com.sz.gym.aspect.ControllerAspect - ################THIS: com.sz.gym.web.controller.FacilitiesController@21a71e75
2020-03-23 07:44:34.230 [http-nio-8099-exec-9] DEBUG com.sz.gym.dao.FacilitiesMapper.selectByExample - ==>  Preparing: select id, facilities_name, number, create_time, update_time, discription, facilities_Status, price, facilities_type from facilities 
2020-03-23 07:44:34.230 [http-nio-8099-exec-9] DEBUG com.sz.gym.dao.FacilitiesMapper.selectByExample - ==> Parameters: 
2020-03-23 07:44:34.234 [http-nio-8099-exec-10] INFO  com.sz.gym.aspect.ControllerAspect - 访问的URL : http://127.0.0.1:8099/api/Category/CategoryType
2020-03-23 07:44:34.234 [http-nio-8099-exec-10] INFO  com.sz.gym.aspect.ControllerAspect - 请求方法 : GET
2020-03-23 07:44:34.235 [http-nio-8099-exec-10] INFO  com.sz.gym.aspect.ControllerAspect - 请求IP地址 : 127.0.0.1
2020-03-23 07:44:34.235 [http-nio-8099-exec-10] INFO  com.sz.gym.aspect.ControllerAspect - 请求参数 : [facilities]
2020-03-23 07:44:34.235 [http-nio-8099-exec-10] INFO  com.sz.gym.aspect.ControllerAspect - ################CLASS_METHOD : com.sz.gym.web.controller.CategoryController.getCategory
2020-03-23 07:44:34.235 [http-nio-8099-exec-10] INFO  com.sz.gym.aspect.ControllerAspect - ################TARGET: com.sz.gym.web.controller.CategoryController@57e20a71
2020-03-23 07:44:34.235 [http-nio-8099-exec-10] WARN  com.sz.gym.aspect.ControllerAspect - ======================请妥善使用SpringAOP功能================
2020-03-23 07:44:34.235 [http-nio-8099-exec-9] DEBUG com.sz.gym.dao.FacilitiesMapper.selectByExample - <==      Total: 9
2020-03-23 07:44:34.235 [http-nio-8099-exec-10] INFO  com.sz.gym.aspect.ControllerAspect - ################THIS: com.sz.gym.web.controller.CategoryController@57e20a71
2020-03-23 07:44:34.235 [http-nio-8099-exec-10] INFO  com.sz.gym.web.controller.CategoryController - 打印请求参数：facilities
2020-03-23 07:44:34.240 [http-nio-8099-exec-10] DEBUG com.sz.gym.dao.CategoryMapper.selectByExample - ==>  Preparing: select category_id, category_name, category_type, create_time, update_time from category WHERE ( category_type = ? ) 
2020-03-23 07:44:34.240 [http-nio-8099-exec-10] DEBUG com.sz.gym.dao.CategoryMapper.selectByExample - ==> Parameters: facilities(String)
2020-03-23 07:44:34.242 [http-nio-8099-exec-10] DEBUG com.sz.gym.dao.CategoryMapper.selectByExample - <==      Total: 3
2020-03-23 07:44:34.962 [http-nio-8099-exec-1] INFO  com.sz.gym.aspect.ControllerAspect - 访问的URL : http://127.0.0.1:8099/api/Product
2020-03-23 07:44:34.963 [http-nio-8099-exec-1] INFO  com.sz.gym.aspect.ControllerAspect - 请求方法 : GET
2020-03-23 07:44:34.963 [http-nio-8099-exec-5] INFO  com.sz.gym.aspect.ControllerAspect - 访问的URL : http://127.0.0.1:8099/api/Category/CategoryType
2020-03-23 07:44:34.963 [http-nio-8099-exec-1] INFO  com.sz.gym.aspect.ControllerAspect - 请求IP地址 : 127.0.0.1
2020-03-23 07:44:34.963 [http-nio-8099-exec-5] INFO  com.sz.gym.aspect.ControllerAspect - 请求方法 : GET
2020-03-23 07:44:34.963 [http-nio-8099-exec-1] INFO  com.sz.gym.aspect.ControllerAspect - 请求参数 : []
2020-03-23 07:44:34.963 [http-nio-8099-exec-5] INFO  com.sz.gym.aspect.ControllerAspect - 请求IP地址 : 127.0.0.1
2020-03-23 07:44:34.963 [http-nio-8099-exec-1] INFO  com.sz.gym.aspect.ControllerAspect - ################CLASS_METHOD : com.sz.gym.web.controller.ProductController.getProduct
2020-03-23 07:44:34.963 [http-nio-8099-exec-5] INFO  com.sz.gym.aspect.ControllerAspect - 请求参数 : [Product]
2020-03-23 07:44:34.963 [http-nio-8099-exec-1] INFO  com.sz.gym.aspect.ControllerAspect - ################TARGET: com.sz.gym.web.controller.ProductController@43b18a7e
2020-03-23 07:44:34.963 [http-nio-8099-exec-5] INFO  com.sz.gym.aspect.ControllerAspect - ################CLASS_METHOD : com.sz.gym.web.controller.CategoryController.getCategory
2020-03-23 07:44:34.963 [http-nio-8099-exec-1] WARN  com.sz.gym.aspect.ControllerAspect - ======================请妥善使用SpringAOP功能================
2020-03-23 07:44:34.963 [http-nio-8099-exec-5] INFO  com.sz.gym.aspect.ControllerAspect - ################TARGET: com.sz.gym.web.controller.CategoryController@57e20a71
2020-03-23 07:44:34.963 [http-nio-8099-exec-5] WARN  com.sz.gym.aspect.ControllerAspect - ======================请妥善使用SpringAOP功能================
2020-03-23 07:44:34.963 [http-nio-8099-exec-1] INFO  com.sz.gym.aspect.ControllerAspect - ################THIS: com.sz.gym.web.controller.ProductController@43b18a7e
2020-03-23 07:44:34.963 [http-nio-8099-exec-5] INFO  com.sz.gym.aspect.ControllerAspect - ################THIS: com.sz.gym.web.controller.CategoryController@57e20a71
2020-03-23 07:44:34.963 [http-nio-8099-exec-5] INFO  com.sz.gym.web.controller.CategoryController - 打印请求参数：Product
2020-03-23 07:44:34.964 [http-nio-8099-exec-5] DEBUG com.sz.gym.dao.CategoryMapper.selectByExample - ==>  Preparing: select category_id, category_name, category_type, create_time, update_time from category WHERE ( category_type = ? ) 
2020-03-23 07:44:34.965 [http-nio-8099-exec-5] DEBUG com.sz.gym.dao.CategoryMapper.selectByExample - ==> Parameters: Product(String)
2020-03-23 07:44:34.966 [http-nio-8099-exec-5] DEBUG com.sz.gym.dao.CategoryMapper.selectByExample - <==      Total: 2
2020-03-23 07:44:34.973 [http-nio-8099-exec-1] DEBUG com.sz.gym.dao.ProductMapper.selectByExample - ==>  Preparing: select product_id, product_name, product_type, create_time, update_time, number, price, discription, product_status from product 
2020-03-23 07:44:34.976 [http-nio-8099-exec-1] DEBUG com.sz.gym.dao.ProductMapper.selectByExample - ==> Parameters: 
2020-03-23 07:44:34.978 [http-nio-8099-exec-1] DEBUG com.sz.gym.dao.ProductMapper.selectByExample - <==      Total: 3
2020-03-23 07:44:38.179 [http-nio-8099-exec-2] INFO  com.sz.gym.aspect.ControllerAspect - 访问的URL : http://127.0.0.1:8099/api/activity
2020-03-23 07:44:38.180 [http-nio-8099-exec-2] INFO  com.sz.gym.aspect.ControllerAspect - 请求方法 : GET
2020-03-23 07:44:38.180 [http-nio-8099-exec-2] INFO  com.sz.gym.aspect.ControllerAspect - 请求IP地址 : 127.0.0.1
2020-03-23 07:44:38.180 [http-nio-8099-exec-2] INFO  com.sz.gym.aspect.ControllerAspect - 请求参数 : []
2020-03-23 07:44:38.180 [http-nio-8099-exec-2] INFO  com.sz.gym.aspect.ControllerAspect - ################CLASS_METHOD : com.sz.gym.web.controller.ActivityController.selectActivity
2020-03-23 07:44:38.180 [http-nio-8099-exec-2] INFO  com.sz.gym.aspect.ControllerAspect - ################TARGET: com.sz.gym.web.controller.ActivityController@1555923
2020-03-23 07:44:38.180 [http-nio-8099-exec-2] WARN  com.sz.gym.aspect.ControllerAspect - ======================请妥善使用SpringAOP功能================
2020-03-23 07:44:38.180 [http-nio-8099-exec-2] INFO  com.sz.gym.aspect.ControllerAspect - ################THIS: com.sz.gym.web.controller.ActivityController@1555923
2020-03-23 07:44:38.180 [http-nio-8099-exec-3] INFO  com.sz.gym.aspect.ControllerAspect - 访问的URL : http://127.0.0.1:8099/api/employee
2020-03-23 07:44:38.180 [http-nio-8099-exec-3] INFO  com.sz.gym.aspect.ControllerAspect - 请求方法 : GET
2020-03-23 07:44:38.180 [http-nio-8099-exec-3] INFO  com.sz.gym.aspect.ControllerAspect - 请求IP地址 : 127.0.0.1
2020-03-23 07:44:38.180 [http-nio-8099-exec-3] INFO  com.sz.gym.aspect.ControllerAspect - 请求参数 : []
2020-03-23 07:44:38.181 [http-nio-8099-exec-3] INFO  com.sz.gym.aspect.ControllerAspect - ################CLASS_METHOD : com.sz.gym.web.controller.EmployeeController.getAllEmployee
2020-03-23 07:44:38.181 [http-nio-8099-exec-3] INFO  com.sz.gym.aspect.ControllerAspect - ################TARGET: com.sz.gym.web.controller.EmployeeController@5b88556b
2020-03-23 07:44:38.181 [http-nio-8099-exec-3] WARN  com.sz.gym.aspect.ControllerAspect - ======================请妥善使用SpringAOP功能================
2020-03-23 07:44:38.181 [http-nio-8099-exec-3] INFO  com.sz.gym.aspect.ControllerAspect - ################THIS: com.sz.gym.web.controller.EmployeeController@5b88556b
2020-03-23 07:44:38.182 [http-nio-8099-exec-2] DEBUG com.sz.gym.dao.ActivityMapper.selectByExample - ==>  Preparing: select activity_id, activity_name, activity_description, activity_user, activity_residueTime, create_time, update_time, activity_status from activity 
2020-03-23 07:44:38.183 [http-nio-8099-exec-2] DEBUG com.sz.gym.dao.ActivityMapper.selectByExample - ==> Parameters: 
2020-03-23 07:44:38.186 [http-nio-8099-exec-3] DEBUG com.sz.gym.dao.EmployeeMapper.selectByExample - ==>  Preparing: select employee_id, employee_name, employee_password, employee_post, CREATE_TIME, update_time, salary, employee_relname, employee_phone, employee_email, employee_address from employee 
2020-03-23 07:44:38.188 [http-nio-8099-exec-3] DEBUG com.sz.gym.dao.EmployeeMapper.selectByExample - ==> Parameters: 
2020-03-23 07:44:38.190 [http-nio-8099-exec-2] DEBUG com.sz.gym.dao.ActivityMapper.selectByExample - <==      Total: 8
2020-03-23 07:44:38.196 [http-nio-8099-exec-3] DEBUG com.sz.gym.dao.EmployeeMapper.selectByExample - <==      Total: 4
2020-03-23 07:44:38.779 [http-nio-8099-exec-4] INFO  com.sz.gym.aspect.ControllerAspect - 访问的URL : http://127.0.0.1:8099/api/activity/UpdateStatus
2020-03-23 07:44:38.779 [http-nio-8099-exec-4] INFO  com.sz.gym.aspect.ControllerAspect - 请求方法 : GET
2020-03-23 07:44:38.779 [http-nio-8099-exec-4] INFO  com.sz.gym.aspect.ControllerAspect - 请求IP地址 : 127.0.0.1
2020-03-23 07:44:38.779 [http-nio-8099-exec-4] INFO  com.sz.gym.aspect.ControllerAspect - 请求参数 : []
2020-03-23 07:44:38.779 [http-nio-8099-exec-4] INFO  com.sz.gym.aspect.ControllerAspect - ################CLASS_METHOD : com.sz.gym.web.controller.ActivityController.getActivityByStatus
2020-03-23 07:44:38.779 [http-nio-8099-exec-4] INFO  com.sz.gym.aspect.ControllerAspect - ################TARGET: com.sz.gym.web.controller.ActivityController@1555923
2020-03-23 07:44:38.779 [http-nio-8099-exec-4] WARN  com.sz.gym.aspect.ControllerAspect - ======================请妥善使用SpringAOP功能================
2020-03-23 07:44:38.779 [http-nio-8099-exec-4] INFO  com.sz.gym.aspect.ControllerAspect - ################THIS: com.sz.gym.web.controller.ActivityController@1555923
2020-03-23 07:44:38.779 [http-nio-8099-exec-4] DEBUG com.sz.gym.dao.ActivityMapper.selectByExample - ==>  Preparing: select activity_id, activity_name, activity_description, activity_user, activity_residueTime, create_time, update_time, activity_status from activity 
2020-03-23 07:44:38.779 [http-nio-8099-exec-4] DEBUG com.sz.gym.dao.ActivityMapper.selectByExample - ==> Parameters: 
2020-03-23 07:44:38.785 [http-nio-8099-exec-4] DEBUG com.sz.gym.dao.ActivityMapper.selectByExample - <==      Total: 8
2020-03-23 07:44:39.244 [http-nio-8099-exec-6] INFO  com.sz.gym.aspect.ControllerAspect - 访问的URL : http://127.0.0.1:8099/api/File/getAllFileName
2020-03-23 07:44:39.247 [http-nio-8099-exec-6] INFO  com.sz.gym.aspect.ControllerAspect - 请求方法 : GET
2020-03-23 07:44:39.247 [http-nio-8099-exec-6] INFO  com.sz.gym.aspect.ControllerAspect - 请求IP地址 : 127.0.0.1
2020-03-23 07:44:39.247 [http-nio-8099-exec-6] INFO  com.sz.gym.aspect.ControllerAspect - 请求参数 : []
2020-03-23 07:44:39.247 [http-nio-8099-exec-6] INFO  com.sz.gym.aspect.ControllerAspect - ################CLASS_METHOD : com.sz.gym.web.controller.FileController.getAllFileName
2020-03-23 07:44:39.247 [http-nio-8099-exec-6] INFO  com.sz.gym.aspect.ControllerAspect - ################TARGET: com.sz.gym.web.controller.FileController@777fe9d
2020-03-23 07:44:39.247 [http-nio-8099-exec-6] WARN  com.sz.gym.aspect.ControllerAspect - ======================请妥善使用SpringAOP功能================
2020-03-23 07:44:39.247 [http-nio-8099-exec-6] INFO  com.sz.gym.aspect.ControllerAspect - ################THIS: com.sz.gym.web.controller.FileController@777fe9d
2020-03-23 07:44:39.252 [http-nio-8099-exec-6] DEBUG com.sz.gym.dao.FileInfoMapper.selectByExample - ==>  Preparing: select file_id, file_name, file_address, file_description from fileinfo 
2020-03-23 07:44:39.252 [http-nio-8099-exec-6] DEBUG com.sz.gym.dao.FileInfoMapper.selectByExample - ==> Parameters: 
2020-03-23 07:44:39.261 [http-nio-8099-exec-6] DEBUG com.sz.gym.dao.FileInfoMapper.selectByExample - <==      Total: 4
2020-03-23 09:02:24.377 [RMI TCP Accept-0] WARN  sun.rmi.transport.tcp - RMI TCP Accept-0: accept loop for ServerSocket[addr=0.0.0.0/0.0.0.0,localport=57688] throws
java.io.IOException: The server sockets created using the LocalRMIServerSocketFactory only accept connections from clients running on the host where the RMI remote objects have been exported.
	at sun.management.jmxremote.LocalRMIServerSocketFactory$1.accept(LocalRMIServerSocketFactory.java:114)
	at sun.rmi.transport.tcp.TCPTransport$AcceptLoop.executeAcceptLoop(TCPTransport.java:400)
	at sun.rmi.transport.tcp.TCPTransport$AcceptLoop.run(TCPTransport.java:372)
	at java.lang.Thread.run(Thread.java:748)
2020-03-23 09:02:33.511 [HikariPool-1 housekeeper] WARN  com.zaxxer.hikari.pool.HikariPool - HikariPool-1 - Thread starvation or clock leap detected (housekeeper delta=19m12s429ms160µs600ns).
2020-03-23 11:21:57.862 [http-nio-8099-exec-7] INFO  com.sz.gym.aspect.ControllerAspect - 访问的URL : http://127.0.0.1:8099/api/dashboard/headerNumber
2020-03-23 11:21:57.862 [http-nio-8099-exec-8] INFO  com.sz.gym.aspect.ControllerAspect - 访问的URL : http://127.0.0.1:8099/api/employee
2020-03-23 11:21:57.863 [http-nio-8099-exec-7] INFO  com.sz.gym.aspect.ControllerAspect - 请求方法 : GET
2020-03-23 11:21:57.863 [http-nio-8099-exec-8] INFO  com.sz.gym.aspect.ControllerAspect - 请求方法 : GET
2020-03-23 11:21:57.863 [http-nio-8099-exec-8] INFO  com.sz.gym.aspect.ControllerAspect - 请求IP地址 : 127.0.0.1
2020-03-23 11:21:57.863 [http-nio-8099-exec-7] INFO  com.sz.gym.aspect.ControllerAspect - 请求IP地址 : 127.0.0.1
2020-03-23 11:21:57.863 [http-nio-8099-exec-7] INFO  com.sz.gym.aspect.ControllerAspect - 请求参数 : []
2020-03-23 11:21:57.863 [http-nio-8099-exec-8] INFO  com.sz.gym.aspect.ControllerAspect - 请求参数 : []
2020-03-23 11:21:57.864 [http-nio-8099-exec-8] INFO  com.sz.gym.aspect.ControllerAspect - ################CLASS_METHOD : com.sz.gym.web.controller.EmployeeController.getAllEmployee
2020-03-23 11:21:57.864 [http-nio-8099-exec-7] INFO  com.sz.gym.aspect.ControllerAspect - ################CLASS_METHOD : com.sz.gym.web.controller.DashboardController.headerNumber
2020-03-23 11:21:57.864 [http-nio-8099-exec-8] INFO  com.sz.gym.aspect.ControllerAspect - ################TARGET: com.sz.gym.web.controller.EmployeeController@5b88556b
2020-03-23 11:21:57.864 [http-nio-8099-exec-7] INFO  com.sz.gym.aspect.ControllerAspect - ################TARGET: com.sz.gym.web.controller.DashboardController@2b59fc37
2020-03-23 11:21:57.864 [http-nio-8099-exec-8] WARN  com.sz.gym.aspect.ControllerAspect - ======================请妥善使用SpringAOP功能================
2020-03-23 11:21:57.864 [http-nio-8099-exec-7] WARN  com.sz.gym.aspect.ControllerAspect - ======================请妥善使用SpringAOP功能================
2020-03-23 11:21:57.864 [http-nio-8099-exec-8] INFO  com.sz.gym.aspect.ControllerAspect - ################THIS: com.sz.gym.web.controller.EmployeeController@5b88556b
2020-03-23 11:21:57.864 [http-nio-8099-exec-7] INFO  com.sz.gym.aspect.ControllerAspect - ################THIS: com.sz.gym.web.controller.DashboardController@2b59fc37
2020-03-23 11:21:57.864 [http-nio-8099-exec-7] INFO  com.sz.gym.web.controller.DashboardController - 接收请求获取首页的员工 器械 和顾客 数量信息
2020-03-23 11:21:57.864 [http-nio-8099-exec-7] INFO  com.sz.gym.service.impl.DashboardServiceImpl - 获取首页的数量信息
2020-03-23 11:21:57.870 [http-nio-8099-exec-8] DEBUG com.sz.gym.dao.EmployeeMapper.selectByExample - ==>  Preparing: select employee_id, employee_name, employee_password, employee_post, CREATE_TIME, update_time, salary, employee_relname, employee_phone, employee_email, employee_address from employee 
2020-03-23 11:21:57.870 [http-nio-8099-exec-7] DEBUG com.sz.gym.dao.CustomerMapper.selectByExample - ==>  Preparing: select customer_id, customer_name, customer_phone, customer_type, customer_residueTime, create_time, update_time, birthday, customer_address, customer_description from customer 
2020-03-23 11:21:57.872 [http-nio-8099-exec-7] DEBUG com.sz.gym.dao.CustomerMapper.selectByExample - ==> Parameters: 
2020-03-23 11:21:57.872 [http-nio-8099-exec-8] DEBUG com.sz.gym.dao.EmployeeMapper.selectByExample - ==> Parameters: 
2020-03-23 11:21:57.878 [http-nio-8099-exec-8] DEBUG com.sz.gym.dao.EmployeeMapper.selectByExample - <==      Total: 4
2020-03-23 11:21:57.880 [http-nio-8099-exec-7] DEBUG com.sz.gym.dao.CustomerMapper.selectByExample - <==      Total: 4
2020-03-23 11:21:57.881 [http-nio-8099-exec-7] DEBUG com.sz.gym.dao.FacilitiesMapper.selectByExample - ==>  Preparing: select id, facilities_name, number, create_time, update_time, discription, facilities_Status, price, facilities_type from facilities 
2020-03-23 11:21:57.881 [http-nio-8099-exec-7] DEBUG com.sz.gym.dao.FacilitiesMapper.selectByExample - ==> Parameters: 
2020-03-23 11:21:57.884 [http-nio-8099-exec-7] DEBUG com.sz.gym.dao.FacilitiesMapper.selectByExample - <==      Total: 9
2020-03-23 11:21:57.884 [http-nio-8099-exec-7] DEBUG com.sz.gym.dao.EmployeeMapper.selectByExample - ==>  Preparing: select employee_id, employee_name, employee_password, employee_post, CREATE_TIME, update_time, salary, employee_relname, employee_phone, employee_email, employee_address from employee 
2020-03-23 11:21:57.885 [http-nio-8099-exec-7] DEBUG com.sz.gym.dao.EmployeeMapper.selectByExample - ==> Parameters: 
2020-03-23 11:21:57.887 [http-nio-8099-exec-7] DEBUG com.sz.gym.dao.EmployeeMapper.selectByExample - <==      Total: 4
2020-03-23 11:21:57.893 [http-nio-8099-exec-10] INFO  com.sz.gym.aspect.ControllerAspect - 访问的URL : http://127.0.0.1:8099/api/activity/OfDashboard
2020-03-23 11:21:57.894 [http-nio-8099-exec-10] INFO  com.sz.gym.aspect.ControllerAspect - 请求方法 : GET
2020-03-23 11:21:57.894 [http-nio-8099-exec-10] INFO  com.sz.gym.aspect.ControllerAspect - 请求IP地址 : 127.0.0.1
2020-03-23 11:21:57.894 [http-nio-8099-exec-10] INFO  com.sz.gym.aspect.ControllerAspect - 请求参数 : []
2020-03-23 11:21:57.894 [http-nio-8099-exec-10] INFO  com.sz.gym.aspect.ControllerAspect - ################CLASS_METHOD : com.sz.gym.web.controller.ActivityController.getActivityOfDashboard
2020-03-23 11:21:57.894 [http-nio-8099-exec-10] INFO  com.sz.gym.aspect.ControllerAspect - ################TARGET: com.sz.gym.web.controller.ActivityController@1555923
2020-03-23 11:21:57.894 [http-nio-8099-exec-10] WARN  com.sz.gym.aspect.ControllerAspect - ======================请妥善使用SpringAOP功能================
2020-03-23 11:21:57.894 [http-nio-8099-exec-10] INFO  com.sz.gym.aspect.ControllerAspect - ################THIS: com.sz.gym.web.controller.ActivityController@1555923
2020-03-23 11:21:57.895 [http-nio-8099-exec-10] DEBUG com.sz.gym.dao.ActivityMapper.selectByExample - ==>  Preparing: select activity_id, activity_name, activity_description, activity_user, activity_residueTime, create_time, update_time, activity_status from activity 
2020-03-23 11:21:57.895 [http-nio-8099-exec-10] DEBUG com.sz.gym.dao.ActivityMapper.selectByExample - ==> Parameters: 
2020-03-23 11:21:57.896 [http-nio-8099-exec-5] INFO  com.sz.gym.aspect.ControllerAspect - 访问的URL : http://127.0.0.1:8099/api/dashboard/facilitiesRatio
2020-03-23 11:21:57.896 [http-nio-8099-exec-5] INFO  com.sz.gym.aspect.ControllerAspect - 请求方法 : GET
2020-03-23 11:21:57.896 [http-nio-8099-exec-5] INFO  com.sz.gym.aspect.ControllerAspect - 请求IP地址 : 127.0.0.1
2020-03-23 11:21:57.896 [http-nio-8099-exec-5] INFO  com.sz.gym.aspect.ControllerAspect - 请求参数 : []
2020-03-23 11:21:57.896 [http-nio-8099-exec-5] INFO  com.sz.gym.aspect.ControllerAspect - ################CLASS_METHOD : com.sz.gym.web.controller.DashboardController.getFacilitiesRatios
2020-03-23 11:21:57.896 [http-nio-8099-exec-5] INFO  com.sz.gym.aspect.ControllerAspect - ################TARGET: com.sz.gym.web.controller.DashboardController@2b59fc37
2020-03-23 11:21:57.896 [http-nio-8099-exec-5] WARN  com.sz.gym.aspect.ControllerAspect - ======================请妥善使用SpringAOP功能================
2020-03-23 11:21:57.896 [http-nio-8099-exec-5] INFO  com.sz.gym.aspect.ControllerAspect - ################THIS: com.sz.gym.web.controller.DashboardController@2b59fc37
2020-03-23 11:21:57.896 [http-nio-8099-exec-5] INFO  com.sz.gym.web.controller.DashboardController - ====================接收请求获取首页器械比例============================
2020-03-23 11:21:57.897 [http-nio-8099-exec-5] INFO  com.sz.gym.service.impl.DashboardServiceImpl - ==================获取首页的数量信息========Service================
2020-03-23 11:21:57.898 [http-nio-8099-exec-10] DEBUG com.sz.gym.dao.ActivityMapper.selectByExample - <==      Total: 8
2020-03-23 11:21:57.898 [http-nio-8099-exec-5] DEBUG com.sz.gym.dao.FacilitiesMapper.selectByExample - ==>  Preparing: select id, facilities_name, number, create_time, update_time, discription, facilities_Status, price, facilities_type from facilities 
2020-03-23 11:21:57.898 [http-nio-8099-exec-5] DEBUG com.sz.gym.dao.FacilitiesMapper.selectByExample - ==> Parameters: 
2020-03-23 11:21:57.900 [http-nio-8099-exec-5] DEBUG com.sz.gym.dao.FacilitiesMapper.selectByExample - <==      Total: 9
2020-03-23 11:21:57.901 [http-nio-8099-exec-5] DEBUG com.sz.gym.service.impl.DashboardServiceImpl - =======================计算不同的比列==============================
2020-03-23 11:21:57.901 [http-nio-8099-exec-5] DEBUG com.sz.gym.service.impl.DashboardServiceImpl - ==================有氧健身：22
2020-03-23 11:21:57.905 [http-nio-8099-exec-1] INFO  com.sz.gym.aspect.ControllerAspect - 访问的URL : http://127.0.0.1:8099/api/dashboard/GetOptions
2020-03-23 11:21:57.905 [http-nio-8099-exec-1] INFO  com.sz.gym.aspect.ControllerAspect - 请求方法 : GET
2020-03-23 11:21:57.905 [http-nio-8099-exec-1] INFO  com.sz.gym.aspect.ControllerAspect - 请求IP地址 : 127.0.0.1
2020-03-23 11:21:57.905 [http-nio-8099-exec-1] INFO  com.sz.gym.aspect.ControllerAspect - 请求参数 : []
2020-03-23 11:21:57.905 [http-nio-8099-exec-1] INFO  com.sz.gym.aspect.ControllerAspect - ################CLASS_METHOD : com.sz.gym.web.controller.DashboardController.getDashboardSchartOfOptions
2020-03-23 11:21:57.905 [http-nio-8099-exec-1] INFO  com.sz.gym.aspect.ControllerAspect - ################TARGET: com.sz.gym.web.controller.DashboardController@2b59fc37
2020-03-23 11:21:57.905 [http-nio-8099-exec-1] WARN  com.sz.gym.aspect.ControllerAspect - ======================请妥善使用SpringAOP功能================
2020-03-23 11:21:57.906 [http-nio-8099-exec-1] INFO  com.sz.gym.aspect.ControllerAspect - ################THIS: com.sz.gym.web.controller.DashboardController@2b59fc37
2020-03-23 11:21:57.909 [http-nio-8099-exec-1] DEBUG com.sz.gym.dao.FinanceMapper.selectByExample - ==>  Preparing: select finance_id, finance_name, finance_description, finance_type, create_time, money, finance_reclassify from finance WHERE ( create_time between ? and ? ) 
2020-03-23 11:21:57.910 [http-nio-8099-exec-1] DEBUG com.sz.gym.dao.FinanceMapper.selectByExample - ==> Parameters: 2020-03-20 11:21:57.0(Timestamp), 2020-03-23 11:21:57.907(Timestamp)
2020-03-23 11:21:57.911 [http-nio-8099-exec-1] DEBUG com.sz.gym.dao.FinanceMapper.selectByExample - <==      Total: 4
2020-03-23 14:04:44.929 [HikariPool-1 housekeeper] WARN  com.zaxxer.hikari.pool.HikariPool - HikariPool-1 - Thread starvation or clock leap detected (housekeeper delta=9m10s407ms806µs).
2020-03-23 16:02:53.877 [HikariPool-1 housekeeper] WARN  com.zaxxer.hikari.pool.HikariPool - HikariPool-1 - Thread starvation or clock leap detected (housekeeper delta=1h56m38s956ms59µs100ns).
2020-03-23 17:26:46.375 [HikariPool-1 housekeeper] WARN  com.zaxxer.hikari.pool.HikariPool - HikariPool-1 - Thread starvation or clock leap detected (housekeeper delta=2m22s309ms982µs200ns).
