2020-05-19 14:23:37.550 [restartedMain] INFO  com.sz.gym.GymApplication - Starting GymApplication on DESKTOP-R9H54P2 with PID 18804 (D:\Git\MrshenS\graduationProject\gym\target\classes started by 10518 in D:\Git\MrshenS\graduationProject\gym)
2020-05-19 14:23:37.556 [restartedMain] DEBUG com.sz.gym.GymApplication - Running with Spring Boot v2.2.2.RELEASE, Spring v5.2.2.RELEASE
2020-05-19 14:23:37.557 [restartedMain] INFO  com.sz.gym.GymApplication - No active profile set, falling back to default profiles: default
2020-05-19 14:23:40.065 [restartedMain] DEBUG org.apache.ibatis.logging.LogFactory - Logging initialized using 'class org.apache.ibatis.logging.slf4j.Slf4jImpl' adapter.
2020-05-19 14:23:41.930 [restartedMain] INFO  org.apache.coyote.http11.Http11NioProtocol - Initializing ProtocolHandler ["http-nio-8099"]
2020-05-19 14:23:41.931 [restartedMain] INFO  org.apache.catalina.core.StandardService - Starting service [Tomcat]
2020-05-19 14:23:41.932 [restartedMain] INFO  org.apache.catalina.core.StandardEngine - Starting Servlet engine: [Apache Tomcat/9.0.29]
2020-05-19 14:23:42.124 [restartedMain] INFO  o.a.c.core.ContainerBase.[Tomcat].[localhost].[/] - Initializing Spring embedded WebApplicationContext
2020-05-19 14:23:43.959 [restartedMain] DEBUG o.h.v.i.engine.resolver.TraversableResolvers - Cannot find javax.persistence.Persistence on classpath. Assuming non JPA 2 environment. All properties will per default be traversable.
2020-05-19 14:23:43.962 [restartedMain] DEBUG o.h.v.m.ResourceBundleMessageInterpolator - Loaded expression factory via original TCCL
2020-05-19 14:23:43.974 [restartedMain] DEBUG o.h.v.i.engine.resolver.TraversableResolvers - Cannot find javax.persistence.Persistence on classpath. Assuming non JPA 2 environment. All properties will per default be traversable.
2020-05-19 14:23:43.978 [restartedMain] DEBUG o.h.validator.internal.engine.ConfigurationImpl - Setting custom MessageInterpolator of type org.springframework.validation.beanvalidation.LocaleContextMessageInterpolator
2020-05-19 14:23:43.979 [restartedMain] DEBUG o.h.validator.internal.engine.ConfigurationImpl - Setting custom ConstraintValidatorFactory of type org.springframework.validation.beanvalidation.SpringConstraintValidatorFactory
2020-05-19 14:23:43.981 [restartedMain] DEBUG o.h.validator.internal.engine.ConfigurationImpl - Setting custom ParameterNameProvider of type org.springframework.validation.beanvalidation.LocalValidatorFactoryBean$1
2020-05-19 14:23:43.985 [restartedMain] DEBUG o.h.v.internal.xml.config.ValidationXmlParser - Trying to load META-INF/validation.xml for XML based Validator configuration.
2020-05-19 14:23:43.985 [restartedMain] DEBUG o.h.v.internal.xml.config.ResourceLoaderHelper - Trying to load META-INF/validation.xml via user class loader
2020-05-19 14:23:43.985 [restartedMain] DEBUG o.h.v.internal.xml.config.ResourceLoaderHelper - Trying to load META-INF/validation.xml via TCCL
2020-05-19 14:23:43.986 [restartedMain] DEBUG o.h.v.internal.xml.config.ResourceLoaderHelper - Trying to load META-INF/validation.xml via Hibernate Validator's class loader
2020-05-19 14:23:43.986 [restartedMain] DEBUG o.h.v.internal.xml.config.ValidationXmlParser - No META-INF/validation.xml found. Using annotation based configuration only.
2020-05-19 14:23:43.999 [restartedMain] DEBUG o.h.validator.internal.engine.ValidatorFactoryImpl - HV000234: Using org.springframework.validation.beanvalidation.LocaleContextMessageInterpolator as ValidatorFactory-scoped message interpolator.
2020-05-19 14:23:44.000 [restartedMain] DEBUG o.h.validator.internal.engine.ValidatorFactoryImpl - HV000234: Using org.hibernate.validator.internal.engine.resolver.TraverseAllTraversableResolver as ValidatorFactory-scoped traversable resolver.
2020-05-19 14:23:44.000 [restartedMain] DEBUG o.h.validator.internal.engine.ValidatorFactoryImpl - HV000234: Using org.hibernate.validator.internal.util.ExecutableParameterNameProvider as ValidatorFactory-scoped parameter name provider.
2020-05-19 14:23:44.001 [restartedMain] DEBUG o.h.validator.internal.engine.ValidatorFactoryImpl - HV000234: Using org.hibernate.validator.internal.engine.DefaultClockProvider as ValidatorFactory-scoped clock provider.
2020-05-19 14:23:44.001 [restartedMain] DEBUG o.h.validator.internal.engine.ValidatorFactoryImpl - HV000234: Using org.hibernate.validator.internal.engine.scripting.DefaultScriptEvaluatorFactory as ValidatorFactory-scoped script evaluator factory.
2020-05-19 14:23:45.262 [restartedMain] WARN  o.s.b.a.t.ThymeleafAutoConfiguration$DefaultTemplateResolverConfiguration - Cannot find template location: classpath:/templates/ (please add some templates or check your Thymeleaf configuration)
2020-05-19 14:23:46.964 [restartedMain] WARN  o.s.b.s.r.RedisStarterDeprecationWarningAutoConfiguration - spring-boot-starter-redis is deprecated as of Spring Boot 1.4, please migrate to spring-boot-starter-data-redis
2020-05-19 14:23:47.069 [restartedMain] INFO  org.apache.coyote.http11.Http11NioProtocol - Starting ProtocolHandler ["http-nio-8099"]
2020-05-19 14:23:47.151 [restartedMain] INFO  com.sz.gym.GymApplication - Started GymApplication in 10.783 seconds (JVM running for 16.146)
2020-05-19 14:23:47.155 [restartedMain] INFO  com.sz.gym.listener.StartedListener - 本项目spring容器共管理282个类
2020-05-19 14:23:47.155 [restartedMain] INFO  com.sz.gym.listener.StartedListener - welcome to 世界五百强健身房管理系统  颤抖凡人
2020-05-19 14:23:47.156 [restartedMain] INFO  com.sz.gym.listener.StartedListener - GYM World started at         http://192.168.99.1:8099
2020-05-19 14:23:47.158 [restartedMain] INFO  com.sz.gym.listener.StartedListener - 启动时间为：Tue May 19 14:23:47 CST 2020
2020-05-19 14:25:33.038 [http-nio-8099-exec-3] INFO  o.a.c.core.ContainerBase.[Tomcat].[localhost].[/] - Initializing Spring DispatcherServlet 'dispatcherServlet'
2020-05-19 14:25:33.134 [http-nio-8099-exec-6] INFO  com.sz.gym.aspect.ControllerAspect - 访问的URL : http://localhost:8099/api/login
2020-05-19 14:25:33.134 [http-nio-8099-exec-6] INFO  com.sz.gym.aspect.ControllerAspect - 请求方法 : POST
2020-05-19 14:25:33.134 [http-nio-8099-exec-6] INFO  com.sz.gym.aspect.ControllerAspect - 请求IP地址 : 0:0:0:0:0:0:0:1
2020-05-19 14:25:33.134 [http-nio-8099-exec-6] INFO  com.sz.gym.aspect.ControllerAspect - 请求参数 : [LoginParam(username=admin, password=123123), org.apache.catalina.connector.RequestFacade@49d2f7d4, org.apache.catalina.connector.ResponseFacade@27c6af60]
2020-05-19 14:25:33.136 [http-nio-8099-exec-6] INFO  com.sz.gym.aspect.ControllerAspect - ################CLASS_METHOD : com.sz.gym.web.controller.EmployeeController.login
2020-05-19 14:25:33.136 [http-nio-8099-exec-6] INFO  com.sz.gym.aspect.ControllerAspect - ################TARGET: com.sz.gym.web.controller.EmployeeController@2d43ef77
2020-05-19 14:25:33.136 [http-nio-8099-exec-6] WARN  com.sz.gym.aspect.ControllerAspect - ======================请妥善使用SpringAOP功能================
2020-05-19 14:25:33.136 [http-nio-8099-exec-6] INFO  com.sz.gym.aspect.ControllerAspect - ################THIS: com.sz.gym.web.controller.EmployeeController@2d43ef77
2020-05-19 14:25:34.130 [http-nio-8099-exec-6] DEBUG com.sz.gym.dao.EmployeeMapper.selectByExample - ==>  Preparing: select employee_id, employee_name, employee_password, employee_post, CREATE_TIME, update_time, salary, employee_relname, employee_phone, employee_email, employee_address from employee WHERE ( employee_name = ? ) 
2020-05-19 14:25:34.146 [http-nio-8099-exec-6] DEBUG com.sz.gym.dao.EmployeeMapper.selectByExample - ==> Parameters: admin(String)
2020-05-19 14:25:34.185 [http-nio-8099-exec-6] DEBUG com.sz.gym.dao.EmployeeMapper.selectByExample - <==      Total: 1
2020-05-19 14:25:34.193 [http-nio-8099-exec-6] DEBUG com.sz.gym.dao.EmployeeMapper.selectByExample - ==>  Preparing: select employee_id, employee_name, employee_password, employee_post, CREATE_TIME, update_time, salary, employee_relname, employee_phone, employee_email, employee_address from employee WHERE ( employee_name = ? ) 
2020-05-19 14:25:34.194 [http-nio-8099-exec-6] DEBUG com.sz.gym.dao.EmployeeMapper.selectByExample - ==> Parameters: admin(String)
2020-05-19 14:25:34.206 [http-nio-8099-exec-6] DEBUG com.sz.gym.dao.EmployeeMapper.selectByExample - <==      Total: 1
2020-05-19 14:25:34.369 [http-nio-8099-exec-8] INFO  com.sz.gym.aspect.ControllerAspect - 访问的URL : http://localhost:8099/api/dashboard/headerNumber
2020-05-19 14:25:34.369 [http-nio-8099-exec-8] INFO  com.sz.gym.aspect.ControllerAspect - 请求方法 : GET
2020-05-19 14:25:34.369 [http-nio-8099-exec-8] INFO  com.sz.gym.aspect.ControllerAspect - 请求IP地址 : 0:0:0:0:0:0:0:1
2020-05-19 14:25:34.369 [http-nio-8099-exec-8] INFO  com.sz.gym.aspect.ControllerAspect - 请求参数 : []
2020-05-19 14:25:34.369 [http-nio-8099-exec-8] INFO  com.sz.gym.aspect.ControllerAspect - ################CLASS_METHOD : com.sz.gym.web.controller.DashboardController.headerNumber
2020-05-19 14:25:34.369 [http-nio-8099-exec-8] INFO  com.sz.gym.aspect.ControllerAspect - ################TARGET: com.sz.gym.web.controller.DashboardController@50949bc9
2020-05-19 14:25:34.369 [http-nio-8099-exec-8] WARN  com.sz.gym.aspect.ControllerAspect - ======================请妥善使用SpringAOP功能================
2020-05-19 14:25:34.369 [http-nio-8099-exec-8] INFO  com.sz.gym.aspect.ControllerAspect - ################THIS: com.sz.gym.web.controller.DashboardController@50949bc9
2020-05-19 14:25:34.373 [http-nio-8099-exec-4] INFO  com.sz.gym.aspect.ControllerAspect - 访问的URL : http://localhost:8099/api/employee
2020-05-19 14:25:34.374 [http-nio-8099-exec-4] INFO  com.sz.gym.aspect.ControllerAspect - 请求方法 : GET
2020-05-19 14:25:34.374 [http-nio-8099-exec-4] INFO  com.sz.gym.aspect.ControllerAspect - 请求IP地址 : 0:0:0:0:0:0:0:1
2020-05-19 14:25:34.374 [http-nio-8099-exec-4] INFO  com.sz.gym.aspect.ControllerAspect - 请求参数 : []
2020-05-19 14:25:34.374 [http-nio-8099-exec-4] INFO  com.sz.gym.aspect.ControllerAspect - ################CLASS_METHOD : com.sz.gym.web.controller.EmployeeController.getAllEmployee
2020-05-19 14:25:34.374 [http-nio-8099-exec-4] INFO  com.sz.gym.aspect.ControllerAspect - ################TARGET: com.sz.gym.web.controller.EmployeeController@2d43ef77
2020-05-19 14:25:34.374 [http-nio-8099-exec-8] INFO  com.sz.gym.web.controller.DashboardController - 接收请求获取首页的员工 器械 和顾客 数量信息
2020-05-19 14:25:34.374 [http-nio-8099-exec-5] INFO  com.sz.gym.aspect.ControllerAspect - 访问的URL : http://localhost:8099/api/activity/OfDashboard
2020-05-19 14:25:34.374 [http-nio-8099-exec-4] WARN  com.sz.gym.aspect.ControllerAspect - ======================请妥善使用SpringAOP功能================
2020-05-19 14:25:34.374 [http-nio-8099-exec-5] INFO  com.sz.gym.aspect.ControllerAspect - 请求方法 : GET
2020-05-19 14:25:34.374 [http-nio-8099-exec-4] INFO  com.sz.gym.aspect.ControllerAspect - ################THIS: com.sz.gym.web.controller.EmployeeController@2d43ef77
2020-05-19 14:25:34.374 [http-nio-8099-exec-5] INFO  com.sz.gym.aspect.ControllerAspect - 请求IP地址 : 0:0:0:0:0:0:0:1
2020-05-19 14:25:34.374 [http-nio-8099-exec-5] INFO  com.sz.gym.aspect.ControllerAspect - 请求参数 : []
2020-05-19 14:25:34.374 [http-nio-8099-exec-5] INFO  com.sz.gym.aspect.ControllerAspect - ################CLASS_METHOD : com.sz.gym.web.controller.ActivityController.getActivityOfDashboard
2020-05-19 14:25:34.375 [http-nio-8099-exec-5] INFO  com.sz.gym.aspect.ControllerAspect - ################TARGET: com.sz.gym.web.controller.ActivityController@1cc31a6a
2020-05-19 14:25:34.375 [http-nio-8099-exec-5] WARN  com.sz.gym.aspect.ControllerAspect - ======================请妥善使用SpringAOP功能================
2020-05-19 14:25:34.375 [http-nio-8099-exec-5] INFO  com.sz.gym.aspect.ControllerAspect - ################THIS: com.sz.gym.web.controller.ActivityController@1cc31a6a
2020-05-19 14:25:34.379 [http-nio-8099-exec-7] INFO  com.sz.gym.aspect.ControllerAspect - 访问的URL : http://localhost:8099/api/dashboard/facilitiesRatio
2020-05-19 14:25:34.380 [http-nio-8099-exec-7] INFO  com.sz.gym.aspect.ControllerAspect - 请求方法 : GET
2020-05-19 14:25:34.380 [http-nio-8099-exec-8] INFO  com.sz.gym.service.impl.DashboardServiceImpl - 获取首页的数量信息
2020-05-19 14:25:34.380 [http-nio-8099-exec-7] INFO  com.sz.gym.aspect.ControllerAspect - 请求IP地址 : 0:0:0:0:0:0:0:1
2020-05-19 14:25:34.380 [http-nio-8099-exec-7] INFO  com.sz.gym.aspect.ControllerAspect - 请求参数 : []
2020-05-19 14:25:34.380 [http-nio-8099-exec-7] INFO  com.sz.gym.aspect.ControllerAspect - ################CLASS_METHOD : com.sz.gym.web.controller.DashboardController.getFacilitiesRatios
2020-05-19 14:25:34.380 [http-nio-8099-exec-7] INFO  com.sz.gym.aspect.ControllerAspect - ################TARGET: com.sz.gym.web.controller.DashboardController@50949bc9
2020-05-19 14:25:34.380 [http-nio-8099-exec-7] WARN  com.sz.gym.aspect.ControllerAspect - ======================请妥善使用SpringAOP功能================
2020-05-19 14:25:34.381 [http-nio-8099-exec-7] INFO  com.sz.gym.aspect.ControllerAspect - ################THIS: com.sz.gym.web.controller.DashboardController@50949bc9
2020-05-19 14:25:34.381 [http-nio-8099-exec-7] INFO  com.sz.gym.web.controller.DashboardController - ====================接收请求获取首页器械比例============================
2020-05-19 14:25:34.380 [http-nio-8099-exec-1] INFO  com.sz.gym.aspect.ControllerAspect - 访问的URL : http://localhost:8099/api/dashboard/GetOptions
2020-05-19 14:25:34.381 [http-nio-8099-exec-1] INFO  com.sz.gym.aspect.ControllerAspect - 请求方法 : GET
2020-05-19 14:25:34.382 [http-nio-8099-exec-1] INFO  com.sz.gym.aspect.ControllerAspect - 请求IP地址 : 0:0:0:0:0:0:0:1
2020-05-19 14:25:34.382 [http-nio-8099-exec-1] INFO  com.sz.gym.aspect.ControllerAspect - 请求参数 : []
2020-05-19 14:25:34.383 [http-nio-8099-exec-1] INFO  com.sz.gym.aspect.ControllerAspect - ################CLASS_METHOD : com.sz.gym.web.controller.DashboardController.getDashboardSchartOfOptions
2020-05-19 14:25:34.383 [http-nio-8099-exec-1] INFO  com.sz.gym.aspect.ControllerAspect - ################TARGET: com.sz.gym.web.controller.DashboardController@50949bc9
2020-05-19 14:25:34.384 [http-nio-8099-exec-8] DEBUG com.sz.gym.dao.CustomerMapper.selectByExample - ==>  Preparing: select customer_id, customer_name, customer_phone, customer_type, customer_residueTime, create_time, update_time, birthday, customer_address, customer_description from customer 
2020-05-19 14:25:34.384 [http-nio-8099-exec-1] WARN  com.sz.gym.aspect.ControllerAspect - ======================请妥善使用SpringAOP功能================
2020-05-19 14:25:34.384 [http-nio-8099-exec-1] INFO  com.sz.gym.aspect.ControllerAspect - ################THIS: com.sz.gym.web.controller.DashboardController@50949bc9
2020-05-19 14:25:34.384 [http-nio-8099-exec-7] INFO  com.sz.gym.service.impl.DashboardServiceImpl - ==================获取首页的数量信息========Service================
2020-05-19 14:25:34.384 [http-nio-8099-exec-4] DEBUG com.sz.gym.dao.EmployeeMapper.selectByExample - ==>  Preparing: select employee_id, employee_name, employee_password, employee_post, CREATE_TIME, update_time, salary, employee_relname, employee_phone, employee_email, employee_address from employee 
2020-05-19 14:25:34.386 [http-nio-8099-exec-4] DEBUG com.sz.gym.dao.EmployeeMapper.selectByExample - ==> Parameters: 
2020-05-19 14:25:34.384 [http-nio-8099-exec-8] DEBUG com.sz.gym.dao.CustomerMapper.selectByExample - ==> Parameters: 
2020-05-19 14:25:34.389 [http-nio-8099-exec-7] DEBUG com.sz.gym.dao.FacilitiesMapper.selectByExample - ==>  Preparing: select id, facilities_name, number, create_time, update_time, discription, facilities_Status, price, facilities_type from facilities 
2020-05-19 14:25:34.389 [http-nio-8099-exec-7] DEBUG com.sz.gym.dao.FacilitiesMapper.selectByExample - ==> Parameters: 
2020-05-19 14:25:34.392 [http-nio-8099-exec-4] DEBUG com.sz.gym.dao.EmployeeMapper.selectByExample - <==      Total: 4
2020-05-19 14:25:34.393 [http-nio-8099-exec-5] DEBUG com.sz.gym.dao.ActivityMapper.selectByExample - ==>  Preparing: select activity_id, activity_name, activity_description, activity_user, activity_residueTime, create_time, update_time, activity_status from activity 
2020-05-19 14:25:34.394 [http-nio-8099-exec-5] DEBUG com.sz.gym.dao.ActivityMapper.selectByExample - ==> Parameters: 
2020-05-19 14:25:34.401 [http-nio-8099-exec-1] DEBUG com.sz.gym.dao.FinanceMapper.selectByExample - ==>  Preparing: select finance_id, finance_name, finance_description, finance_type, create_time, money, finance_reclassify from finance WHERE ( create_time between ? and ? ) 
2020-05-19 14:25:34.402 [http-nio-8099-exec-7] DEBUG com.sz.gym.dao.FacilitiesMapper.selectByExample - <==      Total: 9
2020-05-19 14:25:34.402 [http-nio-8099-exec-7] DEBUG com.sz.gym.service.impl.DashboardServiceImpl - =======================计算不同的比列==============================
2020-05-19 14:25:34.403 [http-nio-8099-exec-7] DEBUG com.sz.gym.service.impl.DashboardServiceImpl - ==================有氧健身：22
2020-05-19 14:25:34.403 [http-nio-8099-exec-8] DEBUG com.sz.gym.dao.CustomerMapper.selectByExample - <==      Total: 4
2020-05-19 14:25:34.404 [http-nio-8099-exec-1] DEBUG com.sz.gym.dao.FinanceMapper.selectByExample - ==> Parameters: 2020-05-16 14:25:34.0(Timestamp), 2020-05-19 14:25:34.396(Timestamp)
2020-05-19 14:25:34.404 [http-nio-8099-exec-8] DEBUG com.sz.gym.dao.FacilitiesMapper.selectByExample - ==>  Preparing: select id, facilities_name, number, create_time, update_time, discription, facilities_Status, price, facilities_type from facilities 
2020-05-19 14:25:34.405 [http-nio-8099-exec-8] DEBUG com.sz.gym.dao.FacilitiesMapper.selectByExample - ==> Parameters: 
2020-05-19 14:25:34.407 [http-nio-8099-exec-5] DEBUG com.sz.gym.dao.ActivityMapper.selectByExample - <==      Total: 8
2020-05-19 14:25:34.411 [http-nio-8099-exec-8] DEBUG com.sz.gym.dao.FacilitiesMapper.selectByExample - <==      Total: 9
2020-05-19 14:25:34.413 [http-nio-8099-exec-8] DEBUG com.sz.gym.dao.EmployeeMapper.selectByExample - ==>  Preparing: select employee_id, employee_name, employee_password, employee_post, CREATE_TIME, update_time, salary, employee_relname, employee_phone, employee_email, employee_address from employee 
2020-05-19 14:25:34.413 [http-nio-8099-exec-8] DEBUG com.sz.gym.dao.EmployeeMapper.selectByExample - ==> Parameters: 
2020-05-19 14:25:34.415 [http-nio-8099-exec-1] DEBUG com.sz.gym.dao.FinanceMapper.selectByExample - <==      Total: 0
2020-05-19 14:25:34.416 [http-nio-8099-exec-8] DEBUG com.sz.gym.dao.EmployeeMapper.selectByExample - <==      Total: 4
2020-05-19 15:52:31.138 [http-nio-8099-exec-5] INFO  com.sz.gym.aspect.ControllerAspect - 访问的URL : http://localhost:8099/api/File/getAllFileName
2020-05-19 15:52:31.139 [http-nio-8099-exec-5] INFO  com.sz.gym.aspect.ControllerAspect - 请求方法 : GET
2020-05-19 15:52:31.139 [http-nio-8099-exec-5] INFO  com.sz.gym.aspect.ControllerAspect - 请求IP地址 : 0:0:0:0:0:0:0:1
2020-05-19 15:52:31.139 [http-nio-8099-exec-5] INFO  com.sz.gym.aspect.ControllerAspect - 请求参数 : []
2020-05-19 15:52:31.139 [http-nio-8099-exec-5] INFO  com.sz.gym.aspect.ControllerAspect - ################CLASS_METHOD : com.sz.gym.web.controller.FileController.getAllFileName
2020-05-19 15:52:31.139 [http-nio-8099-exec-5] INFO  com.sz.gym.aspect.ControllerAspect - ################TARGET: com.sz.gym.web.controller.FileController@6f4f0576
2020-05-19 15:52:31.139 [http-nio-8099-exec-5] WARN  com.sz.gym.aspect.ControllerAspect - ======================请妥善使用SpringAOP功能================
2020-05-19 15:52:31.139 [http-nio-8099-exec-5] INFO  com.sz.gym.aspect.ControllerAspect - ################THIS: com.sz.gym.web.controller.FileController@6f4f0576
2020-05-19 15:52:31.168 [http-nio-8099-exec-5] DEBUG com.sz.gym.dao.FileInfoMapper.selectByExample - ==>  Preparing: select file_id, file_name, file_address, file_description from fileinfo 
2020-05-19 15:52:31.168 [http-nio-8099-exec-5] DEBUG com.sz.gym.dao.FileInfoMapper.selectByExample - ==> Parameters: 
2020-05-19 15:52:31.179 [http-nio-8099-exec-5] DEBUG com.sz.gym.dao.FileInfoMapper.selectByExample - <==      Total: 4
2020-05-19 15:52:33.673 [http-nio-8099-exec-4] INFO  com.sz.gym.aspect.ControllerAspect - 访问的URL : http://localhost:8099/api/activity/UpdateStatus
2020-05-19 15:52:33.673 [http-nio-8099-exec-4] INFO  com.sz.gym.aspect.ControllerAspect - 请求方法 : GET
2020-05-19 15:52:33.673 [http-nio-8099-exec-4] INFO  com.sz.gym.aspect.ControllerAspect - 请求IP地址 : 0:0:0:0:0:0:0:1
2020-05-19 15:52:33.673 [http-nio-8099-exec-4] INFO  com.sz.gym.aspect.ControllerAspect - 请求参数 : []
2020-05-19 15:52:33.673 [http-nio-8099-exec-4] INFO  com.sz.gym.aspect.ControllerAspect - ################CLASS_METHOD : com.sz.gym.web.controller.ActivityController.getActivityByStatus
2020-05-19 15:52:33.673 [http-nio-8099-exec-4] INFO  com.sz.gym.aspect.ControllerAspect - ################TARGET: com.sz.gym.web.controller.ActivityController@1cc31a6a
2020-05-19 15:52:33.673 [http-nio-8099-exec-4] WARN  com.sz.gym.aspect.ControllerAspect - ======================请妥善使用SpringAOP功能================
2020-05-19 15:52:33.674 [http-nio-8099-exec-4] INFO  com.sz.gym.aspect.ControllerAspect - ################THIS: com.sz.gym.web.controller.ActivityController@1cc31a6a
2020-05-19 15:52:33.675 [http-nio-8099-exec-4] DEBUG com.sz.gym.dao.ActivityMapper.selectByExample - ==>  Preparing: select activity_id, activity_name, activity_description, activity_user, activity_residueTime, create_time, update_time, activity_status from activity 
2020-05-19 15:52:33.675 [http-nio-8099-exec-4] DEBUG com.sz.gym.dao.ActivityMapper.selectByExample - ==> Parameters: 
2020-05-19 15:52:33.678 [http-nio-8099-exec-4] DEBUG com.sz.gym.dao.ActivityMapper.selectByExample - <==      Total: 8
