2020-05-20 19:18:04.482 [restartedMain] INFO  com.sz.gym.GymApplication - Starting GymApplication on DESKTOP-R9H54P2 with PID 8720 (D:\Git\MrshenS\graduationProject\gym\target\classes started by 10518 in D:\Git\MrshenS\graduationProject\gym)
2020-05-20 19:18:04.487 [restartedMain] DEBUG com.sz.gym.GymApplication - Running with Spring Boot v2.2.2.RELEASE, Spring v5.2.2.RELEASE
2020-05-20 19:18:04.488 [restartedMain] INFO  com.sz.gym.GymApplication - No active profile set, falling back to default profiles: default
2020-05-20 19:18:06.930 [restartedMain] DEBUG org.apache.ibatis.logging.LogFactory - Logging initialized using 'class org.apache.ibatis.logging.slf4j.Slf4jImpl' adapter.
2020-05-20 19:18:09.230 [restartedMain] INFO  org.apache.coyote.http11.Http11NioProtocol - Initializing ProtocolHandler ["http-nio-8099"]
2020-05-20 19:18:09.232 [restartedMain] INFO  org.apache.catalina.core.StandardService - Starting service [Tomcat]
2020-05-20 19:18:09.232 [restartedMain] INFO  org.apache.catalina.core.StandardEngine - Starting Servlet engine: [Apache Tomcat/9.0.29]
2020-05-20 19:18:09.448 [restartedMain] INFO  o.a.c.core.ContainerBase.[Tomcat].[localhost].[/] - Initializing Spring embedded WebApplicationContext
2020-05-20 19:18:11.009 [restartedMain] DEBUG o.h.v.i.engine.resolver.TraversableResolvers - Cannot find javax.persistence.Persistence on classpath. Assuming non JPA 2 environment. All properties will per default be traversable.
2020-05-20 19:18:11.016 [restartedMain] DEBUG o.h.v.m.ResourceBundleMessageInterpolator - Loaded expression factory via original TCCL
2020-05-20 19:18:11.024 [restartedMain] DEBUG o.h.v.i.engine.resolver.TraversableResolvers - Cannot find javax.persistence.Persistence on classpath. Assuming non JPA 2 environment. All properties will per default be traversable.
2020-05-20 19:18:11.028 [restartedMain] DEBUG o.h.validator.internal.engine.ConfigurationImpl - Setting custom MessageInterpolator of type org.springframework.validation.beanvalidation.LocaleContextMessageInterpolator
2020-05-20 19:18:11.029 [restartedMain] DEBUG o.h.validator.internal.engine.ConfigurationImpl - Setting custom ConstraintValidatorFactory of type org.springframework.validation.beanvalidation.SpringConstraintValidatorFactory
2020-05-20 19:18:11.029 [restartedMain] DEBUG o.h.validator.internal.engine.ConfigurationImpl - Setting custom ParameterNameProvider of type org.springframework.validation.beanvalidation.LocalValidatorFactoryBean$1
2020-05-20 19:18:11.033 [restartedMain] DEBUG o.h.v.internal.xml.config.ValidationXmlParser - Trying to load META-INF/validation.xml for XML based Validator configuration.
2020-05-20 19:18:11.033 [restartedMain] DEBUG o.h.v.internal.xml.config.ResourceLoaderHelper - Trying to load META-INF/validation.xml via user class loader
2020-05-20 19:18:11.034 [restartedMain] DEBUG o.h.v.internal.xml.config.ResourceLoaderHelper - Trying to load META-INF/validation.xml via TCCL
2020-05-20 19:18:11.034 [restartedMain] DEBUG o.h.v.internal.xml.config.ResourceLoaderHelper - Trying to load META-INF/validation.xml via Hibernate Validator's class loader
2020-05-20 19:18:11.035 [restartedMain] DEBUG o.h.v.internal.xml.config.ValidationXmlParser - No META-INF/validation.xml found. Using annotation based configuration only.
2020-05-20 19:18:11.048 [restartedMain] DEBUG o.h.validator.internal.engine.ValidatorFactoryImpl - HV000234: Using org.springframework.validation.beanvalidation.LocaleContextMessageInterpolator as ValidatorFactory-scoped message interpolator.
2020-05-20 19:18:11.048 [restartedMain] DEBUG o.h.validator.internal.engine.ValidatorFactoryImpl - HV000234: Using org.hibernate.validator.internal.engine.resolver.TraverseAllTraversableResolver as ValidatorFactory-scoped traversable resolver.
2020-05-20 19:18:11.048 [restartedMain] DEBUG o.h.validator.internal.engine.ValidatorFactoryImpl - HV000234: Using org.hibernate.validator.internal.util.ExecutableParameterNameProvider as ValidatorFactory-scoped parameter name provider.
2020-05-20 19:18:11.049 [restartedMain] DEBUG o.h.validator.internal.engine.ValidatorFactoryImpl - HV000234: Using org.hibernate.validator.internal.engine.DefaultClockProvider as ValidatorFactory-scoped clock provider.
2020-05-20 19:18:11.049 [restartedMain] DEBUG o.h.validator.internal.engine.ValidatorFactoryImpl - HV000234: Using org.hibernate.validator.internal.engine.scripting.DefaultScriptEvaluatorFactory as ValidatorFactory-scoped script evaluator factory.
2020-05-20 19:18:12.086 [restartedMain] WARN  o.s.b.a.t.ThymeleafAutoConfiguration$DefaultTemplateResolverConfiguration - Cannot find template location: classpath:/templates/ (please add some templates or check your Thymeleaf configuration)
2020-05-20 19:18:12.898 [restartedMain] WARN  o.s.b.s.r.RedisStarterDeprecationWarningAutoConfiguration - spring-boot-starter-redis is deprecated as of Spring Boot 1.4, please migrate to spring-boot-starter-data-redis
2020-05-20 19:18:12.991 [restartedMain] INFO  org.apache.coyote.http11.Http11NioProtocol - Starting ProtocolHandler ["http-nio-8099"]
2020-05-20 19:18:13.058 [restartedMain] INFO  com.sz.gym.GymApplication - Started GymApplication in 9.785 seconds (JVM running for 14.496)
2020-05-20 19:18:13.063 [restartedMain] INFO  com.sz.gym.listener.StartedListener - 本项目spring容器共管理282个类
2020-05-20 19:18:13.063 [restartedMain] INFO  com.sz.gym.listener.StartedListener - welcome to 世界五百强健身房管理系统  颤抖凡人
2020-05-20 19:18:13.063 [restartedMain] INFO  com.sz.gym.listener.StartedListener - GYM World started at         http://192.168.99.1:8099
2020-05-20 19:18:13.063 [restartedMain] INFO  com.sz.gym.listener.StartedListener - 启动时间为：Wed May 20 19:18:13 CST 2020
2020-05-20 19:18:48.350 [http-nio-8099-exec-4] INFO  o.a.c.core.ContainerBase.[Tomcat].[localhost].[/] - Initializing Spring DispatcherServlet 'dispatcherServlet'
2020-05-20 19:18:48.397 [http-nio-8099-exec-1] INFO  com.sz.gym.aspect.ControllerAspect - 访问的URL : http://127.0.0.1:8099/api/dashboard/headerNumber
2020-05-20 19:18:48.397 [http-nio-8099-exec-5] INFO  com.sz.gym.aspect.ControllerAspect - 访问的URL : http://127.0.0.1:8099/api/dashboard/GetOptions
2020-05-20 19:18:48.397 [http-nio-8099-exec-4] INFO  com.sz.gym.aspect.ControllerAspect - 访问的URL : http://127.0.0.1:8099/api/dashboard/facilitiesRatio
2020-05-20 19:18:48.397 [http-nio-8099-exec-1] INFO  com.sz.gym.aspect.ControllerAspect - 请求方法 : GET
2020-05-20 19:18:48.397 [http-nio-8099-exec-2] INFO  com.sz.gym.aspect.ControllerAspect - 访问的URL : http://127.0.0.1:8099/api/activity/OfDashboard
2020-05-20 19:18:48.397 [http-nio-8099-exec-5] INFO  com.sz.gym.aspect.ControllerAspect - 请求方法 : GET
2020-05-20 19:18:48.397 [http-nio-8099-exec-4] INFO  com.sz.gym.aspect.ControllerAspect - 请求方法 : GET
2020-05-20 19:18:48.397 [http-nio-8099-exec-2] INFO  com.sz.gym.aspect.ControllerAspect - 请求方法 : GET
2020-05-20 19:18:48.397 [http-nio-8099-exec-3] INFO  com.sz.gym.aspect.ControllerAspect - 访问的URL : http://127.0.0.1:8099/api/employee
2020-05-20 19:18:48.397 [http-nio-8099-exec-2] INFO  com.sz.gym.aspect.ControllerAspect - 请求IP地址 : 127.0.0.1
2020-05-20 19:18:48.397 [http-nio-8099-exec-1] INFO  com.sz.gym.aspect.ControllerAspect - 请求IP地址 : 127.0.0.1
2020-05-20 19:18:48.397 [http-nio-8099-exec-4] INFO  com.sz.gym.aspect.ControllerAspect - 请求IP地址 : 127.0.0.1
2020-05-20 19:18:48.397 [http-nio-8099-exec-5] INFO  com.sz.gym.aspect.ControllerAspect - 请求IP地址 : 127.0.0.1
2020-05-20 19:18:48.397 [http-nio-8099-exec-3] INFO  com.sz.gym.aspect.ControllerAspect - 请求方法 : GET
2020-05-20 19:18:48.397 [http-nio-8099-exec-3] INFO  com.sz.gym.aspect.ControllerAspect - 请求IP地址 : 127.0.0.1
2020-05-20 19:18:48.398 [http-nio-8099-exec-2] INFO  com.sz.gym.aspect.ControllerAspect - 请求参数 : []
2020-05-20 19:18:48.398 [http-nio-8099-exec-1] INFO  com.sz.gym.aspect.ControllerAspect - 请求参数 : []
2020-05-20 19:18:48.398 [http-nio-8099-exec-5] INFO  com.sz.gym.aspect.ControllerAspect - 请求参数 : []
2020-05-20 19:18:48.398 [http-nio-8099-exec-4] INFO  com.sz.gym.aspect.ControllerAspect - 请求参数 : []
2020-05-20 19:18:48.398 [http-nio-8099-exec-3] INFO  com.sz.gym.aspect.ControllerAspect - 请求参数 : []
2020-05-20 19:18:48.400 [http-nio-8099-exec-4] INFO  com.sz.gym.aspect.ControllerAspect - ################CLASS_METHOD : com.sz.gym.web.controller.DashboardController.getFacilitiesRatios
2020-05-20 19:18:48.400 [http-nio-8099-exec-2] INFO  com.sz.gym.aspect.ControllerAspect - ################CLASS_METHOD : com.sz.gym.web.controller.ActivityController.getActivityOfDashboard
2020-05-20 19:18:48.400 [http-nio-8099-exec-4] INFO  com.sz.gym.aspect.ControllerAspect - ################TARGET: com.sz.gym.web.controller.DashboardController@21ec8d1e
2020-05-20 19:18:48.400 [http-nio-8099-exec-3] INFO  com.sz.gym.aspect.ControllerAspect - ################CLASS_METHOD : com.sz.gym.web.controller.EmployeeController.getAllEmployee
2020-05-20 19:18:48.400 [http-nio-8099-exec-4] WARN  com.sz.gym.aspect.ControllerAspect - ======================请妥善使用SpringAOP功能================
2020-05-20 19:18:48.400 [http-nio-8099-exec-1] INFO  com.sz.gym.aspect.ControllerAspect - ################CLASS_METHOD : com.sz.gym.web.controller.DashboardController.headerNumber
2020-05-20 19:18:48.400 [http-nio-8099-exec-1] INFO  com.sz.gym.aspect.ControllerAspect - ################TARGET: com.sz.gym.web.controller.DashboardController@21ec8d1e
2020-05-20 19:18:48.400 [http-nio-8099-exec-2] INFO  com.sz.gym.aspect.ControllerAspect - ################TARGET: com.sz.gym.web.controller.ActivityController@49346c49
2020-05-20 19:18:48.400 [http-nio-8099-exec-4] INFO  com.sz.gym.aspect.ControllerAspect - ################THIS: com.sz.gym.web.controller.DashboardController@21ec8d1e
2020-05-20 19:18:48.402 [http-nio-8099-exec-2] WARN  com.sz.gym.aspect.ControllerAspect - ======================请妥善使用SpringAOP功能================
2020-05-20 19:18:48.400 [http-nio-8099-exec-3] INFO  com.sz.gym.aspect.ControllerAspect - ################TARGET: com.sz.gym.web.controller.EmployeeController@855ed16
2020-05-20 19:18:48.400 [http-nio-8099-exec-1] WARN  com.sz.gym.aspect.ControllerAspect - ======================请妥善使用SpringAOP功能================
2020-05-20 19:18:48.402 [http-nio-8099-exec-3] WARN  com.sz.gym.aspect.ControllerAspect - ======================请妥善使用SpringAOP功能================
2020-05-20 19:18:48.402 [http-nio-8099-exec-1] INFO  com.sz.gym.aspect.ControllerAspect - ################THIS: com.sz.gym.web.controller.DashboardController@21ec8d1e
2020-05-20 19:18:48.402 [http-nio-8099-exec-3] INFO  com.sz.gym.aspect.ControllerAspect - ################THIS: com.sz.gym.web.controller.EmployeeController@855ed16
2020-05-20 19:18:48.402 [http-nio-8099-exec-2] INFO  com.sz.gym.aspect.ControllerAspect - ################THIS: com.sz.gym.web.controller.ActivityController@49346c49
2020-05-20 19:18:48.400 [http-nio-8099-exec-5] INFO  com.sz.gym.aspect.ControllerAspect - ################CLASS_METHOD : com.sz.gym.web.controller.DashboardController.getDashboardSchartOfOptions
2020-05-20 19:18:48.405 [http-nio-8099-exec-5] INFO  com.sz.gym.aspect.ControllerAspect - ################TARGET: com.sz.gym.web.controller.DashboardController@21ec8d1e
2020-05-20 19:18:48.406 [http-nio-8099-exec-5] WARN  com.sz.gym.aspect.ControllerAspect - ======================请妥善使用SpringAOP功能================
2020-05-20 19:18:48.406 [http-nio-8099-exec-5] INFO  com.sz.gym.aspect.ControllerAspect - ################THIS: com.sz.gym.web.controller.DashboardController@21ec8d1e
2020-05-20 19:18:48.408 [http-nio-8099-exec-4] INFO  com.sz.gym.web.controller.DashboardController - ====================接收请求获取首页器械比例============================
2020-05-20 19:18:48.408 [http-nio-8099-exec-1] INFO  com.sz.gym.web.controller.DashboardController - 接收请求获取首页的员工 器械 和顾客 数量信息
2020-05-20 19:18:48.409 [http-nio-8099-exec-1] INFO  com.sz.gym.service.impl.DashboardServiceImpl - 获取首页的数量信息
2020-05-20 19:18:50.909 [http-nio-8099-exec-3] DEBUG com.sz.gym.dao.EmployeeMapper.selectByExample - ==>  Preparing: select employee_id, employee_name, employee_password, employee_post, CREATE_TIME, update_time, salary, employee_relname, employee_phone, employee_email, employee_address from employee 
2020-05-20 19:18:50.923 [http-nio-8099-exec-1] DEBUG com.sz.gym.dao.CustomerMapper.selectByExample - ==>  Preparing: select customer_id, customer_name, customer_phone, customer_type, customer_residueTime, create_time, update_time, birthday, customer_address, customer_description from customer 
2020-05-20 19:18:50.951 [http-nio-8099-exec-3] DEBUG com.sz.gym.dao.EmployeeMapper.selectByExample - ==> Parameters: 
2020-05-20 19:18:50.951 [http-nio-8099-exec-1] DEBUG com.sz.gym.dao.CustomerMapper.selectByExample - ==> Parameters: 
2020-05-20 19:18:50.951 [http-nio-8099-exec-4] INFO  com.sz.gym.service.impl.DashboardServiceImpl - ==================获取首页的数量信息========Service================
2020-05-20 19:18:50.958 [http-nio-8099-exec-4] DEBUG com.sz.gym.dao.FacilitiesMapper.selectByExample - ==>  Preparing: select id, facilities_name, number, create_time, update_time, discription, facilities_Status, price, facilities_type from facilities 
2020-05-20 19:18:50.958 [http-nio-8099-exec-4] DEBUG com.sz.gym.dao.FacilitiesMapper.selectByExample - ==> Parameters: 
2020-05-20 19:18:50.982 [http-nio-8099-exec-2] DEBUG com.sz.gym.dao.ActivityMapper.selectByExample - ==>  Preparing: select activity_id, activity_name, activity_description, activity_user, activity_residueTime, create_time, update_time, activity_status from activity 
2020-05-20 19:18:50.983 [http-nio-8099-exec-2] DEBUG com.sz.gym.dao.ActivityMapper.selectByExample - ==> Parameters: 
2020-05-20 19:18:51.037 [http-nio-8099-exec-1] DEBUG com.sz.gym.dao.CustomerMapper.selectByExample - <==      Total: 4
2020-05-20 19:18:51.038 [http-nio-8099-exec-3] DEBUG com.sz.gym.dao.EmployeeMapper.selectByExample - <==      Total: 4
2020-05-20 19:18:51.039 [http-nio-8099-exec-2] DEBUG com.sz.gym.dao.ActivityMapper.selectByExample - <==      Total: 8
2020-05-20 19:18:51.040 [http-nio-8099-exec-4] DEBUG com.sz.gym.dao.FacilitiesMapper.selectByExample - <==      Total: 9
2020-05-20 19:18:51.043 [http-nio-8099-exec-5] DEBUG com.sz.gym.dao.FinanceMapper.selectByExample - ==>  Preparing: select finance_id, finance_name, finance_description, finance_type, create_time, money, finance_reclassify from finance WHERE ( create_time between ? and ? ) 
2020-05-20 19:18:51.047 [http-nio-8099-exec-4] DEBUG com.sz.gym.service.impl.DashboardServiceImpl - =======================计算不同的比列==============================
2020-05-20 19:18:51.047 [http-nio-8099-exec-5] DEBUG com.sz.gym.dao.FinanceMapper.selectByExample - ==> Parameters: 2020-05-17 19:18:51.0(Timestamp), 2020-05-20 19:18:51.015(Timestamp)
2020-05-20 19:18:51.049 [http-nio-8099-exec-4] DEBUG com.sz.gym.service.impl.DashboardServiceImpl - ==================有氧健身：22
2020-05-20 19:18:51.051 [http-nio-8099-exec-1] DEBUG com.sz.gym.dao.FacilitiesMapper.selectByExample - ==>  Preparing: select id, facilities_name, number, create_time, update_time, discription, facilities_Status, price, facilities_type from facilities 
2020-05-20 19:18:51.051 [http-nio-8099-exec-1] DEBUG com.sz.gym.dao.FacilitiesMapper.selectByExample - ==> Parameters: 
2020-05-20 19:18:51.059 [http-nio-8099-exec-5] DEBUG com.sz.gym.dao.FinanceMapper.selectByExample - <==      Total: 0
2020-05-20 19:18:51.063 [http-nio-8099-exec-1] DEBUG com.sz.gym.dao.FacilitiesMapper.selectByExample - <==      Total: 9
2020-05-20 19:18:51.064 [http-nio-8099-exec-1] DEBUG com.sz.gym.dao.EmployeeMapper.selectByExample - ==>  Preparing: select employee_id, employee_name, employee_password, employee_post, CREATE_TIME, update_time, salary, employee_relname, employee_phone, employee_email, employee_address from employee 
2020-05-20 19:18:51.064 [http-nio-8099-exec-1] DEBUG com.sz.gym.dao.EmployeeMapper.selectByExample - ==> Parameters: 
2020-05-20 19:18:51.068 [http-nio-8099-exec-1] DEBUG com.sz.gym.dao.EmployeeMapper.selectByExample - <==      Total: 4
2020-05-20 19:19:01.790 [http-nio-8099-exec-8] INFO  com.sz.gym.aspect.ControllerAspect - 访问的URL : http://localhost:8099/api/login
2020-05-20 19:19:01.794 [http-nio-8099-exec-8] INFO  com.sz.gym.aspect.ControllerAspect - 请求方法 : POST
2020-05-20 19:19:01.794 [http-nio-8099-exec-8] INFO  com.sz.gym.aspect.ControllerAspect - 请求IP地址 : 0:0:0:0:0:0:0:1
2020-05-20 19:19:01.794 [http-nio-8099-exec-8] INFO  com.sz.gym.aspect.ControllerAspect - 请求参数 : [LoginParam(username=admin, password=123123), org.apache.catalina.connector.RequestFacade@38b40c2, org.apache.catalina.connector.ResponseFacade@5d6f7f23]
2020-05-20 19:19:01.794 [http-nio-8099-exec-8] INFO  com.sz.gym.aspect.ControllerAspect - ################CLASS_METHOD : com.sz.gym.web.controller.EmployeeController.login
2020-05-20 19:19:01.794 [http-nio-8099-exec-8] INFO  com.sz.gym.aspect.ControllerAspect - ################TARGET: com.sz.gym.web.controller.EmployeeController@855ed16
2020-05-20 19:19:01.794 [http-nio-8099-exec-8] WARN  com.sz.gym.aspect.ControllerAspect - ======================请妥善使用SpringAOP功能================
2020-05-20 19:19:01.794 [http-nio-8099-exec-8] INFO  com.sz.gym.aspect.ControllerAspect - ################THIS: com.sz.gym.web.controller.EmployeeController@855ed16
2020-05-20 19:19:01.803 [http-nio-8099-exec-8] DEBUG com.sz.gym.dao.EmployeeMapper.selectByExample - ==>  Preparing: select employee_id, employee_name, employee_password, employee_post, CREATE_TIME, update_time, salary, employee_relname, employee_phone, employee_email, employee_address from employee WHERE ( employee_name = ? ) 
2020-05-20 19:19:01.804 [http-nio-8099-exec-8] DEBUG com.sz.gym.dao.EmployeeMapper.selectByExample - ==> Parameters: admin(String)
2020-05-20 19:19:01.807 [http-nio-8099-exec-8] DEBUG com.sz.gym.dao.EmployeeMapper.selectByExample - <==      Total: 1
2020-05-20 19:19:01.814 [http-nio-8099-exec-8] DEBUG com.sz.gym.dao.EmployeeMapper.selectByExample - ==>  Preparing: select employee_id, employee_name, employee_password, employee_post, CREATE_TIME, update_time, salary, employee_relname, employee_phone, employee_email, employee_address from employee WHERE ( employee_name = ? ) 
2020-05-20 19:19:01.814 [http-nio-8099-exec-8] DEBUG com.sz.gym.dao.EmployeeMapper.selectByExample - ==> Parameters: admin(String)
2020-05-20 19:19:01.815 [http-nio-8099-exec-8] DEBUG com.sz.gym.dao.EmployeeMapper.selectByExample - <==      Total: 1
2020-05-20 19:19:01.961 [http-nio-8099-exec-9] INFO  com.sz.gym.aspect.ControllerAspect - 访问的URL : http://localhost:8099/api/dashboard/headerNumber
2020-05-20 19:19:01.961 [http-nio-8099-exec-9] INFO  com.sz.gym.aspect.ControllerAspect - 请求方法 : GET
2020-05-20 19:19:01.961 [http-nio-8099-exec-9] INFO  com.sz.gym.aspect.ControllerAspect - 请求IP地址 : 0:0:0:0:0:0:0:1
2020-05-20 19:19:01.961 [http-nio-8099-exec-9] INFO  com.sz.gym.aspect.ControllerAspect - 请求参数 : []
2020-05-20 19:19:01.961 [http-nio-8099-exec-9] INFO  com.sz.gym.aspect.ControllerAspect - ################CLASS_METHOD : com.sz.gym.web.controller.DashboardController.headerNumber
2020-05-20 19:19:01.961 [http-nio-8099-exec-9] INFO  com.sz.gym.aspect.ControllerAspect - ################TARGET: com.sz.gym.web.controller.DashboardController@21ec8d1e
2020-05-20 19:19:01.961 [http-nio-8099-exec-9] WARN  com.sz.gym.aspect.ControllerAspect - ======================请妥善使用SpringAOP功能================
2020-05-20 19:19:01.961 [http-nio-8099-exec-9] INFO  com.sz.gym.aspect.ControllerAspect - ################THIS: com.sz.gym.web.controller.DashboardController@21ec8d1e
2020-05-20 19:19:01.962 [http-nio-8099-exec-9] INFO  com.sz.gym.web.controller.DashboardController - 接收请求获取首页的员工 器械 和顾客 数量信息
2020-05-20 19:19:01.962 [http-nio-8099-exec-9] INFO  com.sz.gym.service.impl.DashboardServiceImpl - 获取首页的数量信息
2020-05-20 19:19:01.962 [http-nio-8099-exec-9] DEBUG com.sz.gym.dao.CustomerMapper.selectByExample - ==>  Preparing: select customer_id, customer_name, customer_phone, customer_type, customer_residueTime, create_time, update_time, birthday, customer_address, customer_description from customer 
2020-05-20 19:19:01.963 [http-nio-8099-exec-9] DEBUG com.sz.gym.dao.CustomerMapper.selectByExample - ==> Parameters: 
2020-05-20 19:19:01.965 [http-nio-8099-exec-10] INFO  com.sz.gym.aspect.ControllerAspect - 访问的URL : http://localhost:8099/api/employee
2020-05-20 19:19:01.965 [http-nio-8099-exec-10] INFO  com.sz.gym.aspect.ControllerAspect - 请求方法 : GET
2020-05-20 19:19:01.965 [http-nio-8099-exec-10] INFO  com.sz.gym.aspect.ControllerAspect - 请求IP地址 : 0:0:0:0:0:0:0:1
2020-05-20 19:19:01.965 [http-nio-8099-exec-9] DEBUG com.sz.gym.dao.CustomerMapper.selectByExample - <==      Total: 4
2020-05-20 19:19:01.965 [http-nio-8099-exec-10] INFO  com.sz.gym.aspect.ControllerAspect - 请求参数 : []
2020-05-20 19:19:01.966 [http-nio-8099-exec-10] INFO  com.sz.gym.aspect.ControllerAspect - ################CLASS_METHOD : com.sz.gym.web.controller.EmployeeController.getAllEmployee
2020-05-20 19:19:01.966 [http-nio-8099-exec-1] INFO  com.sz.gym.aspect.ControllerAspect - 访问的URL : http://localhost:8099/api/activity/OfDashboard
2020-05-20 19:19:01.966 [http-nio-8099-exec-10] INFO  com.sz.gym.aspect.ControllerAspect - ################TARGET: com.sz.gym.web.controller.EmployeeController@855ed16
2020-05-20 19:19:01.966 [http-nio-8099-exec-1] INFO  com.sz.gym.aspect.ControllerAspect - 请求方法 : GET
2020-05-20 19:19:01.966 [http-nio-8099-exec-10] WARN  com.sz.gym.aspect.ControllerAspect - ======================请妥善使用SpringAOP功能================
2020-05-20 19:19:01.966 [http-nio-8099-exec-1] INFO  com.sz.gym.aspect.ControllerAspect - 请求IP地址 : 0:0:0:0:0:0:0:1
2020-05-20 19:19:01.966 [http-nio-8099-exec-10] INFO  com.sz.gym.aspect.ControllerAspect - ################THIS: com.sz.gym.web.controller.EmployeeController@855ed16
2020-05-20 19:19:01.966 [http-nio-8099-exec-1] INFO  com.sz.gym.aspect.ControllerAspect - 请求参数 : []
2020-05-20 19:19:01.966 [http-nio-8099-exec-1] INFO  com.sz.gym.aspect.ControllerAspect - ################CLASS_METHOD : com.sz.gym.web.controller.ActivityController.getActivityOfDashboard
2020-05-20 19:19:01.966 [http-nio-8099-exec-1] INFO  com.sz.gym.aspect.ControllerAspect - ################TARGET: com.sz.gym.web.controller.ActivityController@49346c49
2020-05-20 19:19:01.966 [http-nio-8099-exec-1] WARN  com.sz.gym.aspect.ControllerAspect - ======================请妥善使用SpringAOP功能================
2020-05-20 19:19:01.966 [http-nio-8099-exec-1] INFO  com.sz.gym.aspect.ControllerAspect - ################THIS: com.sz.gym.web.controller.ActivityController@49346c49
2020-05-20 19:19:01.967 [http-nio-8099-exec-9] DEBUG com.sz.gym.dao.FacilitiesMapper.selectByExample - ==>  Preparing: select id, facilities_name, number, create_time, update_time, discription, facilities_Status, price, facilities_type from facilities 
2020-05-20 19:19:01.967 [http-nio-8099-exec-10] DEBUG com.sz.gym.dao.EmployeeMapper.selectByExample - ==>  Preparing: select employee_id, employee_name, employee_password, employee_post, CREATE_TIME, update_time, salary, employee_relname, employee_phone, employee_email, employee_address from employee 
2020-05-20 19:19:01.967 [http-nio-8099-exec-9] DEBUG com.sz.gym.dao.FacilitiesMapper.selectByExample - ==> Parameters: 
2020-05-20 19:19:01.967 [http-nio-8099-exec-10] DEBUG com.sz.gym.dao.EmployeeMapper.selectByExample - ==> Parameters: 
2020-05-20 19:19:01.967 [http-nio-8099-exec-1] DEBUG com.sz.gym.dao.ActivityMapper.selectByExample - ==>  Preparing: select activity_id, activity_name, activity_description, activity_user, activity_residueTime, create_time, update_time, activity_status from activity 
2020-05-20 19:19:01.967 [http-nio-8099-exec-1] DEBUG com.sz.gym.dao.ActivityMapper.selectByExample - ==> Parameters: 
2020-05-20 19:19:01.969 [http-nio-8099-exec-10] DEBUG com.sz.gym.dao.EmployeeMapper.selectByExample - <==      Total: 4
2020-05-20 19:19:01.970 [http-nio-8099-exec-9] DEBUG com.sz.gym.dao.FacilitiesMapper.selectByExample - <==      Total: 9
2020-05-20 19:19:01.971 [http-nio-8099-exec-4] INFO  com.sz.gym.aspect.ControllerAspect - 访问的URL : http://localhost:8099/api/dashboard/facilitiesRatio
2020-05-20 19:19:01.971 [http-nio-8099-exec-9] DEBUG com.sz.gym.dao.EmployeeMapper.selectByExample - ==>  Preparing: select employee_id, employee_name, employee_password, employee_post, CREATE_TIME, update_time, salary, employee_relname, employee_phone, employee_email, employee_address from employee 
2020-05-20 19:19:01.971 [http-nio-8099-exec-4] INFO  com.sz.gym.aspect.ControllerAspect - 请求方法 : GET
2020-05-20 19:19:01.971 [http-nio-8099-exec-2] INFO  com.sz.gym.aspect.ControllerAspect - 访问的URL : http://localhost:8099/api/dashboard/GetOptions
2020-05-20 19:19:01.971 [http-nio-8099-exec-4] INFO  com.sz.gym.aspect.ControllerAspect - 请求IP地址 : 0:0:0:0:0:0:0:1
2020-05-20 19:19:01.971 [http-nio-8099-exec-2] INFO  com.sz.gym.aspect.ControllerAspect - 请求方法 : GET
2020-05-20 19:19:01.971 [http-nio-8099-exec-4] INFO  com.sz.gym.aspect.ControllerAspect - 请求参数 : []
2020-05-20 19:19:01.971 [http-nio-8099-exec-2] INFO  com.sz.gym.aspect.ControllerAspect - 请求IP地址 : 0:0:0:0:0:0:0:1
2020-05-20 19:19:01.971 [http-nio-8099-exec-9] DEBUG com.sz.gym.dao.EmployeeMapper.selectByExample - ==> Parameters: 
2020-05-20 19:19:01.971 [http-nio-8099-exec-4] INFO  com.sz.gym.aspect.ControllerAspect - ################CLASS_METHOD : com.sz.gym.web.controller.DashboardController.getFacilitiesRatios
2020-05-20 19:19:01.971 [http-nio-8099-exec-2] INFO  com.sz.gym.aspect.ControllerAspect - 请求参数 : []
2020-05-20 19:19:01.972 [http-nio-8099-exec-4] INFO  com.sz.gym.aspect.ControllerAspect - ################TARGET: com.sz.gym.web.controller.DashboardController@21ec8d1e
2020-05-20 19:19:01.972 [http-nio-8099-exec-2] INFO  com.sz.gym.aspect.ControllerAspect - ################CLASS_METHOD : com.sz.gym.web.controller.DashboardController.getDashboardSchartOfOptions
2020-05-20 19:19:01.972 [http-nio-8099-exec-4] WARN  com.sz.gym.aspect.ControllerAspect - ======================请妥善使用SpringAOP功能================
2020-05-20 19:19:01.972 [http-nio-8099-exec-4] INFO  com.sz.gym.aspect.ControllerAspect - ################THIS: com.sz.gym.web.controller.DashboardController@21ec8d1e
2020-05-20 19:19:01.972 [http-nio-8099-exec-2] INFO  com.sz.gym.aspect.ControllerAspect - ################TARGET: com.sz.gym.web.controller.DashboardController@21ec8d1e
2020-05-20 19:19:01.973 [http-nio-8099-exec-1] DEBUG com.sz.gym.dao.ActivityMapper.selectByExample - <==      Total: 8
2020-05-20 19:19:01.973 [http-nio-8099-exec-2] WARN  com.sz.gym.aspect.ControllerAspect - ======================请妥善使用SpringAOP功能================
2020-05-20 19:19:01.974 [http-nio-8099-exec-2] INFO  com.sz.gym.aspect.ControllerAspect - ################THIS: com.sz.gym.web.controller.DashboardController@21ec8d1e
2020-05-20 19:19:01.973 [http-nio-8099-exec-4] INFO  com.sz.gym.web.controller.DashboardController - ====================接收请求获取首页器械比例============================
2020-05-20 19:19:01.978 [http-nio-8099-exec-2] DEBUG com.sz.gym.dao.FinanceMapper.selectByExample - ==>  Preparing: select finance_id, finance_name, finance_description, finance_type, create_time, money, finance_reclassify from finance WHERE ( create_time between ? and ? ) 
2020-05-20 19:19:01.978 [http-nio-8099-exec-4] INFO  com.sz.gym.service.impl.DashboardServiceImpl - ==================获取首页的数量信息========Service================
2020-05-20 19:19:01.978 [http-nio-8099-exec-2] DEBUG com.sz.gym.dao.FinanceMapper.selectByExample - ==> Parameters: 2020-05-17 19:19:01.0(Timestamp), 2020-05-20 19:19:01.976(Timestamp)
2020-05-20 19:19:01.978 [http-nio-8099-exec-4] DEBUG com.sz.gym.dao.FacilitiesMapper.selectByExample - ==>  Preparing: select id, facilities_name, number, create_time, update_time, discription, facilities_Status, price, facilities_type from facilities 
2020-05-20 19:19:01.979 [http-nio-8099-exec-9] DEBUG com.sz.gym.dao.EmployeeMapper.selectByExample - <==      Total: 4
2020-05-20 19:19:01.979 [http-nio-8099-exec-4] DEBUG com.sz.gym.dao.FacilitiesMapper.selectByExample - ==> Parameters: 
2020-05-20 19:19:01.980 [http-nio-8099-exec-2] DEBUG com.sz.gym.dao.FinanceMapper.selectByExample - <==      Total: 0
2020-05-20 19:19:01.982 [http-nio-8099-exec-4] DEBUG com.sz.gym.dao.FacilitiesMapper.selectByExample - <==      Total: 9
2020-05-20 19:19:01.983 [http-nio-8099-exec-4] DEBUG com.sz.gym.service.impl.DashboardServiceImpl - =======================计算不同的比列==============================
2020-05-20 19:19:01.983 [http-nio-8099-exec-4] DEBUG com.sz.gym.service.impl.DashboardServiceImpl - ==================有氧健身：22
