2020-05-08 22:39:24.453 [restartedMain] INFO  com.sz.gym.GymApplication - Starting GymApplication on DESKTOP-R9H54P2 with PID 4084 (D:\Git\MrshenS\graduationProject\gym\target\classes started by 10518 in D:\Git\MrshenS\graduationProject\gym)
2020-05-08 22:39:24.457 [restartedMain] DEBUG com.sz.gym.GymApplication - Running with Spring Boot v2.2.2.RELEASE, Spring v5.2.2.RELEASE
2020-05-08 22:39:24.458 [restartedMain] INFO  com.sz.gym.GymApplication - No active profile set, falling back to default profiles: default
2020-05-08 22:39:26.401 [restartedMain] DEBUG org.apache.ibatis.logging.LogFactory - Logging initialized using 'class org.apache.ibatis.logging.slf4j.Slf4jImpl' adapter.
2020-05-08 22:39:28.046 [restartedMain] INFO  org.apache.coyote.http11.Http11NioProtocol - Initializing ProtocolHandler ["http-nio-8099"]
2020-05-08 22:39:28.047 [restartedMain] INFO  org.apache.catalina.core.StandardService - Starting service [Tomcat]
2020-05-08 22:39:28.048 [restartedMain] INFO  org.apache.catalina.core.StandardEngine - Starting Servlet engine: [Apache Tomcat/9.0.29]
2020-05-08 22:39:28.227 [restartedMain] INFO  o.a.c.core.ContainerBase.[Tomcat].[localhost].[/] - Initializing Spring embedded WebApplicationContext
2020-05-08 22:39:30.170 [restartedMain] DEBUG o.h.v.i.engine.resolver.TraversableResolvers - Cannot find javax.persistence.Persistence on classpath. Assuming non JPA 2 environment. All properties will per default be traversable.
2020-05-08 22:39:30.173 [restartedMain] DEBUG o.h.v.m.ResourceBundleMessageInterpolator - Loaded expression factory via original TCCL
2020-05-08 22:39:30.180 [restartedMain] DEBUG o.h.v.i.engine.resolver.TraversableResolvers - Cannot find javax.persistence.Persistence on classpath. Assuming non JPA 2 environment. All properties will per default be traversable.
2020-05-08 22:39:30.183 [restartedMain] DEBUG o.h.validator.internal.engine.ConfigurationImpl - Setting custom MessageInterpolator of type org.springframework.validation.beanvalidation.LocaleContextMessageInterpolator
2020-05-08 22:39:30.184 [restartedMain] DEBUG o.h.validator.internal.engine.ConfigurationImpl - Setting custom ConstraintValidatorFactory of type org.springframework.validation.beanvalidation.SpringConstraintValidatorFactory
2020-05-08 22:39:30.185 [restartedMain] DEBUG o.h.validator.internal.engine.ConfigurationImpl - Setting custom ParameterNameProvider of type org.springframework.validation.beanvalidation.LocalValidatorFactoryBean$1
2020-05-08 22:39:30.187 [restartedMain] DEBUG o.h.v.internal.xml.config.ValidationXmlParser - Trying to load META-INF/validation.xml for XML based Validator configuration.
2020-05-08 22:39:30.187 [restartedMain] DEBUG o.h.v.internal.xml.config.ResourceLoaderHelper - Trying to load META-INF/validation.xml via user class loader
2020-05-08 22:39:30.188 [restartedMain] DEBUG o.h.v.internal.xml.config.ResourceLoaderHelper - Trying to load META-INF/validation.xml via TCCL
2020-05-08 22:39:30.188 [restartedMain] DEBUG o.h.v.internal.xml.config.ResourceLoaderHelper - Trying to load META-INF/validation.xml via Hibernate Validator's class loader
2020-05-08 22:39:30.189 [restartedMain] DEBUG o.h.v.internal.xml.config.ValidationXmlParser - No META-INF/validation.xml found. Using annotation based configuration only.
2020-05-08 22:39:30.202 [restartedMain] DEBUG o.h.validator.internal.engine.ValidatorFactoryImpl - HV000234: Using org.springframework.validation.beanvalidation.LocaleContextMessageInterpolator as ValidatorFactory-scoped message interpolator.
2020-05-08 22:39:30.202 [restartedMain] DEBUG o.h.validator.internal.engine.ValidatorFactoryImpl - HV000234: Using org.hibernate.validator.internal.engine.resolver.TraverseAllTraversableResolver as ValidatorFactory-scoped traversable resolver.
2020-05-08 22:39:30.203 [restartedMain] DEBUG o.h.validator.internal.engine.ValidatorFactoryImpl - HV000234: Using org.hibernate.validator.internal.util.ExecutableParameterNameProvider as ValidatorFactory-scoped parameter name provider.
2020-05-08 22:39:30.203 [restartedMain] DEBUG o.h.validator.internal.engine.ValidatorFactoryImpl - HV000234: Using org.hibernate.validator.internal.engine.DefaultClockProvider as ValidatorFactory-scoped clock provider.
2020-05-08 22:39:30.203 [restartedMain] DEBUG o.h.validator.internal.engine.ValidatorFactoryImpl - HV000234: Using org.hibernate.validator.internal.engine.scripting.DefaultScriptEvaluatorFactory as ValidatorFactory-scoped script evaluator factory.
2020-05-08 22:39:31.246 [restartedMain] WARN  o.s.b.a.t.ThymeleafAutoConfiguration$DefaultTemplateResolverConfiguration - Cannot find template location: classpath:/templates/ (please add some templates or check your Thymeleaf configuration)
2020-05-08 22:39:32.068 [restartedMain] WARN  o.s.b.s.r.RedisStarterDeprecationWarningAutoConfiguration - spring-boot-starter-redis is deprecated as of Spring Boot 1.4, please migrate to spring-boot-starter-data-redis
2020-05-08 22:39:32.148 [restartedMain] INFO  org.apache.coyote.http11.Http11NioProtocol - Starting ProtocolHandler ["http-nio-8099"]
2020-05-08 22:39:32.200 [restartedMain] INFO  com.sz.gym.GymApplication - Started GymApplication in 8.504 seconds (JVM running for 12.351)
2020-05-08 22:39:32.204 [restartedMain] INFO  com.sz.gym.listener.StartedListener - 本项目spring容器共管理282个类
2020-05-08 22:39:32.204 [restartedMain] INFO  com.sz.gym.listener.StartedListener - welcome to 世界五百强健身房管理系统  颤抖凡人
2020-05-08 22:39:32.204 [restartedMain] INFO  com.sz.gym.listener.StartedListener - GYM World started at         http://192.168.99.1:8099
2020-05-08 22:39:32.204 [restartedMain] INFO  com.sz.gym.listener.StartedListener - 启动时间为：Fri May 08 22:39:32 CST 2020
2020-05-08 22:39:32.527 [http-nio-8099-exec-2] INFO  o.a.c.core.ContainerBase.[Tomcat].[localhost].[/] - Initializing Spring DispatcherServlet 'dispatcherServlet'
2020-05-08 22:39:32.590 [http-nio-8099-exec-1] INFO  com.sz.gym.aspect.ControllerAspect - 访问的URL : http://127.0.0.1:8099/api/dashboard/GetOptions
2020-05-08 22:39:32.590 [http-nio-8099-exec-5] INFO  com.sz.gym.aspect.ControllerAspect - 访问的URL : http://127.0.0.1:8099/api/dashboard/facilitiesRatio
2020-05-08 22:39:32.590 [http-nio-8099-exec-3] INFO  com.sz.gym.aspect.ControllerAspect - 访问的URL : http://127.0.0.1:8099/api/activity/OfDashboard
2020-05-08 22:39:32.590 [http-nio-8099-exec-2] INFO  com.sz.gym.aspect.ControllerAspect - 访问的URL : http://127.0.0.1:8099/api/employee
2020-05-08 22:39:32.591 [http-nio-8099-exec-5] INFO  com.sz.gym.aspect.ControllerAspect - 请求方法 : GET
2020-05-08 22:39:32.591 [http-nio-8099-exec-3] INFO  com.sz.gym.aspect.ControllerAspect - 请求方法 : GET
2020-05-08 22:39:32.591 [http-nio-8099-exec-2] INFO  com.sz.gym.aspect.ControllerAspect - 请求方法 : GET
2020-05-08 22:39:32.590 [http-nio-8099-exec-4] INFO  com.sz.gym.aspect.ControllerAspect - 访问的URL : http://127.0.0.1:8099/api/dashboard/headerNumber
2020-05-08 22:39:32.591 [http-nio-8099-exec-3] INFO  com.sz.gym.aspect.ControllerAspect - 请求IP地址 : 127.0.0.1
2020-05-08 22:39:32.591 [http-nio-8099-exec-5] INFO  com.sz.gym.aspect.ControllerAspect - 请求IP地址 : 127.0.0.1
2020-05-08 22:39:32.591 [http-nio-8099-exec-2] INFO  com.sz.gym.aspect.ControllerAspect - 请求IP地址 : 127.0.0.1
2020-05-08 22:39:32.591 [http-nio-8099-exec-4] INFO  com.sz.gym.aspect.ControllerAspect - 请求方法 : GET
2020-05-08 22:39:32.591 [http-nio-8099-exec-4] INFO  com.sz.gym.aspect.ControllerAspect - 请求IP地址 : 127.0.0.1
2020-05-08 22:39:32.591 [http-nio-8099-exec-3] INFO  com.sz.gym.aspect.ControllerAspect - 请求参数 : []
2020-05-08 22:39:32.591 [http-nio-8099-exec-1] INFO  com.sz.gym.aspect.ControllerAspect - 请求方法 : GET
2020-05-08 22:39:32.592 [http-nio-8099-exec-1] INFO  com.sz.gym.aspect.ControllerAspect - 请求IP地址 : 127.0.0.1
2020-05-08 22:39:32.592 [http-nio-8099-exec-1] INFO  com.sz.gym.aspect.ControllerAspect - 请求参数 : []
2020-05-08 22:39:32.593 [http-nio-8099-exec-4] INFO  com.sz.gym.aspect.ControllerAspect - 请求参数 : []
2020-05-08 22:39:32.593 [http-nio-8099-exec-2] INFO  com.sz.gym.aspect.ControllerAspect - 请求参数 : []
2020-05-08 22:39:32.595 [http-nio-8099-exec-5] INFO  com.sz.gym.aspect.ControllerAspect - 请求参数 : []
2020-05-08 22:39:32.595 [http-nio-8099-exec-1] INFO  com.sz.gym.aspect.ControllerAspect - ################CLASS_METHOD : com.sz.gym.web.controller.DashboardController.getDashboardSchartOfOptions
2020-05-08 22:39:32.595 [http-nio-8099-exec-5] INFO  com.sz.gym.aspect.ControllerAspect - ################CLASS_METHOD : com.sz.gym.web.controller.DashboardController.getFacilitiesRatios
2020-05-08 22:39:32.595 [http-nio-8099-exec-3] INFO  com.sz.gym.aspect.ControllerAspect - ################CLASS_METHOD : com.sz.gym.web.controller.ActivityController.getActivityOfDashboard
2020-05-08 22:39:32.595 [http-nio-8099-exec-5] INFO  com.sz.gym.aspect.ControllerAspect - ################TARGET: com.sz.gym.web.controller.DashboardController@3b8e2b8b
2020-05-08 22:39:32.595 [http-nio-8099-exec-2] INFO  com.sz.gym.aspect.ControllerAspect - ################CLASS_METHOD : com.sz.gym.web.controller.EmployeeController.getAllEmployee
2020-05-08 22:39:32.595 [http-nio-8099-exec-3] INFO  com.sz.gym.aspect.ControllerAspect - ################TARGET: com.sz.gym.web.controller.ActivityController@49581395
2020-05-08 22:39:32.595 [http-nio-8099-exec-2] INFO  com.sz.gym.aspect.ControllerAspect - ################TARGET: com.sz.gym.web.controller.EmployeeController@71a3ed0e
2020-05-08 22:39:32.595 [http-nio-8099-exec-4] INFO  com.sz.gym.aspect.ControllerAspect - ################CLASS_METHOD : com.sz.gym.web.controller.DashboardController.headerNumber
2020-05-08 22:39:32.595 [http-nio-8099-exec-1] INFO  com.sz.gym.aspect.ControllerAspect - ################TARGET: com.sz.gym.web.controller.DashboardController@3b8e2b8b
2020-05-08 22:39:32.595 [http-nio-8099-exec-5] WARN  com.sz.gym.aspect.ControllerAspect - ======================请妥善使用SpringAOP功能================
2020-05-08 22:39:32.596 [http-nio-8099-exec-4] INFO  com.sz.gym.aspect.ControllerAspect - ################TARGET: com.sz.gym.web.controller.DashboardController@3b8e2b8b
2020-05-08 22:39:32.595 [http-nio-8099-exec-3] WARN  com.sz.gym.aspect.ControllerAspect - ======================请妥善使用SpringAOP功能================
2020-05-08 22:39:32.596 [http-nio-8099-exec-2] WARN  com.sz.gym.aspect.ControllerAspect - ======================请妥善使用SpringAOP功能================
2020-05-08 22:39:32.596 [http-nio-8099-exec-5] INFO  com.sz.gym.aspect.ControllerAspect - ################THIS: com.sz.gym.web.controller.DashboardController@3b8e2b8b
2020-05-08 22:39:32.596 [http-nio-8099-exec-4] WARN  com.sz.gym.aspect.ControllerAspect - ======================请妥善使用SpringAOP功能================
2020-05-08 22:39:32.596 [http-nio-8099-exec-3] INFO  com.sz.gym.aspect.ControllerAspect - ################THIS: com.sz.gym.web.controller.ActivityController@49581395
2020-05-08 22:39:32.597 [http-nio-8099-exec-4] INFO  com.sz.gym.aspect.ControllerAspect - ################THIS: com.sz.gym.web.controller.DashboardController@3b8e2b8b
2020-05-08 22:39:32.596 [http-nio-8099-exec-1] WARN  com.sz.gym.aspect.ControllerAspect - ======================请妥善使用SpringAOP功能================
2020-05-08 22:39:32.598 [http-nio-8099-exec-1] INFO  com.sz.gym.aspect.ControllerAspect - ################THIS: com.sz.gym.web.controller.DashboardController@3b8e2b8b
2020-05-08 22:39:32.596 [http-nio-8099-exec-2] INFO  com.sz.gym.aspect.ControllerAspect - ################THIS: com.sz.gym.web.controller.EmployeeController@71a3ed0e
2020-05-08 22:39:32.603 [http-nio-8099-exec-5] INFO  com.sz.gym.web.controller.DashboardController - ====================接收请求获取首页器械比例============================
2020-05-08 22:39:32.605 [http-nio-8099-exec-4] INFO  com.sz.gym.web.controller.DashboardController - 接收请求获取首页的员工 器械 和顾客 数量信息
2020-05-08 22:39:32.611 [http-nio-8099-exec-4] INFO  com.sz.gym.service.impl.DashboardServiceImpl - 获取首页的数量信息
2020-05-08 22:39:34.780 [http-nio-8099-exec-3] DEBUG com.sz.gym.dao.ActivityMapper.selectByExample - ==>  Preparing: select activity_id, activity_name, activity_description, activity_user, activity_residueTime, create_time, update_time, activity_status from activity 
2020-05-08 22:39:34.808 [http-nio-8099-exec-2] DEBUG com.sz.gym.dao.EmployeeMapper.selectByExample - ==>  Preparing: select employee_id, employee_name, employee_password, employee_post, CREATE_TIME, update_time, salary, employee_relname, employee_phone, employee_email, employee_address from employee 
2020-05-08 22:39:34.818 [http-nio-8099-exec-3] DEBUG com.sz.gym.dao.ActivityMapper.selectByExample - ==> Parameters: 
2020-05-08 22:39:34.818 [http-nio-8099-exec-2] DEBUG com.sz.gym.dao.EmployeeMapper.selectByExample - ==> Parameters: 
2020-05-08 22:39:34.824 [http-nio-8099-exec-4] DEBUG com.sz.gym.dao.CustomerMapper.selectByExample - ==>  Preparing: select customer_id, customer_name, customer_phone, customer_type, customer_residueTime, create_time, update_time, birthday, customer_address, customer_description from customer 
2020-05-08 22:39:34.825 [http-nio-8099-exec-4] DEBUG com.sz.gym.dao.CustomerMapper.selectByExample - ==> Parameters: 
2020-05-08 22:39:34.881 [http-nio-8099-exec-1] DEBUG com.sz.gym.dao.FinanceMapper.selectByExample - ==>  Preparing: select finance_id, finance_name, finance_description, finance_type, create_time, money, finance_reclassify from finance WHERE ( create_time between ? and ? ) 
2020-05-08 22:39:34.885 [http-nio-8099-exec-5] INFO  com.sz.gym.service.impl.DashboardServiceImpl - ==================获取首页的数量信息========Service================
2020-05-08 22:39:34.887 [http-nio-8099-exec-5] DEBUG com.sz.gym.dao.FacilitiesMapper.selectByExample - ==>  Preparing: select id, facilities_name, number, create_time, update_time, discription, facilities_Status, price, facilities_type from facilities 
2020-05-08 22:39:34.888 [http-nio-8099-exec-5] DEBUG com.sz.gym.dao.FacilitiesMapper.selectByExample - ==> Parameters: 
2020-05-08 22:39:34.887 [http-nio-8099-exec-1] DEBUG com.sz.gym.dao.FinanceMapper.selectByExample - ==> Parameters: 2020-05-05 22:39:34.0(Timestamp), 2020-05-08 22:39:34.86(Timestamp)
2020-05-08 22:39:34.911 [http-nio-8099-exec-1] DEBUG com.sz.gym.dao.FinanceMapper.selectByExample - <==      Total: 0
2020-05-08 22:39:34.918 [http-nio-8099-exec-4] DEBUG com.sz.gym.dao.CustomerMapper.selectByExample - <==      Total: 4
2020-05-08 22:39:34.918 [http-nio-8099-exec-2] DEBUG com.sz.gym.dao.EmployeeMapper.selectByExample - <==      Total: 4
2020-05-08 22:39:34.918 [http-nio-8099-exec-3] DEBUG com.sz.gym.dao.ActivityMapper.selectByExample - <==      Total: 8
2020-05-08 22:39:34.919 [http-nio-8099-exec-5] DEBUG com.sz.gym.dao.FacilitiesMapper.selectByExample - <==      Total: 9
2020-05-08 22:39:34.921 [http-nio-8099-exec-5] DEBUG com.sz.gym.service.impl.DashboardServiceImpl - =======================计算不同的比列==============================
2020-05-08 22:39:34.922 [http-nio-8099-exec-5] DEBUG com.sz.gym.service.impl.DashboardServiceImpl - ==================有氧健身：22
2020-05-08 22:39:34.923 [http-nio-8099-exec-4] DEBUG com.sz.gym.dao.FacilitiesMapper.selectByExample - ==>  Preparing: select id, facilities_name, number, create_time, update_time, discription, facilities_Status, price, facilities_type from facilities 
2020-05-08 22:39:34.924 [http-nio-8099-exec-4] DEBUG com.sz.gym.dao.FacilitiesMapper.selectByExample - ==> Parameters: 
2020-05-08 22:39:34.935 [http-nio-8099-exec-4] DEBUG com.sz.gym.dao.FacilitiesMapper.selectByExample - <==      Total: 9
2020-05-08 22:39:34.936 [http-nio-8099-exec-4] DEBUG com.sz.gym.dao.EmployeeMapper.selectByExample - ==>  Preparing: select employee_id, employee_name, employee_password, employee_post, CREATE_TIME, update_time, salary, employee_relname, employee_phone, employee_email, employee_address from employee 
2020-05-08 22:39:34.937 [http-nio-8099-exec-4] DEBUG com.sz.gym.dao.EmployeeMapper.selectByExample - ==> Parameters: 
2020-05-08 22:39:34.940 [http-nio-8099-exec-4] DEBUG com.sz.gym.dao.EmployeeMapper.selectByExample - <==      Total: 4
2020-05-08 22:39:43.427 [http-nio-8099-exec-7] INFO  com.sz.gym.aspect.ControllerAspect - 访问的URL : http://localhost:8099/api/login
2020-05-08 22:39:43.427 [http-nio-8099-exec-7] INFO  com.sz.gym.aspect.ControllerAspect - 请求方法 : POST
2020-05-08 22:39:43.427 [http-nio-8099-exec-7] INFO  com.sz.gym.aspect.ControllerAspect - 请求IP地址 : 0:0:0:0:0:0:0:1
2020-05-08 22:39:43.427 [http-nio-8099-exec-7] INFO  com.sz.gym.aspect.ControllerAspect - 请求参数 : [LoginParam(username=admin, password=123123), org.apache.catalina.connector.RequestFacade@6aee7413, org.apache.catalina.connector.ResponseFacade@268da5d]
2020-05-08 22:39:43.427 [http-nio-8099-exec-7] INFO  com.sz.gym.aspect.ControllerAspect - ################CLASS_METHOD : com.sz.gym.web.controller.EmployeeController.login
2020-05-08 22:39:43.427 [http-nio-8099-exec-7] INFO  com.sz.gym.aspect.ControllerAspect - ################TARGET: com.sz.gym.web.controller.EmployeeController@71a3ed0e
2020-05-08 22:39:43.427 [http-nio-8099-exec-7] WARN  com.sz.gym.aspect.ControllerAspect - ======================请妥善使用SpringAOP功能================
2020-05-08 22:39:43.427 [http-nio-8099-exec-7] INFO  com.sz.gym.aspect.ControllerAspect - ################THIS: com.sz.gym.web.controller.EmployeeController@71a3ed0e
2020-05-08 22:39:43.431 [http-nio-8099-exec-7] DEBUG com.sz.gym.dao.EmployeeMapper.selectByExample - ==>  Preparing: select employee_id, employee_name, employee_password, employee_post, CREATE_TIME, update_time, salary, employee_relname, employee_phone, employee_email, employee_address from employee WHERE ( employee_name = ? ) 
2020-05-08 22:39:43.431 [http-nio-8099-exec-7] DEBUG com.sz.gym.dao.EmployeeMapper.selectByExample - ==> Parameters: admin(String)
2020-05-08 22:39:43.433 [http-nio-8099-exec-7] DEBUG com.sz.gym.dao.EmployeeMapper.selectByExample - <==      Total: 1
2020-05-08 22:39:43.436 [http-nio-8099-exec-7] DEBUG com.sz.gym.dao.EmployeeMapper.selectByExample - ==>  Preparing: select employee_id, employee_name, employee_password, employee_post, CREATE_TIME, update_time, salary, employee_relname, employee_phone, employee_email, employee_address from employee WHERE ( employee_name = ? ) 
2020-05-08 22:39:43.437 [http-nio-8099-exec-7] DEBUG com.sz.gym.dao.EmployeeMapper.selectByExample - ==> Parameters: admin(String)
2020-05-08 22:39:43.438 [http-nio-8099-exec-7] DEBUG com.sz.gym.dao.EmployeeMapper.selectByExample - <==      Total: 1
2020-05-08 22:39:43.502 [http-nio-8099-exec-9] INFO  com.sz.gym.aspect.ControllerAspect - 访问的URL : http://localhost:8099/api/dashboard/headerNumber
2020-05-08 22:39:43.502 [http-nio-8099-exec-9] INFO  com.sz.gym.aspect.ControllerAspect - 请求方法 : GET
2020-05-08 22:39:43.502 [http-nio-8099-exec-9] INFO  com.sz.gym.aspect.ControllerAspect - 请求IP地址 : 0:0:0:0:0:0:0:1
2020-05-08 22:39:43.502 [http-nio-8099-exec-9] INFO  com.sz.gym.aspect.ControllerAspect - 请求参数 : []
2020-05-08 22:39:43.502 [http-nio-8099-exec-9] INFO  com.sz.gym.aspect.ControllerAspect - ################CLASS_METHOD : com.sz.gym.web.controller.DashboardController.headerNumber
2020-05-08 22:39:43.502 [http-nio-8099-exec-9] INFO  com.sz.gym.aspect.ControllerAspect - ################TARGET: com.sz.gym.web.controller.DashboardController@3b8e2b8b
2020-05-08 22:39:43.502 [http-nio-8099-exec-9] WARN  com.sz.gym.aspect.ControllerAspect - ======================请妥善使用SpringAOP功能================
2020-05-08 22:39:43.503 [http-nio-8099-exec-9] INFO  com.sz.gym.aspect.ControllerAspect - ################THIS: com.sz.gym.web.controller.DashboardController@3b8e2b8b
2020-05-08 22:39:43.503 [http-nio-8099-exec-9] INFO  com.sz.gym.web.controller.DashboardController - 接收请求获取首页的员工 器械 和顾客 数量信息
2020-05-08 22:39:43.503 [http-nio-8099-exec-9] INFO  com.sz.gym.service.impl.DashboardServiceImpl - 获取首页的数量信息
2020-05-08 22:39:43.503 [http-nio-8099-exec-9] DEBUG com.sz.gym.dao.CustomerMapper.selectByExample - ==>  Preparing: select customer_id, customer_name, customer_phone, customer_type, customer_residueTime, create_time, update_time, birthday, customer_address, customer_description from customer 
2020-05-08 22:39:43.503 [http-nio-8099-exec-9] DEBUG com.sz.gym.dao.CustomerMapper.selectByExample - ==> Parameters: 
2020-05-08 22:39:43.506 [http-nio-8099-exec-9] DEBUG com.sz.gym.dao.CustomerMapper.selectByExample - <==      Total: 4
2020-05-08 22:39:43.507 [http-nio-8099-exec-9] DEBUG com.sz.gym.dao.FacilitiesMapper.selectByExample - ==>  Preparing: select id, facilities_name, number, create_time, update_time, discription, facilities_Status, price, facilities_type from facilities 
2020-05-08 22:39:43.507 [http-nio-8099-exec-9] DEBUG com.sz.gym.dao.FacilitiesMapper.selectByExample - ==> Parameters: 
2020-05-08 22:39:43.510 [http-nio-8099-exec-9] DEBUG com.sz.gym.dao.FacilitiesMapper.selectByExample - <==      Total: 9
2020-05-08 22:39:43.512 [http-nio-8099-exec-9] DEBUG com.sz.gym.dao.EmployeeMapper.selectByExample - ==>  Preparing: select employee_id, employee_name, employee_password, employee_post, CREATE_TIME, update_time, salary, employee_relname, employee_phone, employee_email, employee_address from employee 
2020-05-08 22:39:43.512 [http-nio-8099-exec-9] DEBUG com.sz.gym.dao.EmployeeMapper.selectByExample - ==> Parameters: 
2020-05-08 22:39:43.514 [http-nio-8099-exec-8] INFO  com.sz.gym.aspect.ControllerAspect - 访问的URL : http://localhost:8099/api/employee
2020-05-08 22:39:43.514 [http-nio-8099-exec-9] DEBUG com.sz.gym.dao.EmployeeMapper.selectByExample - <==      Total: 4
2020-05-08 22:39:43.514 [http-nio-8099-exec-8] INFO  com.sz.gym.aspect.ControllerAspect - 请求方法 : GET
2020-05-08 22:39:43.514 [http-nio-8099-exec-8] INFO  com.sz.gym.aspect.ControllerAspect - 请求IP地址 : 0:0:0:0:0:0:0:1
2020-05-08 22:39:43.514 [http-nio-8099-exec-8] INFO  com.sz.gym.aspect.ControllerAspect - 请求参数 : []
2020-05-08 22:39:43.514 [http-nio-8099-exec-8] INFO  com.sz.gym.aspect.ControllerAspect - ################CLASS_METHOD : com.sz.gym.web.controller.EmployeeController.getAllEmployee
2020-05-08 22:39:43.514 [http-nio-8099-exec-8] INFO  com.sz.gym.aspect.ControllerAspect - ################TARGET: com.sz.gym.web.controller.EmployeeController@71a3ed0e
2020-05-08 22:39:43.514 [http-nio-8099-exec-8] WARN  com.sz.gym.aspect.ControllerAspect - ======================请妥善使用SpringAOP功能================
2020-05-08 22:39:43.514 [http-nio-8099-exec-8] INFO  com.sz.gym.aspect.ControllerAspect - ################THIS: com.sz.gym.web.controller.EmployeeController@71a3ed0e
2020-05-08 22:39:43.515 [http-nio-8099-exec-10] INFO  com.sz.gym.aspect.ControllerAspect - 访问的URL : http://localhost:8099/api/activity/OfDashboard
2020-05-08 22:39:43.515 [http-nio-8099-exec-2] INFO  com.sz.gym.aspect.ControllerAspect - 访问的URL : http://localhost:8099/api/dashboard/GetOptions
2020-05-08 22:39:43.515 [http-nio-8099-exec-10] INFO  com.sz.gym.aspect.ControllerAspect - 请求方法 : GET
2020-05-08 22:39:43.515 [http-nio-8099-exec-2] INFO  com.sz.gym.aspect.ControllerAspect - 请求方法 : GET
2020-05-08 22:39:43.515 [http-nio-8099-exec-10] INFO  com.sz.gym.aspect.ControllerAspect - 请求IP地址 : 0:0:0:0:0:0:0:1
2020-05-08 22:39:43.515 [http-nio-8099-exec-2] INFO  com.sz.gym.aspect.ControllerAspect - 请求IP地址 : 0:0:0:0:0:0:0:1
2020-05-08 22:39:43.515 [http-nio-8099-exec-10] INFO  com.sz.gym.aspect.ControllerAspect - 请求参数 : []
2020-05-08 22:39:43.515 [http-nio-8099-exec-2] INFO  com.sz.gym.aspect.ControllerAspect - 请求参数 : []
2020-05-08 22:39:43.515 [http-nio-8099-exec-10] INFO  com.sz.gym.aspect.ControllerAspect - ################CLASS_METHOD : com.sz.gym.web.controller.ActivityController.getActivityOfDashboard
2020-05-08 22:39:43.515 [http-nio-8099-exec-2] INFO  com.sz.gym.aspect.ControllerAspect - ################CLASS_METHOD : com.sz.gym.web.controller.DashboardController.getDashboardSchartOfOptions
2020-05-08 22:39:43.515 [http-nio-8099-exec-2] INFO  com.sz.gym.aspect.ControllerAspect - ################TARGET: com.sz.gym.web.controller.DashboardController@3b8e2b8b
2020-05-08 22:39:43.515 [http-nio-8099-exec-2] WARN  com.sz.gym.aspect.ControllerAspect - ======================请妥善使用SpringAOP功能================
2020-05-08 22:39:43.515 [http-nio-8099-exec-2] INFO  com.sz.gym.aspect.ControllerAspect - ################THIS: com.sz.gym.web.controller.DashboardController@3b8e2b8b
2020-05-08 22:39:43.515 [http-nio-8099-exec-10] INFO  com.sz.gym.aspect.ControllerAspect - ################TARGET: com.sz.gym.web.controller.ActivityController@49581395
2020-05-08 22:39:43.515 [http-nio-8099-exec-10] WARN  com.sz.gym.aspect.ControllerAspect - ======================请妥善使用SpringAOP功能================
2020-05-08 22:39:43.516 [http-nio-8099-exec-8] DEBUG com.sz.gym.dao.EmployeeMapper.selectByExample - ==>  Preparing: select employee_id, employee_name, employee_password, employee_post, CREATE_TIME, update_time, salary, employee_relname, employee_phone, employee_email, employee_address from employee 
2020-05-08 22:39:43.516 [http-nio-8099-exec-8] DEBUG com.sz.gym.dao.EmployeeMapper.selectByExample - ==> Parameters: 
2020-05-08 22:39:43.515 [http-nio-8099-exec-10] INFO  com.sz.gym.aspect.ControllerAspect - ################THIS: com.sz.gym.web.controller.ActivityController@49581395
2020-05-08 22:39:43.517 [http-nio-8099-exec-4] INFO  com.sz.gym.aspect.ControllerAspect - 访问的URL : http://localhost:8099/api/dashboard/facilitiesRatio
2020-05-08 22:39:43.517 [http-nio-8099-exec-4] INFO  com.sz.gym.aspect.ControllerAspect - 请求方法 : GET
2020-05-08 22:39:43.517 [http-nio-8099-exec-4] INFO  com.sz.gym.aspect.ControllerAspect - 请求IP地址 : 0:0:0:0:0:0:0:1
2020-05-08 22:39:43.517 [http-nio-8099-exec-4] INFO  com.sz.gym.aspect.ControllerAspect - 请求参数 : []
2020-05-08 22:39:43.517 [http-nio-8099-exec-4] INFO  com.sz.gym.aspect.ControllerAspect - ################CLASS_METHOD : com.sz.gym.web.controller.DashboardController.getFacilitiesRatios
2020-05-08 22:39:43.517 [http-nio-8099-exec-2] DEBUG com.sz.gym.dao.FinanceMapper.selectByExample - ==>  Preparing: select finance_id, finance_name, finance_description, finance_type, create_time, money, finance_reclassify from finance WHERE ( create_time between ? and ? ) 
2020-05-08 22:39:43.518 [http-nio-8099-exec-4] INFO  com.sz.gym.aspect.ControllerAspect - ################TARGET: com.sz.gym.web.controller.DashboardController@3b8e2b8b
2020-05-08 22:39:43.518 [http-nio-8099-exec-4] WARN  com.sz.gym.aspect.ControllerAspect - ======================请妥善使用SpringAOP功能================
2020-05-08 22:39:43.518 [http-nio-8099-exec-4] INFO  com.sz.gym.aspect.ControllerAspect - ################THIS: com.sz.gym.web.controller.DashboardController@3b8e2b8b
2020-05-08 22:39:43.518 [http-nio-8099-exec-4] INFO  com.sz.gym.web.controller.DashboardController - ====================接收请求获取首页器械比例============================
2020-05-08 22:39:43.518 [http-nio-8099-exec-2] DEBUG com.sz.gym.dao.FinanceMapper.selectByExample - ==> Parameters: 2020-05-05 22:39:43.0(Timestamp), 2020-05-08 22:39:43.517(Timestamp)
2020-05-08 22:39:43.520 [http-nio-8099-exec-4] INFO  com.sz.gym.service.impl.DashboardServiceImpl - ==================获取首页的数量信息========Service================
2020-05-08 22:39:43.520 [http-nio-8099-exec-2] DEBUG com.sz.gym.dao.FinanceMapper.selectByExample - <==      Total: 0
2020-05-08 22:39:43.522 [http-nio-8099-exec-4] DEBUG com.sz.gym.dao.FacilitiesMapper.selectByExample - ==>  Preparing: select id, facilities_name, number, create_time, update_time, discription, facilities_Status, price, facilities_type from facilities 
2020-05-08 22:39:43.522 [http-nio-8099-exec-4] DEBUG com.sz.gym.dao.FacilitiesMapper.selectByExample - ==> Parameters: 
2020-05-08 22:39:43.523 [http-nio-8099-exec-10] DEBUG com.sz.gym.dao.ActivityMapper.selectByExample - ==>  Preparing: select activity_id, activity_name, activity_description, activity_user, activity_residueTime, create_time, update_time, activity_status from activity 
2020-05-08 22:39:43.524 [http-nio-8099-exec-8] DEBUG com.sz.gym.dao.EmployeeMapper.selectByExample - <==      Total: 4
2020-05-08 22:39:43.524 [http-nio-8099-exec-10] DEBUG com.sz.gym.dao.ActivityMapper.selectByExample - ==> Parameters: 
2020-05-08 22:39:43.526 [http-nio-8099-exec-4] DEBUG com.sz.gym.dao.FacilitiesMapper.selectByExample - <==      Total: 9
2020-05-08 22:39:43.527 [http-nio-8099-exec-4] DEBUG com.sz.gym.service.impl.DashboardServiceImpl - =======================计算不同的比列==============================
2020-05-08 22:39:43.527 [http-nio-8099-exec-4] DEBUG com.sz.gym.service.impl.DashboardServiceImpl - ==================有氧健身：22
2020-05-08 22:39:43.534 [http-nio-8099-exec-10] DEBUG com.sz.gym.dao.ActivityMapper.selectByExample - <==      Total: 8
2020-05-08 22:39:46.688 [http-nio-8099-exec-5] INFO  com.sz.gym.aspect.ControllerAspect - 访问的URL : http://localhost:8099/api/employeeShow
2020-05-08 22:39:46.688 [http-nio-8099-exec-5] INFO  com.sz.gym.aspect.ControllerAspect - 请求方法 : GET
2020-05-08 22:39:46.689 [http-nio-8099-exec-5] INFO  com.sz.gym.aspect.ControllerAspect - 请求IP地址 : 0:0:0:0:0:0:0:1
2020-05-08 22:39:46.689 [http-nio-8099-exec-5] INFO  com.sz.gym.aspect.ControllerAspect - 请求参数 : []
2020-05-08 22:39:46.689 [http-nio-8099-exec-5] INFO  com.sz.gym.aspect.ControllerAspect - ################CLASS_METHOD : com.sz.gym.web.controller.EmployeeController.getEmployeeShow
2020-05-08 22:39:46.689 [http-nio-8099-exec-5] INFO  com.sz.gym.aspect.ControllerAspect - ################TARGET: com.sz.gym.web.controller.EmployeeController@71a3ed0e
2020-05-08 22:39:46.689 [http-nio-8099-exec-5] WARN  com.sz.gym.aspect.ControllerAspect - ======================请妥善使用SpringAOP功能================
2020-05-08 22:39:46.689 [http-nio-8099-exec-5] INFO  com.sz.gym.aspect.ControllerAspect - ################THIS: com.sz.gym.web.controller.EmployeeController@71a3ed0e
2020-05-08 22:39:46.691 [http-nio-8099-exec-5] DEBUG com.sz.gym.dao.EmployeeMapper.selectByExample - ==>  Preparing: select employee_id, employee_name, employee_password, employee_post, CREATE_TIME, update_time, salary, employee_relname, employee_phone, employee_email, employee_address from employee 
2020-05-08 22:39:46.691 [http-nio-8099-exec-5] DEBUG com.sz.gym.dao.EmployeeMapper.selectByExample - ==> Parameters: 
2020-05-08 22:39:46.693 [http-nio-8099-exec-5] DEBUG com.sz.gym.dao.EmployeeMapper.selectByExample - <==      Total: 4
2020-05-08 22:39:47.407 [http-nio-8099-exec-3] INFO  com.sz.gym.aspect.ControllerAspect - 访问的URL : http://localhost:8099/api/Customer
2020-05-08 22:39:47.407 [http-nio-8099-exec-3] INFO  com.sz.gym.aspect.ControllerAspect - 请求方法 : GET
2020-05-08 22:39:47.407 [http-nio-8099-exec-3] INFO  com.sz.gym.aspect.ControllerAspect - 请求IP地址 : 0:0:0:0:0:0:0:1
2020-05-08 22:39:47.407 [http-nio-8099-exec-3] INFO  com.sz.gym.aspect.ControllerAspect - 请求参数 : []
2020-05-08 22:39:47.407 [http-nio-8099-exec-3] INFO  com.sz.gym.aspect.ControllerAspect - ################CLASS_METHOD : com.sz.gym.web.controller.CustomerController.getCustomerAll
2020-05-08 22:39:47.407 [http-nio-8099-exec-3] INFO  com.sz.gym.aspect.ControllerAspect - ################TARGET: com.sz.gym.web.controller.CustomerController@2051ac7
2020-05-08 22:39:47.407 [http-nio-8099-exec-3] WARN  com.sz.gym.aspect.ControllerAspect - ======================请妥善使用SpringAOP功能================
2020-05-08 22:39:47.407 [http-nio-8099-exec-3] INFO  com.sz.gym.aspect.ControllerAspect - ################THIS: com.sz.gym.web.controller.CustomerController@2051ac7
2020-05-08 22:39:47.413 [http-nio-8099-exec-3] DEBUG com.sz.gym.dao.CustomerMapper.selectByExample - ==>  Preparing: select customer_id, customer_name, customer_phone, customer_type, customer_residueTime, create_time, update_time, birthday, customer_address, customer_description from customer 
2020-05-08 22:39:47.413 [http-nio-8099-exec-3] DEBUG com.sz.gym.dao.CustomerMapper.selectByExample - ==> Parameters: 
2020-05-08 22:39:47.415 [http-nio-8099-exec-3] DEBUG com.sz.gym.dao.CustomerMapper.selectByExample - <==      Total: 4
2020-05-08 22:39:48.013 [http-nio-8099-exec-1] INFO  com.sz.gym.aspect.ControllerAspect - 访问的URL : http://localhost:8099/api/Category
2020-05-08 22:39:48.014 [http-nio-8099-exec-1] INFO  com.sz.gym.aspect.ControllerAspect - 请求方法 : GET
2020-05-08 22:39:48.014 [http-nio-8099-exec-1] INFO  com.sz.gym.aspect.ControllerAspect - 请求IP地址 : 0:0:0:0:0:0:0:1
2020-05-08 22:39:48.014 [http-nio-8099-exec-1] INFO  com.sz.gym.aspect.ControllerAspect - 请求参数 : []
2020-05-08 22:39:48.014 [http-nio-8099-exec-1] INFO  com.sz.gym.aspect.ControllerAspect - ################CLASS_METHOD : com.sz.gym.web.controller.CategoryController.getCategory
2020-05-08 22:39:48.014 [http-nio-8099-exec-1] INFO  com.sz.gym.aspect.ControllerAspect - ################TARGET: com.sz.gym.web.controller.CategoryController@43baf8ab
2020-05-08 22:39:48.014 [http-nio-8099-exec-1] WARN  com.sz.gym.aspect.ControllerAspect - ======================请妥善使用SpringAOP功能================
2020-05-08 22:39:48.014 [http-nio-8099-exec-1] INFO  com.sz.gym.aspect.ControllerAspect - ################THIS: com.sz.gym.web.controller.CategoryController@43baf8ab
2020-05-08 22:39:48.017 [http-nio-8099-exec-1] DEBUG com.sz.gym.dao.CategoryMapper.selectByExample - ==>  Preparing: select category_id, category_name, category_type, create_time, update_time from category 
2020-05-08 22:39:48.018 [http-nio-8099-exec-1] DEBUG com.sz.gym.dao.CategoryMapper.selectByExample - ==> Parameters: 
2020-05-08 22:39:48.029 [http-nio-8099-exec-1] DEBUG com.sz.gym.dao.CategoryMapper.selectByExample - <==      Total: 5
2020-05-08 22:39:48.029 [http-nio-8099-exec-1] DEBUG com.sz.gym.service.impl.CategoryServiceImpl - 共查询出类目种类5个
2020-05-08 22:39:48.715 [http-nio-8099-exec-6] INFO  com.sz.gym.aspect.ControllerAspect - 访问的URL : http://localhost:8099/api/Facilities
2020-05-08 22:39:48.715 [http-nio-8099-exec-6] INFO  com.sz.gym.aspect.ControllerAspect - 请求方法 : GET
2020-05-08 22:39:48.715 [http-nio-8099-exec-6] INFO  com.sz.gym.aspect.ControllerAspect - 请求IP地址 : 0:0:0:0:0:0:0:1
2020-05-08 22:39:48.715 [http-nio-8099-exec-6] INFO  com.sz.gym.aspect.ControllerAspect - 请求参数 : []
2020-05-08 22:39:48.715 [http-nio-8099-exec-6] INFO  com.sz.gym.aspect.ControllerAspect - ################CLASS_METHOD : com.sz.gym.web.controller.FacilitiesController.getFacilities
2020-05-08 22:39:48.715 [http-nio-8099-exec-6] INFO  com.sz.gym.aspect.ControllerAspect - ################TARGET: com.sz.gym.web.controller.FacilitiesController@b20fd63
2020-05-08 22:39:48.715 [http-nio-8099-exec-6] WARN  com.sz.gym.aspect.ControllerAspect - ======================请妥善使用SpringAOP功能================
2020-05-08 22:39:48.715 [http-nio-8099-exec-6] INFO  com.sz.gym.aspect.ControllerAspect - ################THIS: com.sz.gym.web.controller.FacilitiesController@b20fd63
2020-05-08 22:39:48.719 [http-nio-8099-exec-7] INFO  com.sz.gym.aspect.ControllerAspect - 访问的URL : http://localhost:8099/api/Category/CategoryType
2020-05-08 22:39:48.719 [http-nio-8099-exec-7] INFO  com.sz.gym.aspect.ControllerAspect - 请求方法 : GET
2020-05-08 22:39:48.719 [http-nio-8099-exec-7] INFO  com.sz.gym.aspect.ControllerAspect - 请求IP地址 : 0:0:0:0:0:0:0:1
2020-05-08 22:39:48.719 [http-nio-8099-exec-7] INFO  com.sz.gym.aspect.ControllerAspect - 请求参数 : [facilities]
2020-05-08 22:39:48.719 [http-nio-8099-exec-7] INFO  com.sz.gym.aspect.ControllerAspect - ################CLASS_METHOD : com.sz.gym.web.controller.CategoryController.getCategory
2020-05-08 22:39:48.719 [http-nio-8099-exec-7] INFO  com.sz.gym.aspect.ControllerAspect - ################TARGET: com.sz.gym.web.controller.CategoryController@43baf8ab
2020-05-08 22:39:48.719 [http-nio-8099-exec-7] WARN  com.sz.gym.aspect.ControllerAspect - ======================请妥善使用SpringAOP功能================
2020-05-08 22:39:48.720 [http-nio-8099-exec-7] INFO  com.sz.gym.aspect.ControllerAspect - ################THIS: com.sz.gym.web.controller.CategoryController@43baf8ab
2020-05-08 22:39:48.720 [http-nio-8099-exec-7] INFO  com.sz.gym.web.controller.CategoryController - 打印请求参数：facilities
2020-05-08 22:39:48.721 [http-nio-8099-exec-6] DEBUG com.sz.gym.dao.FacilitiesMapper.selectByExample - ==>  Preparing: select id, facilities_name, number, create_time, update_time, discription, facilities_Status, price, facilities_type from facilities 
2020-05-08 22:39:48.721 [http-nio-8099-exec-6] DEBUG com.sz.gym.dao.FacilitiesMapper.selectByExample - ==> Parameters: 
2020-05-08 22:39:48.722 [http-nio-8099-exec-7] DEBUG com.sz.gym.dao.CategoryMapper.selectByExample - ==>  Preparing: select category_id, category_name, category_type, create_time, update_time from category WHERE ( category_type = ? ) 
2020-05-08 22:39:48.722 [http-nio-8099-exec-7] DEBUG com.sz.gym.dao.CategoryMapper.selectByExample - ==> Parameters: facilities(String)
2020-05-08 22:39:48.724 [http-nio-8099-exec-6] DEBUG com.sz.gym.dao.FacilitiesMapper.selectByExample - <==      Total: 9
2020-05-08 22:39:48.724 [http-nio-8099-exec-7] DEBUG com.sz.gym.dao.CategoryMapper.selectByExample - <==      Total: 3
2020-05-08 22:39:49.398 [http-nio-8099-exec-9] INFO  com.sz.gym.aspect.ControllerAspect - 访问的URL : http://localhost:8099/api/Product
2020-05-08 22:39:49.398 [http-nio-8099-exec-2] INFO  com.sz.gym.aspect.ControllerAspect - 访问的URL : http://localhost:8099/api/Category/CategoryType
2020-05-08 22:39:49.398 [http-nio-8099-exec-9] INFO  com.sz.gym.aspect.ControllerAspect - 请求方法 : GET
2020-05-08 22:39:49.398 [http-nio-8099-exec-2] INFO  com.sz.gym.aspect.ControllerAspect - 请求方法 : GET
2020-05-08 22:39:49.399 [http-nio-8099-exec-9] INFO  com.sz.gym.aspect.ControllerAspect - 请求IP地址 : 0:0:0:0:0:0:0:1
2020-05-08 22:39:49.399 [http-nio-8099-exec-2] INFO  com.sz.gym.aspect.ControllerAspect - 请求IP地址 : 0:0:0:0:0:0:0:1
2020-05-08 22:39:49.399 [http-nio-8099-exec-9] INFO  com.sz.gym.aspect.ControllerAspect - 请求参数 : []
2020-05-08 22:39:49.399 [http-nio-8099-exec-2] INFO  com.sz.gym.aspect.ControllerAspect - 请求参数 : [Product]
2020-05-08 22:39:49.399 [http-nio-8099-exec-9] INFO  com.sz.gym.aspect.ControllerAspect - ################CLASS_METHOD : com.sz.gym.web.controller.ProductController.getProduct
2020-05-08 22:39:49.399 [http-nio-8099-exec-2] INFO  com.sz.gym.aspect.ControllerAspect - ################CLASS_METHOD : com.sz.gym.web.controller.CategoryController.getCategory
2020-05-08 22:39:49.399 [http-nio-8099-exec-9] INFO  com.sz.gym.aspect.ControllerAspect - ################TARGET: com.sz.gym.web.controller.ProductController@152f572
2020-05-08 22:39:49.399 [http-nio-8099-exec-2] INFO  com.sz.gym.aspect.ControllerAspect - ################TARGET: com.sz.gym.web.controller.CategoryController@43baf8ab
2020-05-08 22:39:49.399 [http-nio-8099-exec-9] WARN  com.sz.gym.aspect.ControllerAspect - ======================请妥善使用SpringAOP功能================
2020-05-08 22:39:49.399 [http-nio-8099-exec-2] WARN  com.sz.gym.aspect.ControllerAspect - ======================请妥善使用SpringAOP功能================
2020-05-08 22:39:49.399 [http-nio-8099-exec-2] INFO  com.sz.gym.aspect.ControllerAspect - ################THIS: com.sz.gym.web.controller.CategoryController@43baf8ab
2020-05-08 22:39:49.399 [http-nio-8099-exec-9] INFO  com.sz.gym.aspect.ControllerAspect - ################THIS: com.sz.gym.web.controller.ProductController@152f572
2020-05-08 22:39:49.399 [http-nio-8099-exec-2] INFO  com.sz.gym.web.controller.CategoryController - 打印请求参数：Product
2020-05-08 22:39:49.400 [http-nio-8099-exec-2] DEBUG com.sz.gym.dao.CategoryMapper.selectByExample - ==>  Preparing: select category_id, category_name, category_type, create_time, update_time from category WHERE ( category_type = ? ) 
2020-05-08 22:39:49.401 [http-nio-8099-exec-2] DEBUG com.sz.gym.dao.CategoryMapper.selectByExample - ==> Parameters: Product(String)
2020-05-08 22:39:49.402 [http-nio-8099-exec-2] DEBUG com.sz.gym.dao.CategoryMapper.selectByExample - <==      Total: 2
2020-05-08 22:39:49.406 [http-nio-8099-exec-9] DEBUG com.sz.gym.dao.ProductMapper.selectByExample - ==>  Preparing: select product_id, product_name, product_type, create_time, update_time, number, price, discription, product_status from product 
2020-05-08 22:39:49.407 [http-nio-8099-exec-9] DEBUG com.sz.gym.dao.ProductMapper.selectByExample - ==> Parameters: 
2020-05-08 22:39:49.416 [http-nio-8099-exec-9] DEBUG com.sz.gym.dao.ProductMapper.selectByExample - <==      Total: 3
2020-05-08 22:39:51.256 [http-nio-8099-exec-8] INFO  com.sz.gym.aspect.ControllerAspect - 访问的URL : http://localhost:8099/api/activity
2020-05-08 22:39:51.256 [http-nio-8099-exec-4] INFO  com.sz.gym.aspect.ControllerAspect - 访问的URL : http://localhost:8099/api/employee
2020-05-08 22:39:51.256 [http-nio-8099-exec-8] INFO  com.sz.gym.aspect.ControllerAspect - 请求方法 : GET
2020-05-08 22:39:51.256 [http-nio-8099-exec-4] INFO  com.sz.gym.aspect.ControllerAspect - 请求方法 : GET
2020-05-08 22:39:51.256 [http-nio-8099-exec-8] INFO  com.sz.gym.aspect.ControllerAspect - 请求IP地址 : 0:0:0:0:0:0:0:1
2020-05-08 22:39:51.256 [http-nio-8099-exec-4] INFO  com.sz.gym.aspect.ControllerAspect - 请求IP地址 : 0:0:0:0:0:0:0:1
2020-05-08 22:39:51.256 [http-nio-8099-exec-8] INFO  com.sz.gym.aspect.ControllerAspect - 请求参数 : []
2020-05-08 22:39:51.256 [http-nio-8099-exec-4] INFO  com.sz.gym.aspect.ControllerAspect - 请求参数 : []
2020-05-08 22:39:51.256 [http-nio-8099-exec-8] INFO  com.sz.gym.aspect.ControllerAspect - ################CLASS_METHOD : com.sz.gym.web.controller.ActivityController.selectActivity
2020-05-08 22:39:51.256 [http-nio-8099-exec-4] INFO  com.sz.gym.aspect.ControllerAspect - ################CLASS_METHOD : com.sz.gym.web.controller.EmployeeController.getAllEmployee
2020-05-08 22:39:51.256 [http-nio-8099-exec-8] INFO  com.sz.gym.aspect.ControllerAspect - ################TARGET: com.sz.gym.web.controller.ActivityController@49581395
2020-05-08 22:39:51.256 [http-nio-8099-exec-4] INFO  com.sz.gym.aspect.ControllerAspect - ################TARGET: com.sz.gym.web.controller.EmployeeController@71a3ed0e
2020-05-08 22:39:51.256 [http-nio-8099-exec-8] WARN  com.sz.gym.aspect.ControllerAspect - ======================请妥善使用SpringAOP功能================
2020-05-08 22:39:51.256 [http-nio-8099-exec-4] WARN  com.sz.gym.aspect.ControllerAspect - ======================请妥善使用SpringAOP功能================
2020-05-08 22:39:51.256 [http-nio-8099-exec-8] INFO  com.sz.gym.aspect.ControllerAspect - ################THIS: com.sz.gym.web.controller.ActivityController@49581395
2020-05-08 22:39:51.256 [http-nio-8099-exec-4] INFO  com.sz.gym.aspect.ControllerAspect - ################THIS: com.sz.gym.web.controller.EmployeeController@71a3ed0e
2020-05-08 22:39:51.257 [http-nio-8099-exec-8] DEBUG com.sz.gym.dao.ActivityMapper.selectByExample - ==>  Preparing: select activity_id, activity_name, activity_description, activity_user, activity_residueTime, create_time, update_time, activity_status from activity 
2020-05-08 22:39:51.257 [http-nio-8099-exec-8] DEBUG com.sz.gym.dao.ActivityMapper.selectByExample - ==> Parameters: 
2020-05-08 22:39:51.257 [http-nio-8099-exec-4] DEBUG com.sz.gym.dao.EmployeeMapper.selectByExample - ==>  Preparing: select employee_id, employee_name, employee_password, employee_post, CREATE_TIME, update_time, salary, employee_relname, employee_phone, employee_email, employee_address from employee 
2020-05-08 22:39:51.257 [http-nio-8099-exec-4] DEBUG com.sz.gym.dao.EmployeeMapper.selectByExample - ==> Parameters: 
2020-05-08 22:39:51.259 [http-nio-8099-exec-4] DEBUG com.sz.gym.dao.EmployeeMapper.selectByExample - <==      Total: 4
2020-05-08 22:39:51.259 [http-nio-8099-exec-8] DEBUG com.sz.gym.dao.ActivityMapper.selectByExample - <==      Total: 8
2020-05-08 22:39:52.815 [http-nio-8099-exec-10] INFO  com.sz.gym.aspect.ControllerAspect - 访问的URL : http://localhost:8099/api/activity/UpdateStatus
2020-05-08 22:39:52.815 [http-nio-8099-exec-10] INFO  com.sz.gym.aspect.ControllerAspect - 请求方法 : GET
2020-05-08 22:39:52.815 [http-nio-8099-exec-10] INFO  com.sz.gym.aspect.ControllerAspect - 请求IP地址 : 0:0:0:0:0:0:0:1
2020-05-08 22:39:52.815 [http-nio-8099-exec-10] INFO  com.sz.gym.aspect.ControllerAspect - 请求参数 : []
2020-05-08 22:39:52.815 [http-nio-8099-exec-10] INFO  com.sz.gym.aspect.ControllerAspect - ################CLASS_METHOD : com.sz.gym.web.controller.ActivityController.getActivityByStatus
2020-05-08 22:39:52.815 [http-nio-8099-exec-10] INFO  com.sz.gym.aspect.ControllerAspect - ################TARGET: com.sz.gym.web.controller.ActivityController@49581395
2020-05-08 22:39:52.815 [http-nio-8099-exec-10] WARN  com.sz.gym.aspect.ControllerAspect - ======================请妥善使用SpringAOP功能================
2020-05-08 22:39:52.815 [http-nio-8099-exec-10] INFO  com.sz.gym.aspect.ControllerAspect - ################THIS: com.sz.gym.web.controller.ActivityController@49581395
2020-05-08 22:39:52.817 [http-nio-8099-exec-10] DEBUG com.sz.gym.dao.ActivityMapper.selectByExample - ==>  Preparing: select activity_id, activity_name, activity_description, activity_user, activity_residueTime, create_time, update_time, activity_status from activity 
2020-05-08 22:39:52.817 [http-nio-8099-exec-10] DEBUG com.sz.gym.dao.ActivityMapper.selectByExample - ==> Parameters: 
2020-05-08 22:39:52.819 [http-nio-8099-exec-10] DEBUG com.sz.gym.dao.ActivityMapper.selectByExample - <==      Total: 8
2020-05-08 22:39:54.913 [http-nio-8099-exec-5] INFO  com.sz.gym.aspect.ControllerAspect - 访问的URL : http://localhost:8099/api/File/getAllFileName
2020-05-08 22:39:54.913 [http-nio-8099-exec-5] INFO  com.sz.gym.aspect.ControllerAspect - 请求方法 : GET
2020-05-08 22:39:54.913 [http-nio-8099-exec-5] INFO  com.sz.gym.aspect.ControllerAspect - 请求IP地址 : 0:0:0:0:0:0:0:1
2020-05-08 22:39:54.913 [http-nio-8099-exec-5] INFO  com.sz.gym.aspect.ControllerAspect - 请求参数 : []
2020-05-08 22:39:54.913 [http-nio-8099-exec-5] INFO  com.sz.gym.aspect.ControllerAspect - ################CLASS_METHOD : com.sz.gym.web.controller.FileController.getAllFileName
2020-05-08 22:39:54.913 [http-nio-8099-exec-5] INFO  com.sz.gym.aspect.ControllerAspect - ################TARGET: com.sz.gym.web.controller.FileController@72ba60eb
2020-05-08 22:39:54.913 [http-nio-8099-exec-5] WARN  com.sz.gym.aspect.ControllerAspect - ======================请妥善使用SpringAOP功能================
2020-05-08 22:39:54.913 [http-nio-8099-exec-5] INFO  com.sz.gym.aspect.ControllerAspect - ################THIS: com.sz.gym.web.controller.FileController@72ba60eb
2020-05-08 22:39:54.918 [http-nio-8099-exec-5] DEBUG com.sz.gym.dao.FileInfoMapper.selectByExample - ==>  Preparing: select file_id, file_name, file_address, file_description from fileinfo 
2020-05-08 22:39:54.919 [http-nio-8099-exec-5] DEBUG com.sz.gym.dao.FileInfoMapper.selectByExample - ==> Parameters: 
2020-05-08 22:39:54.923 [http-nio-8099-exec-5] DEBUG com.sz.gym.dao.FileInfoMapper.selectByExample - <==      Total: 4
