2020-04-01 20:22:11.435 [restartedMain] INFO  com.sz.gym.GymApplication - Starting GymApplication on DESKTOP-R9H54P2 with PID 12124 (D:\Git\MrshenS\graduationProject\gym\target\classes started by 10518 in D:\Git\MrshenS\graduationProject\gym)
2020-04-01 20:22:11.439 [restartedMain] DEBUG com.sz.gym.GymApplication - Running with Spring Boot v2.2.2.RELEASE, Spring v5.2.2.RELEASE
2020-04-01 20:22:11.440 [restartedMain] INFO  com.sz.gym.GymApplication - No active profile set, falling back to default profiles: default
2020-04-01 20:22:12.758 [restartedMain] WARN  o.s.b.w.s.c.AnnotationConfigServletWebServerApplicationContext - Exception encountered during context initialization - cancelling refresh attempt: org.springframework.beans.factory.support.BeanDefinitionOverrideException: Invalid bean definition with name 'serverEndpointExporter' defined in com.sz.gym.GymApplication: Cannot register bean definition [Root bean: class [null]; scope=; abstract=false; lazyInit=null; autowireMode=3; dependencyCheck=0; autowireCandidate=true; primary=false; factoryBeanName=gymApplication; factoryMethodName=serverEndpointExporter; initMethodName=null; destroyMethodName=(inferred); defined in com.sz.gym.GymApplication] for bean 'serverEndpointExporter': There is already [Root bean: class [null]; scope=; abstract=false; lazyInit=null; autowireMode=3; dependencyCheck=0; autowireCandidate=true; primary=false; factoryBeanName=webSocketConfig; factoryMethodName=serverEndpointExporter; initMethodName=null; destroyMethodName=(inferred); defined in class path resource [com/sz/gym/config/WebSocketConfig.class]] bound.
2020-04-01 20:22:12.786 [restartedMain] ERROR o.s.b.diagnostics.LoggingFailureAnalysisReporter - 

***************************
APPLICATION FAILED TO START
***************************

Description:

The bean 'serverEndpointExporter', defined in com.sz.gym.GymApplication, could not be registered. A bean with that name has already been defined in class path resource [com/sz/gym/config/WebSocketConfig.class] and overriding is disabled.

Action:

Consider renaming one of the beans or enabling overriding by setting spring.main.allow-bean-definition-overriding=true

2020-04-01 21:02:59.141 [background-preinit] DEBUG o.h.validator.internal.engine.ValidatorFactoryImpl - HV000234: Using org.hibernate.validator.messageinterpolation.ResourceBundleMessageInterpolator as ValidatorFactory-scoped message interpolator.
2020-04-01 21:02:59.146 [background-preinit] DEBUG o.h.validator.internal.engine.ValidatorFactoryImpl - HV000234: Using org.hibernate.validator.internal.engine.resolver.TraverseAllTraversableResolver as ValidatorFactory-scoped traversable resolver.
2020-04-01 21:02:59.146 [background-preinit] DEBUG o.h.validator.internal.engine.ValidatorFactoryImpl - HV000234: Using org.hibernate.validator.internal.util.ExecutableParameterNameProvider as ValidatorFactory-scoped parameter name provider.
2020-04-01 21:02:59.146 [background-preinit] DEBUG o.h.validator.internal.engine.ValidatorFactoryImpl - HV000234: Using org.hibernate.validator.internal.engine.DefaultClockProvider as ValidatorFactory-scoped clock provider.
2020-04-01 21:02:59.146 [background-preinit] DEBUG o.h.validator.internal.engine.ValidatorFactoryImpl - HV000234: Using org.hibernate.validator.internal.engine.scripting.DefaultScriptEvaluatorFactory as ValidatorFactory-scoped script evaluator factory.
2020-04-01 21:02:59.246 [restartedMain] INFO  com.sz.gym.GymApplication - Starting GymApplication on DESKTOP-R9H54P2 with PID 9468 (D:\Git\MrshenS\graduationProject\gym\target\classes started by 10518 in D:\Git\MrshenS\graduationProject\gym)
2020-04-01 21:02:59.247 [restartedMain] DEBUG com.sz.gym.GymApplication - Running with Spring Boot v2.2.2.RELEASE, Spring v5.2.2.RELEASE
2020-04-01 21:02:59.247 [restartedMain] INFO  com.sz.gym.GymApplication - No active profile set, falling back to default profiles: default
2020-04-01 21:02:59.857 [restartedMain] WARN  o.s.b.w.s.c.AnnotationConfigServletWebServerApplicationContext - Exception encountered during context initialization - cancelling refresh attempt: org.springframework.beans.factory.support.BeanDefinitionOverrideException: Invalid bean definition with name 'serverEndpointExporter' defined in com.sz.gym.GymApplication: Cannot register bean definition [Root bean: class [null]; scope=; abstract=false; lazyInit=null; autowireMode=3; dependencyCheck=0; autowireCandidate=true; primary=false; factoryBeanName=gymApplication; factoryMethodName=serverEndpointExporter; initMethodName=null; destroyMethodName=(inferred); defined in com.sz.gym.GymApplication] for bean 'serverEndpointExporter': There is already [Root bean: class [null]; scope=; abstract=false; lazyInit=null; autowireMode=3; dependencyCheck=0; autowireCandidate=true; primary=false; factoryBeanName=webSocketConfig; factoryMethodName=serverEndpointExporter; initMethodName=null; destroyMethodName=(inferred); defined in class path resource [com/sz/gym/config/WebSocketConfig.class]] bound.
2020-04-01 21:02:59.867 [restartedMain] ERROR o.s.b.diagnostics.LoggingFailureAnalysisReporter - 

***************************
APPLICATION FAILED TO START
***************************

Description:

The bean 'serverEndpointExporter', defined in com.sz.gym.GymApplication, could not be registered. A bean with that name has already been defined in class path resource [com/sz/gym/config/WebSocketConfig.class] and overriding is disabled.

Action:

Consider renaming one of the beans or enabling overriding by setting spring.main.allow-bean-definition-overriding=true

2020-04-01 21:03:50.143 [restartedMain] INFO  com.sz.gym.GymApplication - Starting GymApplication on DESKTOP-R9H54P2 with PID 140 (D:\Git\MrshenS\graduationProject\gym\target\classes started by 10518 in D:\Git\MrshenS\graduationProject\gym)
2020-04-01 21:03:50.146 [restartedMain] DEBUG com.sz.gym.GymApplication - Running with Spring Boot v2.2.2.RELEASE, Spring v5.2.2.RELEASE
2020-04-01 21:03:50.146 [restartedMain] INFO  com.sz.gym.GymApplication - No active profile set, falling back to default profiles: default
2020-04-01 21:03:51.199 [restartedMain] DEBUG org.apache.ibatis.logging.LogFactory - Logging initialized using 'class org.apache.ibatis.logging.slf4j.Slf4jImpl' adapter.
2020-04-01 21:03:52.106 [restartedMain] INFO  org.apache.coyote.http11.Http11NioProtocol - Initializing ProtocolHandler ["http-nio-8099"]
2020-04-01 21:03:52.106 [restartedMain] INFO  org.apache.catalina.core.StandardService - Starting service [Tomcat]
2020-04-01 21:03:52.107 [restartedMain] INFO  org.apache.catalina.core.StandardEngine - Starting Servlet engine: [Apache Tomcat/9.0.29]
2020-04-01 21:03:52.216 [restartedMain] INFO  o.a.c.core.ContainerBase.[Tomcat].[localhost].[/] - Initializing Spring embedded WebApplicationContext
2020-04-01 21:03:52.987 [restartedMain] DEBUG o.h.v.i.engine.resolver.TraversableResolvers - Cannot find javax.persistence.Persistence on classpath. Assuming non JPA 2 environment. All properties will per default be traversable.
2020-04-01 21:03:52.987 [restartedMain] DEBUG o.h.v.m.ResourceBundleMessageInterpolator - Loaded expression factory via original TCCL
2020-04-01 21:03:52.989 [restartedMain] DEBUG o.h.v.i.engine.resolver.TraversableResolvers - Cannot find javax.persistence.Persistence on classpath. Assuming non JPA 2 environment. All properties will per default be traversable.
2020-04-01 21:03:52.990 [restartedMain] DEBUG o.h.validator.internal.engine.ConfigurationImpl - Setting custom MessageInterpolator of type org.springframework.validation.beanvalidation.LocaleContextMessageInterpolator
2020-04-01 21:03:52.990 [restartedMain] DEBUG o.h.validator.internal.engine.ConfigurationImpl - Setting custom ConstraintValidatorFactory of type org.springframework.validation.beanvalidation.SpringConstraintValidatorFactory
2020-04-01 21:03:52.991 [restartedMain] DEBUG o.h.validator.internal.engine.ConfigurationImpl - Setting custom ParameterNameProvider of type org.springframework.validation.beanvalidation.LocalValidatorFactoryBean$1
2020-04-01 21:03:52.991 [restartedMain] DEBUG o.h.v.internal.xml.config.ValidationXmlParser - Trying to load META-INF/validation.xml for XML based Validator configuration.
2020-04-01 21:03:52.992 [restartedMain] DEBUG o.h.v.internal.xml.config.ResourceLoaderHelper - Trying to load META-INF/validation.xml via user class loader
2020-04-01 21:03:52.992 [restartedMain] DEBUG o.h.v.internal.xml.config.ResourceLoaderHelper - Trying to load META-INF/validation.xml via TCCL
2020-04-01 21:03:52.992 [restartedMain] DEBUG o.h.v.internal.xml.config.ResourceLoaderHelper - Trying to load META-INF/validation.xml via Hibernate Validator's class loader
2020-04-01 21:03:52.992 [restartedMain] DEBUG o.h.v.internal.xml.config.ValidationXmlParser - No META-INF/validation.xml found. Using annotation based configuration only.
2020-04-01 21:03:52.995 [restartedMain] DEBUG o.h.validator.internal.engine.ValidatorFactoryImpl - HV000234: Using org.springframework.validation.beanvalidation.LocaleContextMessageInterpolator as ValidatorFactory-scoped message interpolator.
2020-04-01 21:03:52.995 [restartedMain] DEBUG o.h.validator.internal.engine.ValidatorFactoryImpl - HV000234: Using org.hibernate.validator.internal.engine.resolver.TraverseAllTraversableResolver as ValidatorFactory-scoped traversable resolver.
2020-04-01 21:03:52.995 [restartedMain] DEBUG o.h.validator.internal.engine.ValidatorFactoryImpl - HV000234: Using org.hibernate.validator.internal.util.ExecutableParameterNameProvider as ValidatorFactory-scoped parameter name provider.
2020-04-01 21:03:52.995 [restartedMain] DEBUG o.h.validator.internal.engine.ValidatorFactoryImpl - HV000234: Using org.hibernate.validator.internal.engine.DefaultClockProvider as ValidatorFactory-scoped clock provider.
2020-04-01 21:03:52.995 [restartedMain] DEBUG o.h.validator.internal.engine.ValidatorFactoryImpl - HV000234: Using org.hibernate.validator.internal.engine.scripting.DefaultScriptEvaluatorFactory as ValidatorFactory-scoped script evaluator factory.
2020-04-01 21:03:53.309 [restartedMain] WARN  o.s.b.a.t.ThymeleafAutoConfiguration$DefaultTemplateResolverConfiguration - Cannot find template location: classpath:/templates/ (please add some templates or check your Thymeleaf configuration)
2020-04-01 21:03:53.721 [restartedMain] WARN  o.s.b.s.r.RedisStarterDeprecationWarningAutoConfiguration - spring-boot-starter-redis is deprecated as of Spring Boot 1.4, please migrate to spring-boot-starter-data-redis
2020-04-01 21:03:53.766 [restartedMain] INFO  org.apache.coyote.http11.Http11NioProtocol - Starting ProtocolHandler ["http-nio-8099"]
2020-04-01 21:03:53.792 [restartedMain] INFO  com.sz.gym.GymApplication - Started GymApplication in 4.151 seconds (JVM running for 5.367)
2020-04-01 21:03:53.793 [restartedMain] INFO  com.sz.gym.listener.StartedListener - 本项目spring容器共管理280个类
2020-04-01 21:03:53.793 [restartedMain] INFO  com.sz.gym.listener.StartedListener - welcome to 世界五百强健身房管理系统  颤抖凡人
2020-04-01 21:03:53.793 [restartedMain] INFO  com.sz.gym.listener.StartedListener - GYM World started at         http://192.168.99.1:8099
2020-04-01 21:03:53.793 [restartedMain] INFO  com.sz.gym.listener.StartedListener - 启动时间为：Wed Apr 01 21:03:53 CST 2020
2020-04-01 21:24:42.200 [background-preinit] DEBUG o.h.validator.internal.engine.ValidatorFactoryImpl - HV000234: Using org.hibernate.validator.messageinterpolation.ResourceBundleMessageInterpolator as ValidatorFactory-scoped message interpolator.
2020-04-01 21:24:42.210 [background-preinit] DEBUG o.h.validator.internal.engine.ValidatorFactoryImpl - HV000234: Using org.hibernate.validator.internal.engine.resolver.TraverseAllTraversableResolver as ValidatorFactory-scoped traversable resolver.
2020-04-01 21:24:42.210 [background-preinit] DEBUG o.h.validator.internal.engine.ValidatorFactoryImpl - HV000234: Using org.hibernate.validator.internal.util.ExecutableParameterNameProvider as ValidatorFactory-scoped parameter name provider.
2020-04-01 21:24:42.210 [background-preinit] DEBUG o.h.validator.internal.engine.ValidatorFactoryImpl - HV000234: Using org.hibernate.validator.internal.engine.DefaultClockProvider as ValidatorFactory-scoped clock provider.
2020-04-01 21:24:42.211 [background-preinit] DEBUG o.h.validator.internal.engine.ValidatorFactoryImpl - HV000234: Using org.hibernate.validator.internal.engine.scripting.DefaultScriptEvaluatorFactory as ValidatorFactory-scoped script evaluator factory.
2020-04-01 21:24:42.461 [restartedMain] INFO  com.sz.gym.GymApplication - Starting GymApplication on DESKTOP-R9H54P2 with PID 12504 (D:\Git\MrshenS\graduationProject\gym\target\classes started by 10518 in D:\Git\MrshenS\graduationProject\gym)
2020-04-01 21:24:42.462 [restartedMain] DEBUG com.sz.gym.GymApplication - Running with Spring Boot v2.2.2.RELEASE, Spring v5.2.2.RELEASE
2020-04-01 21:24:42.463 [restartedMain] INFO  com.sz.gym.GymApplication - No active profile set, falling back to default profiles: default
2020-04-01 21:24:44.563 [restartedMain] DEBUG org.apache.ibatis.logging.LogFactory - Logging initialized using 'class org.apache.ibatis.logging.slf4j.Slf4jImpl' adapter.
2020-04-01 21:24:46.068 [restartedMain] INFO  org.apache.coyote.http11.Http11NioProtocol - Initializing ProtocolHandler ["http-nio-8099"]
2020-04-01 21:24:46.070 [restartedMain] INFO  org.apache.catalina.core.StandardService - Starting service [Tomcat]
2020-04-01 21:24:46.070 [restartedMain] INFO  org.apache.catalina.core.StandardEngine - Starting Servlet engine: [Apache Tomcat/9.0.29]
2020-04-01 21:24:46.199 [restartedMain] INFO  o.a.c.core.ContainerBase.[Tomcat].[localhost].[/] - Initializing Spring embedded WebApplicationContext
2020-04-01 21:24:47.879 [restartedMain] DEBUG o.h.v.i.engine.resolver.TraversableResolvers - Cannot find javax.persistence.Persistence on classpath. Assuming non JPA 2 environment. All properties will per default be traversable.
2020-04-01 21:24:47.879 [restartedMain] DEBUG o.h.v.m.ResourceBundleMessageInterpolator - Loaded expression factory via original TCCL
2020-04-01 21:24:47.879 [restartedMain] DEBUG o.h.v.i.engine.resolver.TraversableResolvers - Cannot find javax.persistence.Persistence on classpath. Assuming non JPA 2 environment. All properties will per default be traversable.
2020-04-01 21:24:47.879 [restartedMain] DEBUG o.h.validator.internal.engine.ConfigurationImpl - Setting custom MessageInterpolator of type org.springframework.validation.beanvalidation.LocaleContextMessageInterpolator
2020-04-01 21:24:47.879 [restartedMain] DEBUG o.h.validator.internal.engine.ConfigurationImpl - Setting custom ConstraintValidatorFactory of type org.springframework.validation.beanvalidation.SpringConstraintValidatorFactory
2020-04-01 21:24:47.879 [restartedMain] DEBUG o.h.validator.internal.engine.ConfigurationImpl - Setting custom ParameterNameProvider of type org.springframework.validation.beanvalidation.LocalValidatorFactoryBean$1
2020-04-01 21:24:47.890 [restartedMain] DEBUG o.h.v.internal.xml.config.ValidationXmlParser - Trying to load META-INF/validation.xml for XML based Validator configuration.
2020-04-01 21:24:47.891 [restartedMain] DEBUG o.h.v.internal.xml.config.ResourceLoaderHelper - Trying to load META-INF/validation.xml via user class loader
2020-04-01 21:24:47.891 [restartedMain] DEBUG o.h.v.internal.xml.config.ResourceLoaderHelper - Trying to load META-INF/validation.xml via TCCL
2020-04-01 21:24:47.892 [restartedMain] DEBUG o.h.v.internal.xml.config.ResourceLoaderHelper - Trying to load META-INF/validation.xml via Hibernate Validator's class loader
2020-04-01 21:24:47.892 [restartedMain] DEBUG o.h.v.internal.xml.config.ValidationXmlParser - No META-INF/validation.xml found. Using annotation based configuration only.
2020-04-01 21:24:47.902 [restartedMain] DEBUG o.h.validator.internal.engine.ValidatorFactoryImpl - HV000234: Using org.springframework.validation.beanvalidation.LocaleContextMessageInterpolator as ValidatorFactory-scoped message interpolator.
2020-04-01 21:24:47.902 [restartedMain] DEBUG o.h.validator.internal.engine.ValidatorFactoryImpl - HV000234: Using org.hibernate.validator.internal.engine.resolver.TraverseAllTraversableResolver as ValidatorFactory-scoped traversable resolver.
2020-04-01 21:24:47.902 [restartedMain] DEBUG o.h.validator.internal.engine.ValidatorFactoryImpl - HV000234: Using org.hibernate.validator.internal.util.ExecutableParameterNameProvider as ValidatorFactory-scoped parameter name provider.
2020-04-01 21:24:47.903 [restartedMain] DEBUG o.h.validator.internal.engine.ValidatorFactoryImpl - HV000234: Using org.hibernate.validator.internal.engine.DefaultClockProvider as ValidatorFactory-scoped clock provider.
2020-04-01 21:24:47.903 [restartedMain] DEBUG o.h.validator.internal.engine.ValidatorFactoryImpl - HV000234: Using org.hibernate.validator.internal.engine.scripting.DefaultScriptEvaluatorFactory as ValidatorFactory-scoped script evaluator factory.
2020-04-01 21:24:48.864 [restartedMain] WARN  o.s.b.a.t.ThymeleafAutoConfiguration$DefaultTemplateResolverConfiguration - Cannot find template location: classpath:/templates/ (please add some templates or check your Thymeleaf configuration)
2020-04-01 21:24:49.575 [restartedMain] WARN  o.s.b.s.r.RedisStarterDeprecationWarningAutoConfiguration - spring-boot-starter-redis is deprecated as of Spring Boot 1.4, please migrate to spring-boot-starter-data-redis
2020-04-01 21:24:49.642 [restartedMain] INFO  org.apache.coyote.http11.Http11NioProtocol - Starting ProtocolHandler ["http-nio-8099"]
2020-04-01 21:24:49.685 [restartedMain] INFO  com.sz.gym.GymApplication - Started GymApplication in 8.954 seconds (JVM running for 13.664)
2020-04-01 21:24:49.687 [restartedMain] INFO  com.sz.gym.listener.StartedListener - 本项目spring容器共管理280个类
2020-04-01 21:24:49.687 [restartedMain] INFO  com.sz.gym.listener.StartedListener - welcome to 世界五百强健身房管理系统  颤抖凡人
2020-04-01 21:24:49.688 [restartedMain] INFO  com.sz.gym.listener.StartedListener - GYM World started at         http://192.168.99.1:8099
2020-04-01 21:24:49.688 [restartedMain] INFO  com.sz.gym.listener.StartedListener - 启动时间为：Wed Apr 01 21:24:49 CST 2020
2020-04-01 21:25:07.226 [http-nio-8099-exec-3] INFO  o.a.c.core.ContainerBase.[Tomcat].[localhost].[/] - Initializing Spring DispatcherServlet 'dispatcherServlet'
2020-04-01 21:25:07.266 [http-nio-8099-exec-3] DEBUG com.sz.gym.web.Filter.OriginFilter - *******************************************过滤器生效***************************************
2020-04-01 21:25:07.266 [http-nio-8099-exec-4] DEBUG com.sz.gym.web.Filter.OriginFilter - *******************************************过滤器生效***************************************
2020-04-01 21:25:07.266 [http-nio-8099-exec-5] DEBUG com.sz.gym.web.Filter.OriginFilter - *******************************************过滤器生效***************************************
2020-04-01 21:25:07.266 [http-nio-8099-exec-1] DEBUG com.sz.gym.web.Filter.OriginFilter - *******************************************过滤器生效***************************************
2020-04-01 21:25:07.266 [http-nio-8099-exec-2] DEBUG com.sz.gym.web.Filter.OriginFilter - *******************************************过滤器生效***************************************
2020-04-01 21:25:07.296 [http-nio-8099-exec-5] INFO  com.sz.gym.aspect.ControllerAspect - 访问的URL : http://127.0.0.1:8099/api/dashboard/facilitiesRatio
2020-04-01 21:25:07.296 [http-nio-8099-exec-2] INFO  com.sz.gym.aspect.ControllerAspect - 访问的URL : http://127.0.0.1:8099/api/employee
2020-04-01 21:25:07.296 [http-nio-8099-exec-1] INFO  com.sz.gym.aspect.ControllerAspect - 访问的URL : http://127.0.0.1:8099/api/dashboard/GetOptions
2020-04-01 21:25:07.296 [http-nio-8099-exec-4] INFO  com.sz.gym.aspect.ControllerAspect - 访问的URL : http://127.0.0.1:8099/api/dashboard/headerNumber
2020-04-01 21:25:07.296 [http-nio-8099-exec-2] INFO  com.sz.gym.aspect.ControllerAspect - 请求方法 : GET
2020-04-01 21:25:07.296 [http-nio-8099-exec-1] INFO  com.sz.gym.aspect.ControllerAspect - 请求方法 : GET
2020-04-01 21:25:07.296 [http-nio-8099-exec-3] INFO  com.sz.gym.aspect.ControllerAspect - 访问的URL : http://127.0.0.1:8099/api/activity/OfDashboard
2020-04-01 21:25:07.296 [http-nio-8099-exec-5] INFO  com.sz.gym.aspect.ControllerAspect - 请求方法 : GET
2020-04-01 21:25:07.296 [http-nio-8099-exec-4] INFO  com.sz.gym.aspect.ControllerAspect - 请求方法 : GET
2020-04-01 21:25:07.296 [http-nio-8099-exec-3] INFO  com.sz.gym.aspect.ControllerAspect - 请求方法 : GET
2020-04-01 21:25:07.296 [http-nio-8099-exec-2] INFO  com.sz.gym.aspect.ControllerAspect - 请求IP地址 : 127.0.0.1
2020-04-01 21:25:07.296 [http-nio-8099-exec-5] INFO  com.sz.gym.aspect.ControllerAspect - 请求IP地址 : 127.0.0.1
2020-04-01 21:25:07.296 [http-nio-8099-exec-3] INFO  com.sz.gym.aspect.ControllerAspect - 请求IP地址 : 127.0.0.1
2020-04-01 21:25:07.296 [http-nio-8099-exec-1] INFO  com.sz.gym.aspect.ControllerAspect - 请求IP地址 : 127.0.0.1
2020-04-01 21:25:07.296 [http-nio-8099-exec-4] INFO  com.sz.gym.aspect.ControllerAspect - 请求IP地址 : 127.0.0.1
2020-04-01 21:25:07.296 [http-nio-8099-exec-4] INFO  com.sz.gym.aspect.ControllerAspect - 请求参数 : []
2020-04-01 21:25:07.296 [http-nio-8099-exec-2] INFO  com.sz.gym.aspect.ControllerAspect - 请求参数 : []
2020-04-01 21:25:07.296 [http-nio-8099-exec-5] INFO  com.sz.gym.aspect.ControllerAspect - 请求参数 : []
2020-04-01 21:25:07.296 [http-nio-8099-exec-1] INFO  com.sz.gym.aspect.ControllerAspect - 请求参数 : []
2020-04-01 21:25:07.296 [http-nio-8099-exec-3] INFO  com.sz.gym.aspect.ControllerAspect - 请求参数 : []
2020-04-01 21:25:07.296 [http-nio-8099-exec-4] INFO  com.sz.gym.aspect.ControllerAspect - ################CLASS_METHOD : com.sz.gym.web.controller.DashboardController.headerNumber
2020-04-01 21:25:07.296 [http-nio-8099-exec-4] INFO  com.sz.gym.aspect.ControllerAspect - ################TARGET: com.sz.gym.web.controller.DashboardController@fe1a277
2020-04-01 21:25:07.296 [http-nio-8099-exec-3] INFO  com.sz.gym.aspect.ControllerAspect - ################CLASS_METHOD : com.sz.gym.web.controller.ActivityController.getActivityOfDashboard
2020-04-01 21:25:07.296 [http-nio-8099-exec-1] INFO  com.sz.gym.aspect.ControllerAspect - ################CLASS_METHOD : com.sz.gym.web.controller.DashboardController.getDashboardSchartOfOptions
2020-04-01 21:25:07.296 [http-nio-8099-exec-4] WARN  com.sz.gym.aspect.ControllerAspect - ======================请妥善使用SpringAOP功能================
2020-04-01 21:25:07.296 [http-nio-8099-exec-3] INFO  com.sz.gym.aspect.ControllerAspect - ################TARGET: com.sz.gym.web.controller.ActivityController@383a39d8
2020-04-01 21:25:07.296 [http-nio-8099-exec-1] INFO  com.sz.gym.aspect.ControllerAspect - ################TARGET: com.sz.gym.web.controller.DashboardController@fe1a277
2020-04-01 21:25:07.296 [http-nio-8099-exec-3] WARN  com.sz.gym.aspect.ControllerAspect - ======================请妥善使用SpringAOP功能================
2020-04-01 21:25:07.296 [http-nio-8099-exec-1] WARN  com.sz.gym.aspect.ControllerAspect - ======================请妥善使用SpringAOP功能================
2020-04-01 21:25:07.296 [http-nio-8099-exec-4] INFO  com.sz.gym.aspect.ControllerAspect - ################THIS: com.sz.gym.web.controller.DashboardController@fe1a277
2020-04-01 21:25:07.296 [http-nio-8099-exec-5] INFO  com.sz.gym.aspect.ControllerAspect - ################CLASS_METHOD : com.sz.gym.web.controller.DashboardController.getFacilitiesRatios
2020-04-01 21:25:07.296 [http-nio-8099-exec-5] INFO  com.sz.gym.aspect.ControllerAspect - ################TARGET: com.sz.gym.web.controller.DashboardController@fe1a277
2020-04-01 21:25:07.296 [http-nio-8099-exec-5] WARN  com.sz.gym.aspect.ControllerAspect - ======================请妥善使用SpringAOP功能================
2020-04-01 21:25:07.296 [http-nio-8099-exec-5] INFO  com.sz.gym.aspect.ControllerAspect - ################THIS: com.sz.gym.web.controller.DashboardController@fe1a277
2020-04-01 21:25:07.306 [http-nio-8099-exec-3] INFO  com.sz.gym.aspect.ControllerAspect - ################THIS: com.sz.gym.web.controller.ActivityController@383a39d8
2020-04-01 21:25:07.296 [http-nio-8099-exec-2] INFO  com.sz.gym.aspect.ControllerAspect - ################CLASS_METHOD : com.sz.gym.web.controller.EmployeeController.getAllEmployee
2020-04-01 21:25:07.306 [http-nio-8099-exec-2] INFO  com.sz.gym.aspect.ControllerAspect - ################TARGET: com.sz.gym.web.controller.EmployeeController@30a48337
2020-04-01 21:25:07.306 [http-nio-8099-exec-2] WARN  com.sz.gym.aspect.ControllerAspect - ======================请妥善使用SpringAOP功能================
2020-04-01 21:25:07.306 [http-nio-8099-exec-2] INFO  com.sz.gym.aspect.ControllerAspect - ################THIS: com.sz.gym.web.controller.EmployeeController@30a48337
2020-04-01 21:25:07.306 [http-nio-8099-exec-4] INFO  com.sz.gym.web.controller.DashboardController - 接收请求获取首页的员工 器械 和顾客 数量信息
2020-04-01 21:25:07.306 [http-nio-8099-exec-5] INFO  com.sz.gym.web.controller.DashboardController - ====================接收请求获取首页器械比例============================
2020-04-01 21:25:07.306 [http-nio-8099-exec-1] INFO  com.sz.gym.aspect.ControllerAspect - ################THIS: com.sz.gym.web.controller.DashboardController@fe1a277
2020-04-01 21:25:07.316 [http-nio-8099-exec-4] INFO  com.sz.gym.service.impl.DashboardServiceImpl - 获取首页的数量信息
2020-04-01 21:25:08.555 [http-nio-8099-exec-3] DEBUG com.sz.gym.dao.ActivityMapper.selectByExample - ==>  Preparing: select activity_id, activity_name, activity_description, activity_user, activity_residueTime, create_time, update_time, activity_status from activity 
2020-04-01 21:25:08.576 [http-nio-8099-exec-5] INFO  com.sz.gym.service.impl.DashboardServiceImpl - ==================获取首页的数量信息========Service================
2020-04-01 21:25:08.579 [http-nio-8099-exec-5] DEBUG com.sz.gym.dao.FacilitiesMapper.selectByExample - ==>  Preparing: select id, facilities_name, number, create_time, update_time, discription, facilities_Status, price, facilities_type from facilities 
2020-04-01 21:25:08.588 [http-nio-8099-exec-5] DEBUG com.sz.gym.dao.FacilitiesMapper.selectByExample - ==> Parameters: 
2020-04-01 21:25:08.588 [http-nio-8099-exec-3] DEBUG com.sz.gym.dao.ActivityMapper.selectByExample - ==> Parameters: 
2020-04-01 21:25:08.599 [http-nio-8099-exec-2] DEBUG com.sz.gym.dao.EmployeeMapper.selectByExample - ==>  Preparing: select employee_id, employee_name, employee_password, employee_post, CREATE_TIME, update_time, salary, employee_relname, employee_phone, employee_email, employee_address from employee 
2020-04-01 21:25:08.600 [http-nio-8099-exec-2] DEBUG com.sz.gym.dao.EmployeeMapper.selectByExample - ==> Parameters: 
2020-04-01 21:25:08.615 [http-nio-8099-exec-4] DEBUG com.sz.gym.dao.CustomerMapper.selectByExample - ==>  Preparing: select customer_id, customer_name, customer_phone, customer_type, customer_residueTime, create_time, update_time, birthday, customer_address, customer_description from customer 
2020-04-01 21:25:08.616 [http-nio-8099-exec-4] DEBUG com.sz.gym.dao.CustomerMapper.selectByExample - ==> Parameters: 
2020-04-01 21:25:08.640 [http-nio-8099-exec-2] DEBUG com.sz.gym.dao.EmployeeMapper.selectByExample - <==      Total: 4
2020-04-01 21:25:08.640 [http-nio-8099-exec-4] DEBUG com.sz.gym.dao.CustomerMapper.selectByExample - <==      Total: 4
2020-04-01 21:25:08.641 [http-nio-8099-exec-3] DEBUG com.sz.gym.dao.ActivityMapper.selectByExample - <==      Total: 8
2020-04-01 21:25:08.642 [http-nio-8099-exec-5] DEBUG com.sz.gym.dao.FacilitiesMapper.selectByExample - <==      Total: 9
2020-04-01 21:25:08.647 [http-nio-8099-exec-5] DEBUG com.sz.gym.service.impl.DashboardServiceImpl - =======================计算不同的比列==============================
2020-04-01 21:25:08.649 [http-nio-8099-exec-5] DEBUG com.sz.gym.service.impl.DashboardServiceImpl - ==================有氧健身：22
2020-04-01 21:25:08.649 [http-nio-8099-exec-4] DEBUG com.sz.gym.dao.FacilitiesMapper.selectByExample - ==>  Preparing: select id, facilities_name, number, create_time, update_time, discription, facilities_Status, price, facilities_type from facilities 
2020-04-01 21:25:08.649 [http-nio-8099-exec-4] DEBUG com.sz.gym.dao.FacilitiesMapper.selectByExample - ==> Parameters: 
2020-04-01 21:25:08.657 [http-nio-8099-exec-4] DEBUG com.sz.gym.dao.FacilitiesMapper.selectByExample - <==      Total: 9
2020-04-01 21:25:08.658 [http-nio-8099-exec-4] DEBUG com.sz.gym.dao.EmployeeMapper.selectByExample - ==>  Preparing: select employee_id, employee_name, employee_password, employee_post, CREATE_TIME, update_time, salary, employee_relname, employee_phone, employee_email, employee_address from employee 
2020-04-01 21:25:08.659 [http-nio-8099-exec-4] DEBUG com.sz.gym.dao.EmployeeMapper.selectByExample - ==> Parameters: 
2020-04-01 21:25:08.662 [http-nio-8099-exec-4] DEBUG com.sz.gym.dao.EmployeeMapper.selectByExample - <==      Total: 4
2020-04-01 21:25:08.668 [http-nio-8099-exec-1] DEBUG com.sz.gym.dao.FinanceMapper.selectByExample - ==>  Preparing: select finance_id, finance_name, finance_description, finance_type, create_time, money, finance_reclassify from finance WHERE ( create_time between ? and ? ) 
2020-04-01 21:25:08.671 [http-nio-8099-exec-1] DEBUG com.sz.gym.dao.FinanceMapper.selectByExample - ==> Parameters: 2020-03-29 21:25:08.0(Timestamp), 2020-04-01 21:25:08.637(Timestamp)
2020-04-01 21:25:08.680 [http-nio-8099-exec-1] DEBUG com.sz.gym.dao.FinanceMapper.selectByExample - <==      Total: 0
2020-04-01 21:30:27.860 [http-nio-8099-exec-7] DEBUG com.sz.gym.web.Filter.OriginFilter - *******************************************过滤器生效***************************************
2020-04-01 21:30:27.862 [http-nio-8099-exec-7] INFO  com.sz.gym.aspect.ControllerAspect - 访问的URL : http://127.0.0.1:8099/api/employeeShow
2020-04-01 21:30:27.862 [http-nio-8099-exec-7] INFO  com.sz.gym.aspect.ControllerAspect - 请求方法 : GET
2020-04-01 21:30:27.862 [http-nio-8099-exec-7] INFO  com.sz.gym.aspect.ControllerAspect - 请求IP地址 : 127.0.0.1
2020-04-01 21:30:27.862 [http-nio-8099-exec-7] INFO  com.sz.gym.aspect.ControllerAspect - 请求参数 : []
2020-04-01 21:30:27.862 [http-nio-8099-exec-7] INFO  com.sz.gym.aspect.ControllerAspect - ################CLASS_METHOD : com.sz.gym.web.controller.EmployeeController.getEmployeeShow
2020-04-01 21:30:27.862 [http-nio-8099-exec-7] INFO  com.sz.gym.aspect.ControllerAspect - ################TARGET: com.sz.gym.web.controller.EmployeeController@30a48337
2020-04-01 21:30:27.862 [http-nio-8099-exec-7] WARN  com.sz.gym.aspect.ControllerAspect - ======================请妥善使用SpringAOP功能================
2020-04-01 21:30:27.862 [http-nio-8099-exec-7] INFO  com.sz.gym.aspect.ControllerAspect - ################THIS: com.sz.gym.web.controller.EmployeeController@30a48337
2020-04-01 21:30:27.865 [http-nio-8099-exec-7] DEBUG com.sz.gym.dao.EmployeeMapper.selectByExample - ==>  Preparing: select employee_id, employee_name, employee_password, employee_post, CREATE_TIME, update_time, salary, employee_relname, employee_phone, employee_email, employee_address from employee 
2020-04-01 21:30:27.866 [http-nio-8099-exec-7] DEBUG com.sz.gym.dao.EmployeeMapper.selectByExample - ==> Parameters: 
2020-04-01 21:30:27.868 [http-nio-8099-exec-7] DEBUG com.sz.gym.dao.EmployeeMapper.selectByExample - <==      Total: 4
2020-04-01 21:53:49.511 [restartedMain] INFO  com.sz.gym.GymApplication - Starting GymApplication on DESKTOP-R9H54P2 with PID 12504 (D:\Git\MrshenS\graduationProject\gym\target\classes started by 10518 in D:\Git\MrshenS\graduationProject\gym)
2020-04-01 21:53:49.511 [restartedMain] DEBUG com.sz.gym.GymApplication - Running with Spring Boot v2.2.2.RELEASE, Spring v5.2.2.RELEASE
2020-04-01 21:53:49.511 [restartedMain] INFO  com.sz.gym.GymApplication - No active profile set, falling back to default profiles: default
2020-04-01 21:53:50.138 [restartedMain] WARN  org.apache.tomcat.util.modeler.Registry - The MBean registry cannot be disabled because it has already been initialised
2020-04-01 21:53:50.188 [restartedMain] INFO  org.apache.coyote.http11.Http11NioProtocol - Initializing ProtocolHandler ["http-nio-8099"]
2020-04-01 21:53:50.188 [restartedMain] INFO  org.apache.catalina.core.StandardService - Starting service [Tomcat]
2020-04-01 21:53:50.188 [restartedMain] INFO  org.apache.catalina.core.StandardEngine - Starting Servlet engine: [Apache Tomcat/9.0.29]
2020-04-01 21:53:50.208 [restartedMain] INFO  o.a.c.core.ContainerBase.[Tomcat].[localhost].[/] - Initializing Spring embedded WebApplicationContext
2020-04-01 21:53:50.600 [restartedMain] DEBUG o.h.v.i.engine.resolver.TraversableResolvers - Cannot find javax.persistence.Persistence on classpath. Assuming non JPA 2 environment. All properties will per default be traversable.
2020-04-01 21:53:50.600 [restartedMain] DEBUG o.h.v.m.ResourceBundleMessageInterpolator - Loaded expression factory via original TCCL
2020-04-01 21:53:50.600 [restartedMain] DEBUG o.h.v.i.engine.resolver.TraversableResolvers - Cannot find javax.persistence.Persistence on classpath. Assuming non JPA 2 environment. All properties will per default be traversable.
2020-04-01 21:53:50.600 [restartedMain] DEBUG o.h.validator.internal.engine.ConfigurationImpl - Setting custom MessageInterpolator of type org.springframework.validation.beanvalidation.LocaleContextMessageInterpolator
2020-04-01 21:53:50.600 [restartedMain] DEBUG o.h.validator.internal.engine.ConfigurationImpl - Setting custom ConstraintValidatorFactory of type org.springframework.validation.beanvalidation.SpringConstraintValidatorFactory
2020-04-01 21:53:50.600 [restartedMain] DEBUG o.h.validator.internal.engine.ConfigurationImpl - Setting custom ParameterNameProvider of type org.springframework.validation.beanvalidation.LocalValidatorFactoryBean$1
2020-04-01 21:53:50.600 [restartedMain] DEBUG o.h.v.internal.xml.config.ValidationXmlParser - Trying to load META-INF/validation.xml for XML based Validator configuration.
2020-04-01 21:53:50.600 [restartedMain] DEBUG o.h.v.internal.xml.config.ResourceLoaderHelper - Trying to load META-INF/validation.xml via user class loader
2020-04-01 21:53:50.600 [restartedMain] DEBUG o.h.v.internal.xml.config.ResourceLoaderHelper - Trying to load META-INF/validation.xml via TCCL
2020-04-01 21:53:50.600 [restartedMain] DEBUG o.h.v.internal.xml.config.ResourceLoaderHelper - Trying to load META-INF/validation.xml via Hibernate Validator's class loader
2020-04-01 21:53:50.600 [restartedMain] DEBUG o.h.v.internal.xml.config.ValidationXmlParser - No META-INF/validation.xml found. Using annotation based configuration only.
2020-04-01 21:53:50.600 [restartedMain] DEBUG o.h.validator.internal.engine.ValidatorFactoryImpl - HV000234: Using org.springframework.validation.beanvalidation.LocaleContextMessageInterpolator as ValidatorFactory-scoped message interpolator.
2020-04-01 21:53:50.600 [restartedMain] DEBUG o.h.validator.internal.engine.ValidatorFactoryImpl - HV000234: Using org.hibernate.validator.internal.engine.resolver.TraverseAllTraversableResolver as ValidatorFactory-scoped traversable resolver.
2020-04-01 21:53:50.600 [restartedMain] DEBUG o.h.validator.internal.engine.ValidatorFactoryImpl - HV000234: Using org.hibernate.validator.internal.util.ExecutableParameterNameProvider as ValidatorFactory-scoped parameter name provider.
2020-04-01 21:53:50.610 [restartedMain] DEBUG o.h.validator.internal.engine.ValidatorFactoryImpl - HV000234: Using org.hibernate.validator.internal.engine.DefaultClockProvider as ValidatorFactory-scoped clock provider.
2020-04-01 21:53:50.610 [restartedMain] DEBUG o.h.validator.internal.engine.ValidatorFactoryImpl - HV000234: Using org.hibernate.validator.internal.engine.scripting.DefaultScriptEvaluatorFactory as ValidatorFactory-scoped script evaluator factory.
2020-04-01 21:53:50.870 [restartedMain] WARN  o.s.b.a.t.ThymeleafAutoConfiguration$DefaultTemplateResolverConfiguration - Cannot find template location: classpath:/templates/ (please add some templates or check your Thymeleaf configuration)
2020-04-01 21:53:51.135 [restartedMain] WARN  o.s.b.s.r.RedisStarterDeprecationWarningAutoConfiguration - spring-boot-starter-redis is deprecated as of Spring Boot 1.4, please migrate to spring-boot-starter-data-redis
2020-04-01 21:53:51.155 [restartedMain] INFO  org.apache.coyote.http11.Http11NioProtocol - Starting ProtocolHandler ["http-nio-8099"]
2020-04-01 21:53:51.165 [restartedMain] INFO  com.sz.gym.GymApplication - Started GymApplication in 1.69 seconds (JVM running for 1755.144)
2020-04-01 21:53:51.165 [restartedMain] INFO  com.sz.gym.listener.StartedListener - 本项目spring容器共管理283个类
2020-04-01 21:53:51.165 [restartedMain] INFO  com.sz.gym.listener.StartedListener - welcome to 世界五百强健身房管理系统  颤抖凡人
2020-04-01 21:53:51.165 [restartedMain] INFO  com.sz.gym.listener.StartedListener - GYM World started at         http://192.168.99.1:8099
2020-04-01 21:53:51.165 [restartedMain] INFO  com.sz.gym.listener.StartedListener - 启动时间为：Wed Apr 01 21:53:51 CST 2020
2020-04-01 21:56:20.167 [restartedMain] INFO  com.sz.gym.GymApplication - Starting GymApplication on DESKTOP-R9H54P2 with PID 12504 (D:\Git\MrshenS\graduationProject\gym\target\classes started by 10518 in D:\Git\MrshenS\graduationProject\gym)
2020-04-01 21:56:20.167 [restartedMain] DEBUG com.sz.gym.GymApplication - Running with Spring Boot v2.2.2.RELEASE, Spring v5.2.2.RELEASE
2020-04-01 21:56:20.167 [restartedMain] INFO  com.sz.gym.GymApplication - No active profile set, falling back to default profiles: default
2020-04-01 21:56:20.497 [restartedMain] WARN  org.apache.tomcat.util.modeler.Registry - The MBean registry cannot be disabled because it has already been initialised
2020-04-01 21:56:20.523 [restartedMain] INFO  org.apache.coyote.http11.Http11NioProtocol - Initializing ProtocolHandler ["http-nio-8099"]
2020-04-01 21:56:20.523 [restartedMain] INFO  org.apache.catalina.core.StandardService - Starting service [Tomcat]
2020-04-01 21:56:20.523 [restartedMain] INFO  org.apache.catalina.core.StandardEngine - Starting Servlet engine: [Apache Tomcat/9.0.29]
2020-04-01 21:56:20.532 [restartedMain] INFO  o.a.c.core.ContainerBase.[Tomcat].[localhost].[/] - Initializing Spring embedded WebApplicationContext
2020-04-01 21:56:20.931 [restartedMain] DEBUG o.h.v.i.engine.resolver.TraversableResolvers - Cannot find javax.persistence.Persistence on classpath. Assuming non JPA 2 environment. All properties will per default be traversable.
2020-04-01 21:56:20.931 [restartedMain] DEBUG o.h.v.m.ResourceBundleMessageInterpolator - Loaded expression factory via original TCCL
2020-04-01 21:56:20.932 [restartedMain] DEBUG o.h.v.i.engine.resolver.TraversableResolvers - Cannot find javax.persistence.Persistence on classpath. Assuming non JPA 2 environment. All properties will per default be traversable.
2020-04-01 21:56:20.932 [restartedMain] DEBUG o.h.validator.internal.engine.ConfigurationImpl - Setting custom MessageInterpolator of type org.springframework.validation.beanvalidation.LocaleContextMessageInterpolator
2020-04-01 21:56:20.932 [restartedMain] DEBUG o.h.validator.internal.engine.ConfigurationImpl - Setting custom ConstraintValidatorFactory of type org.springframework.validation.beanvalidation.SpringConstraintValidatorFactory
2020-04-01 21:56:20.932 [restartedMain] DEBUG o.h.validator.internal.engine.ConfigurationImpl - Setting custom ParameterNameProvider of type org.springframework.validation.beanvalidation.LocalValidatorFactoryBean$1
2020-04-01 21:56:20.933 [restartedMain] DEBUG o.h.v.internal.xml.config.ValidationXmlParser - Trying to load META-INF/validation.xml for XML based Validator configuration.
2020-04-01 21:56:20.933 [restartedMain] DEBUG o.h.v.internal.xml.config.ResourceLoaderHelper - Trying to load META-INF/validation.xml via user class loader
2020-04-01 21:56:20.933 [restartedMain] DEBUG o.h.v.internal.xml.config.ResourceLoaderHelper - Trying to load META-INF/validation.xml via TCCL
2020-04-01 21:56:20.933 [restartedMain] DEBUG o.h.v.internal.xml.config.ResourceLoaderHelper - Trying to load META-INF/validation.xml via Hibernate Validator's class loader
2020-04-01 21:56:20.933 [restartedMain] DEBUG o.h.v.internal.xml.config.ValidationXmlParser - No META-INF/validation.xml found. Using annotation based configuration only.
2020-04-01 21:56:20.936 [restartedMain] DEBUG o.h.validator.internal.engine.ValidatorFactoryImpl - HV000234: Using org.springframework.validation.beanvalidation.LocaleContextMessageInterpolator as ValidatorFactory-scoped message interpolator.
2020-04-01 21:56:20.936 [restartedMain] DEBUG o.h.validator.internal.engine.ValidatorFactoryImpl - HV000234: Using org.hibernate.validator.internal.engine.resolver.TraverseAllTraversableResolver as ValidatorFactory-scoped traversable resolver.
2020-04-01 21:56:20.936 [restartedMain] DEBUG o.h.validator.internal.engine.ValidatorFactoryImpl - HV000234: Using org.hibernate.validator.internal.util.ExecutableParameterNameProvider as ValidatorFactory-scoped parameter name provider.
2020-04-01 21:56:20.936 [restartedMain] DEBUG o.h.validator.internal.engine.ValidatorFactoryImpl - HV000234: Using org.hibernate.validator.internal.engine.DefaultClockProvider as ValidatorFactory-scoped clock provider.
2020-04-01 21:56:20.936 [restartedMain] DEBUG o.h.validator.internal.engine.ValidatorFactoryImpl - HV000234: Using org.hibernate.validator.internal.engine.scripting.DefaultScriptEvaluatorFactory as ValidatorFactory-scoped script evaluator factory.
2020-04-01 21:56:21.244 [restartedMain] WARN  o.s.b.a.t.ThymeleafAutoConfiguration$DefaultTemplateResolverConfiguration - Cannot find template location: classpath:/templates/ (please add some templates or check your Thymeleaf configuration)
2020-04-01 21:56:21.516 [restartedMain] WARN  o.s.b.s.r.RedisStarterDeprecationWarningAutoConfiguration - spring-boot-starter-redis is deprecated as of Spring Boot 1.4, please migrate to spring-boot-starter-data-redis
2020-04-01 21:56:21.536 [restartedMain] INFO  org.apache.coyote.http11.Http11NioProtocol - Starting ProtocolHandler ["http-nio-8099"]
2020-04-01 21:56:21.556 [restartedMain] INFO  com.sz.gym.GymApplication - Started GymApplication in 1.412 seconds (JVM running for 1905.536)
2020-04-01 21:56:21.556 [restartedMain] INFO  com.sz.gym.listener.StartedListener - 本项目spring容器共管理283个类
2020-04-01 21:56:21.556 [restartedMain] INFO  com.sz.gym.listener.StartedListener - welcome to 世界五百强健身房管理系统  颤抖凡人
2020-04-01 21:56:21.556 [restartedMain] INFO  com.sz.gym.listener.StartedListener - GYM World started at         http://192.168.99.1:8099
2020-04-01 21:56:21.556 [restartedMain] INFO  com.sz.gym.listener.StartedListener - 启动时间为：Wed Apr 01 21:56:21 CST 2020
2020-04-01 21:56:31.742 [restartedMain] INFO  com.sz.gym.GymApplication - Starting GymApplication on DESKTOP-R9H54P2 with PID 12504 (D:\Git\MrshenS\graduationProject\gym\target\classes started by 10518 in D:\Git\MrshenS\graduationProject\gym)
2020-04-01 21:56:31.742 [restartedMain] DEBUG com.sz.gym.GymApplication - Running with Spring Boot v2.2.2.RELEASE, Spring v5.2.2.RELEASE
2020-04-01 21:56:31.742 [restartedMain] INFO  com.sz.gym.GymApplication - No active profile set, falling back to default profiles: default
2020-04-01 21:56:32.068 [restartedMain] WARN  org.apache.tomcat.util.modeler.Registry - The MBean registry cannot be disabled because it has already been initialised
2020-04-01 21:56:32.128 [restartedMain] INFO  org.apache.coyote.http11.Http11NioProtocol - Initializing ProtocolHandler ["http-nio-8099"]
2020-04-01 21:56:32.128 [restartedMain] INFO  org.apache.catalina.core.StandardService - Starting service [Tomcat]
2020-04-01 21:56:32.128 [restartedMain] INFO  org.apache.catalina.core.StandardEngine - Starting Servlet engine: [Apache Tomcat/9.0.29]
2020-04-01 21:56:32.148 [restartedMain] INFO  o.a.c.core.ContainerBase.[Tomcat].[localhost].[/] - Initializing Spring embedded WebApplicationContext
2020-04-01 21:56:32.406 [restartedMain] DEBUG o.h.v.i.engine.resolver.TraversableResolvers - Cannot find javax.persistence.Persistence on classpath. Assuming non JPA 2 environment. All properties will per default be traversable.
2020-04-01 21:56:32.406 [restartedMain] DEBUG o.h.v.m.ResourceBundleMessageInterpolator - Loaded expression factory via original TCCL
2020-04-01 21:56:32.406 [restartedMain] DEBUG o.h.v.i.engine.resolver.TraversableResolvers - Cannot find javax.persistence.Persistence on classpath. Assuming non JPA 2 environment. All properties will per default be traversable.
2020-04-01 21:56:32.406 [restartedMain] DEBUG o.h.validator.internal.engine.ConfigurationImpl - Setting custom MessageInterpolator of type org.springframework.validation.beanvalidation.LocaleContextMessageInterpolator
2020-04-01 21:56:32.406 [restartedMain] DEBUG o.h.validator.internal.engine.ConfigurationImpl - Setting custom ConstraintValidatorFactory of type org.springframework.validation.beanvalidation.SpringConstraintValidatorFactory
2020-04-01 21:56:32.406 [restartedMain] DEBUG o.h.validator.internal.engine.ConfigurationImpl - Setting custom ParameterNameProvider of type org.springframework.validation.beanvalidation.LocalValidatorFactoryBean$1
2020-04-01 21:56:32.406 [restartedMain] DEBUG o.h.v.internal.xml.config.ValidationXmlParser - Trying to load META-INF/validation.xml for XML based Validator configuration.
2020-04-01 21:56:32.406 [restartedMain] DEBUG o.h.v.internal.xml.config.ResourceLoaderHelper - Trying to load META-INF/validation.xml via user class loader
2020-04-01 21:56:32.406 [restartedMain] DEBUG o.h.v.internal.xml.config.ResourceLoaderHelper - Trying to load META-INF/validation.xml via TCCL
2020-04-01 21:56:32.406 [restartedMain] DEBUG o.h.v.internal.xml.config.ResourceLoaderHelper - Trying to load META-INF/validation.xml via Hibernate Validator's class loader
2020-04-01 21:56:32.406 [restartedMain] DEBUG o.h.v.internal.xml.config.ValidationXmlParser - No META-INF/validation.xml found. Using annotation based configuration only.
2020-04-01 21:56:32.406 [restartedMain] DEBUG o.h.validator.internal.engine.ValidatorFactoryImpl - HV000234: Using org.springframework.validation.beanvalidation.LocaleContextMessageInterpolator as ValidatorFactory-scoped message interpolator.
2020-04-01 21:56:32.406 [restartedMain] DEBUG o.h.validator.internal.engine.ValidatorFactoryImpl - HV000234: Using org.hibernate.validator.internal.engine.resolver.TraverseAllTraversableResolver as ValidatorFactory-scoped traversable resolver.
2020-04-01 21:56:32.406 [restartedMain] DEBUG o.h.validator.internal.engine.ValidatorFactoryImpl - HV000234: Using org.hibernate.validator.internal.util.ExecutableParameterNameProvider as ValidatorFactory-scoped parameter name provider.
2020-04-01 21:56:32.406 [restartedMain] DEBUG o.h.validator.internal.engine.ValidatorFactoryImpl - HV000234: Using org.hibernate.validator.internal.engine.DefaultClockProvider as ValidatorFactory-scoped clock provider.
2020-04-01 21:56:32.406 [restartedMain] DEBUG o.h.validator.internal.engine.ValidatorFactoryImpl - HV000234: Using org.hibernate.validator.internal.engine.scripting.DefaultScriptEvaluatorFactory as ValidatorFactory-scoped script evaluator factory.
2020-04-01 21:56:32.606 [restartedMain] WARN  o.s.b.a.t.ThymeleafAutoConfiguration$DefaultTemplateResolverConfiguration - Cannot find template location: classpath:/templates/ (please add some templates or check your Thymeleaf configuration)
2020-04-01 21:56:32.784 [restartedMain] WARN  o.s.b.s.r.RedisStarterDeprecationWarningAutoConfiguration - spring-boot-starter-redis is deprecated as of Spring Boot 1.4, please migrate to spring-boot-starter-data-redis
2020-04-01 21:56:32.794 [restartedMain] INFO  org.apache.coyote.http11.Http11NioProtocol - Starting ProtocolHandler ["http-nio-8099"]
2020-04-01 21:56:32.794 [restartedMain] INFO  com.sz.gym.GymApplication - Started GymApplication in 1.083 seconds (JVM running for 1916.781)
2020-04-01 21:56:32.794 [restartedMain] INFO  com.sz.gym.listener.StartedListener - 本项目spring容器共管理283个类
2020-04-01 21:56:32.794 [restartedMain] INFO  com.sz.gym.listener.StartedListener - welcome to 世界五百强健身房管理系统  颤抖凡人
2020-04-01 21:56:32.794 [restartedMain] INFO  com.sz.gym.listener.StartedListener - GYM World started at         http://192.168.99.1:8099
2020-04-01 21:56:32.794 [restartedMain] INFO  com.sz.gym.listener.StartedListener - 启动时间为：Wed Apr 01 21:56:32 CST 2020
2020-04-01 21:56:42.930 [restartedMain] INFO  com.sz.gym.GymApplication - Starting GymApplication on DESKTOP-R9H54P2 with PID 12504 (D:\Git\MrshenS\graduationProject\gym\target\classes started by 10518 in D:\Git\MrshenS\graduationProject\gym)
2020-04-01 21:56:42.930 [restartedMain] DEBUG com.sz.gym.GymApplication - Running with Spring Boot v2.2.2.RELEASE, Spring v5.2.2.RELEASE
2020-04-01 21:56:42.930 [restartedMain] INFO  com.sz.gym.GymApplication - No active profile set, falling back to default profiles: default
2020-04-01 21:56:43.290 [restartedMain] WARN  org.apache.tomcat.util.modeler.Registry - The MBean registry cannot be disabled because it has already been initialised
2020-04-01 21:56:43.330 [restartedMain] INFO  org.apache.coyote.http11.Http11NioProtocol - Initializing ProtocolHandler ["http-nio-8099"]
2020-04-01 21:56:43.340 [restartedMain] INFO  org.apache.catalina.core.StandardService - Starting service [Tomcat]
2020-04-01 21:56:43.340 [restartedMain] INFO  org.apache.catalina.core.StandardEngine - Starting Servlet engine: [Apache Tomcat/9.0.29]
2020-04-01 21:56:43.350 [restartedMain] INFO  o.a.c.core.ContainerBase.[Tomcat].[localhost].[/] - Initializing Spring embedded WebApplicationContext
2020-04-01 21:56:43.647 [restartedMain] DEBUG o.h.v.i.engine.resolver.TraversableResolvers - Cannot find javax.persistence.Persistence on classpath. Assuming non JPA 2 environment. All properties will per default be traversable.
2020-04-01 21:56:43.647 [restartedMain] DEBUG o.h.v.m.ResourceBundleMessageInterpolator - Loaded expression factory via original TCCL
2020-04-01 21:56:43.647 [restartedMain] DEBUG o.h.v.i.engine.resolver.TraversableResolvers - Cannot find javax.persistence.Persistence on classpath. Assuming non JPA 2 environment. All properties will per default be traversable.
2020-04-01 21:56:43.647 [restartedMain] DEBUG o.h.validator.internal.engine.ConfigurationImpl - Setting custom MessageInterpolator of type org.springframework.validation.beanvalidation.LocaleContextMessageInterpolator
2020-04-01 21:56:43.647 [restartedMain] DEBUG o.h.validator.internal.engine.ConfigurationImpl - Setting custom ConstraintValidatorFactory of type org.springframework.validation.beanvalidation.SpringConstraintValidatorFactory
2020-04-01 21:56:43.647 [restartedMain] DEBUG o.h.validator.internal.engine.ConfigurationImpl - Setting custom ParameterNameProvider of type org.springframework.validation.beanvalidation.LocalValidatorFactoryBean$1
2020-04-01 21:56:43.647 [restartedMain] DEBUG o.h.v.internal.xml.config.ValidationXmlParser - Trying to load META-INF/validation.xml for XML based Validator configuration.
2020-04-01 21:56:43.647 [restartedMain] DEBUG o.h.v.internal.xml.config.ResourceLoaderHelper - Trying to load META-INF/validation.xml via user class loader
2020-04-01 21:56:43.647 [restartedMain] DEBUG o.h.v.internal.xml.config.ResourceLoaderHelper - Trying to load META-INF/validation.xml via TCCL
2020-04-01 21:56:43.647 [restartedMain] DEBUG o.h.v.internal.xml.config.ResourceLoaderHelper - Trying to load META-INF/validation.xml via Hibernate Validator's class loader
2020-04-01 21:56:43.647 [restartedMain] DEBUG o.h.v.internal.xml.config.ValidationXmlParser - No META-INF/validation.xml found. Using annotation based configuration only.
2020-04-01 21:56:43.667 [restartedMain] DEBUG o.h.validator.internal.engine.ValidatorFactoryImpl - HV000234: Using org.springframework.validation.beanvalidation.LocaleContextMessageInterpolator as ValidatorFactory-scoped message interpolator.
2020-04-01 21:56:43.667 [restartedMain] DEBUG o.h.validator.internal.engine.ValidatorFactoryImpl - HV000234: Using org.hibernate.validator.internal.engine.resolver.TraverseAllTraversableResolver as ValidatorFactory-scoped traversable resolver.
2020-04-01 21:56:43.667 [restartedMain] DEBUG o.h.validator.internal.engine.ValidatorFactoryImpl - HV000234: Using org.hibernate.validator.internal.util.ExecutableParameterNameProvider as ValidatorFactory-scoped parameter name provider.
2020-04-01 21:56:43.667 [restartedMain] DEBUG o.h.validator.internal.engine.ValidatorFactoryImpl - HV000234: Using org.hibernate.validator.internal.engine.DefaultClockProvider as ValidatorFactory-scoped clock provider.
2020-04-01 21:56:43.667 [restartedMain] DEBUG o.h.validator.internal.engine.ValidatorFactoryImpl - HV000234: Using org.hibernate.validator.internal.engine.scripting.DefaultScriptEvaluatorFactory as ValidatorFactory-scoped script evaluator factory.
2020-04-01 21:56:43.957 [restartedMain] WARN  o.s.b.a.t.ThymeleafAutoConfiguration$DefaultTemplateResolverConfiguration - Cannot find template location: classpath:/templates/ (please add some templates or check your Thymeleaf configuration)
2020-04-01 21:56:44.149 [restartedMain] WARN  o.s.b.s.r.RedisStarterDeprecationWarningAutoConfiguration - spring-boot-starter-redis is deprecated as of Spring Boot 1.4, please migrate to spring-boot-starter-data-redis
2020-04-01 21:56:44.159 [restartedMain] INFO  org.apache.coyote.http11.Http11NioProtocol - Starting ProtocolHandler ["http-nio-8099"]
2020-04-01 21:56:44.159 [restartedMain] INFO  com.sz.gym.GymApplication - Started GymApplication in 1.251 seconds (JVM running for 1928.146)
2020-04-01 21:56:44.159 [restartedMain] INFO  com.sz.gym.listener.StartedListener - 本项目spring容器共管理283个类
2020-04-01 21:56:44.159 [restartedMain] INFO  com.sz.gym.listener.StartedListener - welcome to 世界五百强健身房管理系统  颤抖凡人
2020-04-01 21:56:44.159 [restartedMain] INFO  com.sz.gym.listener.StartedListener - GYM World started at         http://192.168.99.1:8099
2020-04-01 21:56:44.159 [restartedMain] INFO  com.sz.gym.listener.StartedListener - 启动时间为：Wed Apr 01 21:56:44 CST 2020
